[2024-12-05T17:25:15.431+0000] {local_task_job_runner.py:120} INFO - ::group::Pre task execution logs
[2024-12-05T17:25:15.460+0000] {taskinstance.py:2076} INFO - Dependencies all met for dep_context=non-requeueable deps ti=<TaskInstance: BuildELT_dbt.dbt_run scheduled__2024-12-04T07:00:00+00:00 [queued]>
[2024-12-05T17:25:15.479+0000] {taskinstance.py:2076} INFO - Dependencies all met for dep_context=requeueable deps ti=<TaskInstance: BuildELT_dbt.dbt_run scheduled__2024-12-04T07:00:00+00:00 [queued]>
[2024-12-05T17:25:15.480+0000] {taskinstance.py:2306} INFO - Starting attempt 2 of 2
[2024-12-05T17:25:15.502+0000] {taskinstance.py:2330} INFO - Executing <Task(BashOperator): dbt_run> on 2024-12-04 07:00:00+00:00
[2024-12-05T17:25:15.521+0000] {warnings.py:110} WARNING - /home/***/.local/lib/python3.12/site-packages/***/task/task_runner/standard_task_runner.py:61: DeprecationWarning: This process (pid=5302) is multi-threaded, use of fork() may lead to deadlocks in the child.
  pid = os.fork()

[2024-12-05T17:25:15.523+0000] {standard_task_runner.py:63} INFO - Started process 5308 to run task
[2024-12-05T17:25:15.523+0000] {standard_task_runner.py:90} INFO - Running: ['***', 'tasks', 'run', 'BuildELT_dbt', 'dbt_run', 'scheduled__2024-12-04T07:00:00+00:00', '--job-id', '118', '--raw', '--subdir', 'DAGS_FOLDER/build_elt_with_dbt.py', '--cfg-path', '/tmp/tmp24hqbhg0']
[2024-12-05T17:25:15.529+0000] {standard_task_runner.py:91} INFO - Job 118: Subtask dbt_run
[2024-12-05T17:25:15.569+0000] {task_command.py:426} INFO - Running <TaskInstance: BuildELT_dbt.dbt_run scheduled__2024-12-04T07:00:00+00:00 [running]> on host 2adeb2e19af7
[2024-12-05T17:25:15.644+0000] {taskinstance.py:2648} INFO - Exporting env vars: AIRFLOW_CTX_DAG_OWNER='***' AIRFLOW_CTX_DAG_ID='BuildELT_dbt' AIRFLOW_CTX_TASK_ID='dbt_run' AIRFLOW_CTX_EXECUTION_DATE='2024-12-04T07:00:00+00:00' AIRFLOW_CTX_TRY_NUMBER='2' AIRFLOW_CTX_DAG_RUN_ID='scheduled__2024-12-04T07:00:00+00:00'
[2024-12-05T17:25:15.648+0000] {taskinstance.py:430} INFO - ::endgroup::
[2024-12-05T17:25:15.650+0000] {subprocess.py:63} INFO - Tmp dir root location: /tmp
[2024-12-05T17:25:15.653+0000] {subprocess.py:75} INFO - Running command: ['/usr/bin/bash', '-c', '/home/***/.local/bin/dbt run --profiles-dir /opt/***/final_dbt --project-dir /opt/***/final_dbt']
[2024-12-05T17:25:15.667+0000] {subprocess.py:86} INFO - Output:
[2024-12-05T17:25:17.564+0000] {subprocess.py:93} INFO - [0m17:25:17  Running with dbt=1.8.7
[2024-12-05T17:25:19.526+0000] {subprocess.py:93} INFO - [0m17:25:19  Registered adapter: snowflake=1.8.4
[2024-12-05T17:25:20.065+0000] {subprocess.py:93} INFO - [0m17:25:20  [[33mWARNING[0m]: Configuration paths exist in your dbt_project.yml file which do not apply to any resources.
[2024-12-05T17:25:20.072+0000] {subprocess.py:93} INFO - There are 1 unused configuration paths:
[2024-12-05T17:25:20.075+0000] {subprocess.py:93} INFO - - models.final_dbt.example
[2024-12-05T17:25:20.350+0000] {subprocess.py:93} INFO - [0m17:25:20  Found 2 snapshots, 3 models, 2 sources, 459 macros
[2024-12-05T17:25:20.363+0000] {subprocess.py:93} INFO - [0m17:25:20
[2024-12-05T17:25:25.044+0000] {subprocess.py:93} INFO - [0m17:25:25  Concurrency: 1 threads (target='dev')
[2024-12-05T17:25:25.056+0000] {subprocess.py:93} INFO - [0m17:25:25
[2024-12-05T17:25:25.074+0000] {subprocess.py:93} INFO - [0m17:25:25  1 of 3 START sql view model analytics.stg_job_listings ......................... [RUN]
[2024-12-05T17:25:26.753+0000] {subprocess.py:93} INFO - [0m17:25:26  1 of 3 OK created sql view model analytics.stg_job_listings .................... [[32mSUCCESS 1[0m in 1.65s]
[2024-12-05T17:25:26.797+0000] {subprocess.py:93} INFO - [0m17:25:26  2 of 3 START sql view model analytics.stg_job_listings_history ................. [RUN]
[2024-12-05T17:25:28.539+0000] {subprocess.py:93} INFO - [0m17:25:28  2 of 3 OK created sql view model analytics.stg_job_listings_history ............ [[32mSUCCESS 1[0m in 1.71s]
[2024-12-05T17:25:28.556+0000] {subprocess.py:93} INFO - [0m17:25:28  3 of 3 START sql table model analytics.job_salary_trends ....................... [RUN]
[2024-12-05T17:25:30.754+0000] {subprocess.py:93} INFO - [0m17:25:30  3 of 3 OK created sql table model analytics.job_salary_trends .................. [[32mSUCCESS 1[0m in 2.09s]
[2024-12-05T17:25:30.866+0000] {subprocess.py:93} INFO - [0m17:25:30
[2024-12-05T17:25:30.870+0000] {subprocess.py:93} INFO - [0m17:25:30  Finished running 2 view models, 1 table model in 0 hours 0 minutes and 10.50 seconds (10.50s).
[2024-12-05T17:25:31.004+0000] {subprocess.py:93} INFO - [0m17:25:31
[2024-12-05T17:25:31.006+0000] {subprocess.py:93} INFO - [0m17:25:31  [32mCompleted successfully[0m
[2024-12-05T17:25:31.008+0000] {subprocess.py:93} INFO - [0m17:25:31
[2024-12-05T17:25:31.010+0000] {subprocess.py:93} INFO - [0m17:25:31  Done. PASS=3 WARN=0 ERROR=0 SKIP=0 TOTAL=3
[2024-12-05T17:25:31.938+0000] {subprocess.py:97} INFO - Command exited with return code 0
[2024-12-05T17:25:31.955+0000] {taskinstance.py:441} INFO - ::group::Post task execution logs
[2024-12-05T17:25:32.041+0000] {taskinstance.py:1206} INFO - Marking task as SUCCESS. dag_id=BuildELT_dbt, task_id=dbt_run, run_id=scheduled__2024-12-04T07:00:00+00:00, execution_date=20241204T070000, start_date=20241205T172515, end_date=20241205T172532
[2024-12-05T17:25:32.094+0000] {local_task_job_runner.py:240} INFO - Task exited with return code 0
[2024-12-05T17:25:32.135+0000] {taskinstance.py:3498} INFO - 1 downstream tasks scheduled from follow-on schedule check
[2024-12-05T17:25:32.141+0000] {local_task_job_runner.py:222} INFO - ::endgroup::
