[2024-12-04T19:52:01.129+0000] {local_task_job_runner.py:120} INFO - ::group::Pre task execution logs
[2024-12-04T19:52:01.148+0000] {taskinstance.py:2076} INFO - Dependencies all met for dep_context=non-requeueable deps ti=<TaskInstance: BuildELT_dbt.dbt_run manual__2024-12-04T19:51:59.362040+00:00 [queued]>
[2024-12-04T19:52:01.155+0000] {taskinstance.py:2076} INFO - Dependencies all met for dep_context=requeueable deps ti=<TaskInstance: BuildELT_dbt.dbt_run manual__2024-12-04T19:51:59.362040+00:00 [queued]>
[2024-12-04T19:52:01.159+0000] {taskinstance.py:2306} INFO - Starting attempt 1 of 1
[2024-12-04T19:52:01.171+0000] {taskinstance.py:2330} INFO - Executing <Task(BashOperator): dbt_run> on 2024-12-04 19:51:59.362040+00:00
[2024-12-04T19:52:01.180+0000] {warnings.py:110} WARNING - /home/***/.local/lib/python3.12/site-packages/***/task/task_runner/standard_task_runner.py:61: DeprecationWarning: This process (pid=113) is multi-threaded, use of fork() may lead to deadlocks in the child.
  pid = os.fork()

[2024-12-04T19:52:01.182+0000] {standard_task_runner.py:90} INFO - Running: ['***', 'tasks', 'run', 'BuildELT_dbt', 'dbt_run', 'manual__2024-12-04T19:51:59.362040+00:00', '--job-id', '91', '--raw', '--subdir', 'DAGS_FOLDER/build_elt_with_dbt.py', '--cfg-path', '/tmp/tmpz570ye1_']
[2024-12-04T19:52:01.193+0000] {standard_task_runner.py:91} INFO - Job 91: Subtask dbt_run
[2024-12-04T19:52:01.188+0000] {standard_task_runner.py:63} INFO - Started process 115 to run task
[2024-12-04T19:52:01.243+0000] {task_command.py:426} INFO - Running <TaskInstance: BuildELT_dbt.dbt_run manual__2024-12-04T19:51:59.362040+00:00 [running]> on host 2adeb2e19af7
[2024-12-04T19:52:01.325+0000] {taskinstance.py:2648} INFO - Exporting env vars: AIRFLOW_CTX_DAG_OWNER='***' AIRFLOW_CTX_DAG_ID='BuildELT_dbt' AIRFLOW_CTX_TASK_ID='dbt_run' AIRFLOW_CTX_EXECUTION_DATE='2024-12-04T19:51:59.362040+00:00' AIRFLOW_CTX_TRY_NUMBER='1' AIRFLOW_CTX_DAG_RUN_ID='manual__2024-12-04T19:51:59.362040+00:00'
[2024-12-04T19:52:01.329+0000] {taskinstance.py:430} INFO - ::endgroup::
[2024-12-04T19:52:01.331+0000] {subprocess.py:63} INFO - Tmp dir root location: /tmp
[2024-12-04T19:52:01.332+0000] {subprocess.py:75} INFO - Running command: ['/usr/bin/bash', '-c', '/home/***/.local/bin/dbt run --profiles-dir /opt/***/final_dbt --project-dir /opt/***/final_dbt']
[2024-12-04T19:52:01.349+0000] {subprocess.py:86} INFO - Output:
[2024-12-04T19:52:03.587+0000] {subprocess.py:93} INFO - [0m19:52:03  Running with dbt=1.8.7
[2024-12-04T19:52:05.041+0000] {subprocess.py:93} INFO - [0m19:52:05  Registered adapter: snowflake=1.8.4
[2024-12-04T19:52:05.430+0000] {subprocess.py:93} INFO - [0m19:52:05  [[33mWARNING[0m]: Configuration paths exist in your dbt_project.yml file which do not apply to any resources.
[2024-12-04T19:52:05.431+0000] {subprocess.py:93} INFO - There are 1 unused configuration paths:
[2024-12-04T19:52:05.432+0000] {subprocess.py:93} INFO - - models.final_dbt.example
[2024-12-04T19:52:05.597+0000] {subprocess.py:93} INFO - [0m19:52:05  Found 2 snapshots, 3 models, 2 sources, 459 macros
[2024-12-04T19:52:05.601+0000] {subprocess.py:93} INFO - [0m19:52:05
[2024-12-04T19:52:10.474+0000] {subprocess.py:93} INFO - [0m19:52:10  Concurrency: 1 threads (target='dev')
[2024-12-04T19:52:10.491+0000] {subprocess.py:93} INFO - [0m19:52:10
[2024-12-04T19:52:10.514+0000] {subprocess.py:93} INFO - [0m19:52:10  1 of 3 START sql view model analytics.stg_job_listings ......................... [RUN]
[2024-12-04T19:52:12.304+0000] {subprocess.py:93} INFO - [0m19:52:12  1 of 3 OK created sql view model analytics.stg_job_listings .................... [[32mSUCCESS 1[0m in 1.78s]
[2024-12-04T19:52:12.313+0000] {subprocess.py:93} INFO - [0m19:52:12  2 of 3 START sql view model analytics.stg_job_listings_history ................. [RUN]
[2024-12-04T19:52:13.948+0000] {subprocess.py:93} INFO - [0m19:52:13  2 of 3 OK created sql view model analytics.stg_job_listings_history ............ [[32mSUCCESS 1[0m in 1.63s]
[2024-12-04T19:52:13.958+0000] {subprocess.py:93} INFO - [0m19:52:13  3 of 3 START sql table model analytics.job_salary_trends ....................... [RUN]
[2024-12-04T19:52:16.485+0000] {subprocess.py:93} INFO - [0m19:52:16  3 of 3 OK created sql table model analytics.job_salary_trends .................. [[32mSUCCESS 1[0m in 2.38s]
[2024-12-04T19:52:16.605+0000] {subprocess.py:93} INFO - [0m19:52:16
[2024-12-04T19:52:16.616+0000] {subprocess.py:93} INFO - [0m19:52:16  Finished running 2 view models, 1 table model in 0 hours 0 minutes and 10.99 seconds (10.99s).
[2024-12-04T19:52:16.808+0000] {subprocess.py:93} INFO - [0m19:52:16
[2024-12-04T19:52:16.812+0000] {subprocess.py:93} INFO - [0m19:52:16  [32mCompleted successfully[0m
[2024-12-04T19:52:16.813+0000] {subprocess.py:93} INFO - [0m19:52:16
[2024-12-04T19:52:16.816+0000] {subprocess.py:93} INFO - [0m19:52:16  Done. PASS=3 WARN=0 ERROR=0 SKIP=0 TOTAL=3
[2024-12-04T19:52:17.745+0000] {subprocess.py:97} INFO - Command exited with return code 0
[2024-12-04T19:52:17.754+0000] {taskinstance.py:441} INFO - ::group::Post task execution logs
[2024-12-04T19:52:17.790+0000] {taskinstance.py:1206} INFO - Marking task as SUCCESS. dag_id=BuildELT_dbt, task_id=dbt_run, run_id=manual__2024-12-04T19:51:59.362040+00:00, execution_date=20241204T195159, start_date=20241204T195201, end_date=20241204T195217
[2024-12-04T19:52:17.852+0000] {local_task_job_runner.py:240} INFO - Task exited with return code 0
[2024-12-04T19:52:17.881+0000] {taskinstance.py:3498} INFO - 1 downstream tasks scheduled from follow-on schedule check
[2024-12-04T19:52:17.883+0000] {local_task_job_runner.py:222} INFO - ::endgroup::
