[2024-12-01T03:17:25.036+0000] {local_task_job_runner.py:120} INFO - ::group::Pre task execution logs
[2024-12-01T03:17:25.596+0000] {taskinstance.py:2076} INFO - Dependencies all met for dep_context=non-requeueable deps ti=<TaskInstance: stockprices_v2_decorator.transform scheduled__2024-12-01T02:50:00+00:00 [queued]>
[2024-12-01T03:17:25.686+0000] {taskinstance.py:2076} INFO - Dependencies all met for dep_context=requeueable deps ti=<TaskInstance: stockprices_v2_decorator.transform scheduled__2024-12-01T02:50:00+00:00 [queued]>
[2024-12-01T03:17:25.691+0000] {taskinstance.py:2306} INFO - Starting attempt 1 of 2
[2024-12-01T03:17:25.901+0000] {taskinstance.py:2330} INFO - Executing <Task(_PythonDecoratedOperator): transform> on 2024-12-01 02:50:00+00:00
[2024-12-01T03:17:26.113+0000] {warnings.py:110} WARNING - /home/***/.local/lib/python3.12/site-packages/***/task/task_runner/standard_task_runner.py:61: DeprecationWarning: This process (pid=6253) is multi-threaded, use of fork() may lead to deadlocks in the child.
  pid = os.fork()

[2024-12-01T03:17:26.156+0000] {standard_task_runner.py:63} INFO - Started process 6275 to run task
[2024-12-01T03:17:26.250+0000] {standard_task_runner.py:90} INFO - Running: ['***', 'tasks', 'run', 'stockprices_v2_decorator', 'transform', 'scheduled__2024-12-01T02:50:00+00:00', '--job-id', '3181', '--raw', '--subdir', 'DAGS_FOLDER/stockprices_v2_decorator(3).py', '--cfg-path', '/tmp/tmp_ifv79xx']
[2024-12-01T03:17:26.285+0000] {standard_task_runner.py:91} INFO - Job 3181: Subtask transform
[2024-12-01T03:17:27.399+0000] {task_command.py:426} INFO - Running <TaskInstance: stockprices_v2_decorator.transform scheduled__2024-12-01T02:50:00+00:00 [running]> on host 3627cdc70e56
[2024-12-01T03:17:29.119+0000] {taskinstance.py:2648} INFO - Exporting env vars: AIRFLOW_CTX_DAG_OWNER='***' AIRFLOW_CTX_DAG_ID='stockprices_v2_decorator' AIRFLOW_CTX_TASK_ID='transform' AIRFLOW_CTX_EXECUTION_DATE='2024-12-01T02:50:00+00:00' AIRFLOW_CTX_TRY_NUMBER='1' AIRFLOW_CTX_DAG_RUN_ID='scheduled__2024-12-01T02:50:00+00:00'
[2024-12-01T03:17:29.201+0000] {taskinstance.py:430} INFO - ::endgroup::
[2024-12-01T03:17:29.309+0000] {logging_mixin.py:188} INFO - Processed Data: []
[2024-12-01T03:17:29.521+0000] {python.py:237} INFO - Done. Returned value was: []
[2024-12-01T03:17:29.577+0000] {taskinstance.py:441} INFO - ::group::Post task execution logs
[2024-12-01T03:17:30.735+0000] {taskinstance.py:1206} INFO - Marking task as SUCCESS. dag_id=stockprices_v2_decorator, task_id=transform, run_id=scheduled__2024-12-01T02:50:00+00:00, execution_date=20241201T025000, start_date=20241201T031725, end_date=20241201T031730
[2024-12-01T03:17:32.102+0000] {local_task_job_runner.py:240} INFO - Task exited with return code 0
[2024-12-01T03:17:32.367+0000] {taskinstance.py:3498} INFO - 0 downstream tasks scheduled from follow-on schedule check
[2024-12-01T03:17:32.390+0000] {local_task_job_runner.py:222} INFO - ::endgroup::
