[2024-12-04T19:59:30.310+0000] {local_task_job_runner.py:120} INFO - ::group::Pre task execution logs
[2024-12-04T19:59:30.333+0000] {taskinstance.py:2076} INFO - Dependencies all met for dep_context=non-requeueable deps ti=<TaskInstance: BuildELT_dbt.dbt_snapshot scheduled__2024-12-03T07:00:00+00:00 [queued]>
[2024-12-04T19:59:30.341+0000] {taskinstance.py:2076} INFO - Dependencies all met for dep_context=requeueable deps ti=<TaskInstance: BuildELT_dbt.dbt_snapshot scheduled__2024-12-03T07:00:00+00:00 [queued]>
[2024-12-04T19:59:30.342+0000] {taskinstance.py:2306} INFO - Starting attempt 1 of 1
[2024-12-04T19:59:30.357+0000] {taskinstance.py:2330} INFO - Executing <Task(BashOperator): dbt_snapshot> on 2024-12-03 07:00:00+00:00
[2024-12-04T19:59:30.369+0000] {warnings.py:110} WARNING - /home/***/.local/lib/python3.12/site-packages/***/task/task_runner/standard_task_runner.py:61: DeprecationWarning: This process (pid=388) is multi-threaded, use of fork() may lead to deadlocks in the child.
  pid = os.fork()

[2024-12-04T19:59:30.371+0000] {standard_task_runner.py:63} INFO - Started process 390 to run task
[2024-12-04T19:59:30.375+0000] {standard_task_runner.py:90} INFO - Running: ['***', 'tasks', 'run', 'BuildELT_dbt', 'dbt_snapshot', 'scheduled__2024-12-03T07:00:00+00:00', '--job-id', '106', '--raw', '--subdir', 'DAGS_FOLDER/build_elt_with_dbt.py', '--cfg-path', '/tmp/tmp3ah3b99_']
[2024-12-04T19:59:30.381+0000] {standard_task_runner.py:91} INFO - Job 106: Subtask dbt_snapshot
[2024-12-04T19:59:30.430+0000] {task_command.py:426} INFO - Running <TaskInstance: BuildELT_dbt.dbt_snapshot scheduled__2024-12-03T07:00:00+00:00 [running]> on host 2adeb2e19af7
[2024-12-04T19:59:30.503+0000] {taskinstance.py:2648} INFO - Exporting env vars: AIRFLOW_CTX_DAG_OWNER='***' AIRFLOW_CTX_DAG_ID='BuildELT_dbt' AIRFLOW_CTX_TASK_ID='dbt_snapshot' AIRFLOW_CTX_EXECUTION_DATE='2024-12-03T07:00:00+00:00' AIRFLOW_CTX_TRY_NUMBER='1' AIRFLOW_CTX_DAG_RUN_ID='scheduled__2024-12-03T07:00:00+00:00'
[2024-12-04T19:59:30.505+0000] {taskinstance.py:430} INFO - ::endgroup::
[2024-12-04T19:59:30.507+0000] {subprocess.py:63} INFO - Tmp dir root location: /tmp
[2024-12-04T19:59:30.509+0000] {subprocess.py:75} INFO - Running command: ['/usr/bin/bash', '-c', '/home/***/.local/bin/dbt snapshot --profiles-dir /opt/***/final_dbt --project-dir /opt/***/final_dbt']
[2024-12-04T19:59:30.527+0000] {subprocess.py:86} INFO - Output:
[2024-12-04T19:59:31.779+0000] {subprocess.py:93} INFO - [0m19:59:31  Running with dbt=1.8.7
[2024-12-04T19:59:32.392+0000] {subprocess.py:93} INFO - [0m19:59:32  Registered adapter: snowflake=1.8.4
[2024-12-04T19:59:32.581+0000] {subprocess.py:93} INFO - [0m19:59:32  [[33mWARNING[0m]: Configuration paths exist in your dbt_project.yml file which do not apply to any resources.
[2024-12-04T19:59:32.582+0000] {subprocess.py:93} INFO - There are 1 unused configuration paths:
[2024-12-04T19:59:32.583+0000] {subprocess.py:93} INFO - - models.final_dbt.example
[2024-12-04T19:59:32.730+0000] {subprocess.py:93} INFO - [0m19:59:32  Found 2 snapshots, 3 models, 2 sources, 459 macros
[2024-12-04T19:59:32.733+0000] {subprocess.py:93} INFO - [0m19:59:32
[2024-12-04T19:59:37.489+0000] {subprocess.py:93} INFO - [0m19:59:37  Concurrency: 1 threads (target='dev')
[2024-12-04T19:59:37.493+0000] {subprocess.py:93} INFO - [0m19:59:37
[2024-12-04T19:59:37.513+0000] {subprocess.py:93} INFO - [0m19:59:37  1 of 2 START snapshot snapshot.job_listings_snapshot ........................... [RUN]
[2024-12-04T19:59:42.439+0000] {subprocess.py:93} INFO - [0m19:59:42  1 of 2 OK snapshotted snapshot.job_listings_snapshot ........................... [[32mSUCCESS 0[0m in 4.92s]
[2024-12-04T19:59:42.452+0000] {subprocess.py:93} INFO - [0m19:59:42  2 of 2 START snapshot snapshot.test_snapshot ................................... [RUN]
[2024-12-04T19:59:47.476+0000] {subprocess.py:93} INFO - [0m19:59:47  2 of 2 OK snapshotted snapshot.test_snapshot ................................... [[32mSUCCESS 2[0m in 5.01s]
[2024-12-04T19:59:47.486+0000] {subprocess.py:93} INFO - [0m19:59:47
[2024-12-04T19:59:47.487+0000] {subprocess.py:93} INFO - [0m19:59:47  Finished running 2 snapshots in 0 hours 0 minutes and 14.75 seconds (14.75s).
[2024-12-04T19:59:47.565+0000] {subprocess.py:93} INFO - [0m19:59:47
[2024-12-04T19:59:47.567+0000] {subprocess.py:93} INFO - [0m19:59:47  [32mCompleted successfully[0m
[2024-12-04T19:59:47.569+0000] {subprocess.py:93} INFO - [0m19:59:47
[2024-12-04T19:59:47.571+0000] {subprocess.py:93} INFO - [0m19:59:47  Done. PASS=2 WARN=0 ERROR=0 SKIP=0 TOTAL=2
[2024-12-04T19:59:48.286+0000] {subprocess.py:97} INFO - Command exited with return code 0
[2024-12-04T19:59:48.289+0000] {taskinstance.py:441} INFO - ::group::Post task execution logs
[2024-12-04T19:59:48.320+0000] {taskinstance.py:1206} INFO - Marking task as SUCCESS. dag_id=BuildELT_dbt, task_id=dbt_snapshot, run_id=scheduled__2024-12-03T07:00:00+00:00, execution_date=20241203T070000, start_date=20241204T195930, end_date=20241204T195948
[2024-12-04T19:59:48.367+0000] {local_task_job_runner.py:240} INFO - Task exited with return code 0
[2024-12-04T19:59:48.383+0000] {taskinstance.py:3498} INFO - 0 downstream tasks scheduled from follow-on schedule check
[2024-12-04T19:59:48.385+0000] {local_task_job_runner.py:222} INFO - ::endgroup::
