[2024-12-01T16:43:25.550+0000] {local_task_job_runner.py:120} INFO - ::group::Pre task execution logs
[2024-12-01T16:43:25.571+0000] {taskinstance.py:2076} INFO - Dependencies all met for dep_context=non-requeueable deps ti=<TaskInstance: stockprices_v2_decorator.transform scheduled__2024-12-01T16:30:00+00:00 [queued]>
[2024-12-01T16:43:25.578+0000] {taskinstance.py:2076} INFO - Dependencies all met for dep_context=requeueable deps ti=<TaskInstance: stockprices_v2_decorator.transform scheduled__2024-12-01T16:30:00+00:00 [queued]>
[2024-12-01T16:43:25.579+0000] {taskinstance.py:2306} INFO - Starting attempt 1 of 2
[2024-12-01T16:43:25.591+0000] {taskinstance.py:2330} INFO - Executing <Task(_PythonDecoratedOperator): transform> on 2024-12-01 16:30:00+00:00
[2024-12-01T16:43:25.603+0000] {warnings.py:110} WARNING - /home/***/.local/lib/python3.12/site-packages/***/task/task_runner/standard_task_runner.py:61: DeprecationWarning: This process (pid=17726) is multi-threaded, use of fork() may lead to deadlocks in the child.
  pid = os.fork()

[2024-12-01T16:43:25.610+0000] {standard_task_runner.py:63} INFO - Started process 17729 to run task
[2024-12-01T16:43:25.610+0000] {standard_task_runner.py:90} INFO - Running: ['***', 'tasks', 'run', 'stockprices_v2_decorator', 'transform', 'scheduled__2024-12-01T16:30:00+00:00', '--job-id', '3753', '--raw', '--subdir', 'DAGS_FOLDER/stockprices_v2_decorator(3).py', '--cfg-path', '/tmp/tmpxk7r50s_']
[2024-12-01T16:43:25.613+0000] {standard_task_runner.py:91} INFO - Job 3753: Subtask transform
[2024-12-01T16:43:25.705+0000] {task_command.py:426} INFO - Running <TaskInstance: stockprices_v2_decorator.transform scheduled__2024-12-01T16:30:00+00:00 [running]> on host 3627cdc70e56
[2024-12-01T16:43:25.800+0000] {taskinstance.py:2648} INFO - Exporting env vars: AIRFLOW_CTX_DAG_OWNER='***' AIRFLOW_CTX_DAG_ID='stockprices_v2_decorator' AIRFLOW_CTX_TASK_ID='transform' AIRFLOW_CTX_EXECUTION_DATE='2024-12-01T16:30:00+00:00' AIRFLOW_CTX_TRY_NUMBER='1' AIRFLOW_CTX_DAG_RUN_ID='scheduled__2024-12-01T16:30:00+00:00'
[2024-12-01T16:43:25.804+0000] {taskinstance.py:430} INFO - ::endgroup::
[2024-12-01T16:43:25.806+0000] {logging_mixin.py:188} INFO - Processed Data: []
[2024-12-01T16:43:25.808+0000] {python.py:237} INFO - Done. Returned value was: []
[2024-12-01T16:43:25.809+0000] {taskinstance.py:441} INFO - ::group::Post task execution logs
[2024-12-01T16:43:25.826+0000] {taskinstance.py:1206} INFO - Marking task as SUCCESS. dag_id=stockprices_v2_decorator, task_id=transform, run_id=scheduled__2024-12-01T16:30:00+00:00, execution_date=20241201T163000, start_date=20241201T164325, end_date=20241201T164325
[2024-12-01T16:43:25.867+0000] {local_task_job_runner.py:240} INFO - Task exited with return code 0
[2024-12-01T16:43:25.883+0000] {taskinstance.py:3498} INFO - 1 downstream tasks scheduled from follow-on schedule check
[2024-12-01T16:43:25.885+0000] {local_task_job_runner.py:222} INFO - ::endgroup::
