[2024-11-30T04:46:31.813+0000] {local_task_job_runner.py:120} INFO - ::group::Pre task execution logs
[2024-11-30T04:46:31.962+0000] {taskinstance.py:2076} INFO - Dependencies all met for dep_context=non-requeueable deps ti=<TaskInstance: stockprices_v2_decorator.load__1 scheduled__2024-11-30T04:30:00+00:00 [queued]>
[2024-11-30T04:46:32.025+0000] {taskinstance.py:2076} INFO - Dependencies all met for dep_context=requeueable deps ti=<TaskInstance: stockprices_v2_decorator.load__1 scheduled__2024-11-30T04:30:00+00:00 [queued]>
[2024-11-30T04:46:32.034+0000] {taskinstance.py:2306} INFO - Starting attempt 1 of 2
[2024-11-30T04:46:32.091+0000] {taskinstance.py:2330} INFO - Executing <Task(_PythonDecoratedOperator): load__1> on 2024-11-30 04:30:00+00:00
[2024-11-30T04:46:32.140+0000] {warnings.py:110} WARNING - /home/***/.local/lib/python3.12/site-packages/***/task/task_runner/standard_task_runner.py:61: DeprecationWarning: This process (pid=381) is multi-threaded, use of fork() may lead to deadlocks in the child.
  pid = os.fork()

[2024-11-30T04:46:32.177+0000] {standard_task_runner.py:63} INFO - Started process 397 to run task
[2024-11-30T04:46:32.182+0000] {standard_task_runner.py:90} INFO - Running: ['***', 'tasks', 'run', 'stockprices_v2_decorator', 'load__1', 'scheduled__2024-11-30T04:30:00+00:00', '--job-id', '2766', '--raw', '--subdir', 'DAGS_FOLDER/stockprices_v2_decorator(3).py', '--cfg-path', '/tmp/tmp_s9hga7v']
[2024-11-30T04:46:32.185+0000] {standard_task_runner.py:91} INFO - Job 2766: Subtask load__1
[2024-11-30T04:46:32.420+0000] {task_command.py:426} INFO - Running <TaskInstance: stockprices_v2_decorator.load__1 scheduled__2024-11-30T04:30:00+00:00 [running]> on host 3627cdc70e56
[2024-11-30T04:46:33.004+0000] {taskinstance.py:2648} INFO - Exporting env vars: AIRFLOW_CTX_DAG_OWNER='***' AIRFLOW_CTX_DAG_ID='stockprices_v2_decorator' AIRFLOW_CTX_TASK_ID='load__1' AIRFLOW_CTX_EXECUTION_DATE='2024-11-30T04:30:00+00:00' AIRFLOW_CTX_TRY_NUMBER='1' AIRFLOW_CTX_DAG_RUN_ID='scheduled__2024-11-30T04:30:00+00:00'
[2024-11-30T04:46:33.014+0000] {taskinstance.py:430} INFO - ::endgroup::
[2024-11-30T04:46:33.043+0000] {logging_mixin.py:188} INFO - No records to load.
[2024-11-30T04:46:33.047+0000] {python.py:237} INFO - Done. Returned value was: None
[2024-11-30T04:46:33.049+0000] {taskinstance.py:441} INFO - ::group::Post task execution logs
[2024-11-30T04:46:33.137+0000] {taskinstance.py:1206} INFO - Marking task as SUCCESS. dag_id=stockprices_v2_decorator, task_id=load__1, run_id=scheduled__2024-11-30T04:30:00+00:00, execution_date=20241130T043000, start_date=20241130T044631, end_date=20241130T044633
[2024-11-30T04:46:33.625+0000] {local_task_job_runner.py:240} INFO - Task exited with return code 0
[2024-11-30T04:46:33.750+0000] {taskinstance.py:3498} INFO - 0 downstream tasks scheduled from follow-on schedule check
[2024-11-30T04:46:33.761+0000] {local_task_job_runner.py:222} INFO - ::endgroup::
