[2024-12-06T07:41:39.853+0000] {local_task_job_runner.py:120} INFO - ::group::Pre task execution logs
[2024-12-06T07:41:39.877+0000] {taskinstance.py:2076} INFO - Dependencies all met for dep_context=non-requeueable deps ti=<TaskInstance: BuildELT_dbt.dbt_run scheduled__2024-12-05T07:00:00+00:00 [queued]>
[2024-12-06T07:41:39.882+0000] {taskinstance.py:2076} INFO - Dependencies all met for dep_context=requeueable deps ti=<TaskInstance: BuildELT_dbt.dbt_run scheduled__2024-12-05T07:00:00+00:00 [queued]>
[2024-12-06T07:41:39.883+0000] {taskinstance.py:2306} INFO - Starting attempt 1 of 1
[2024-12-06T07:41:39.892+0000] {taskinstance.py:2330} INFO - Executing <Task(BashOperator): dbt_run> on 2024-12-05 07:00:00+00:00
[2024-12-06T07:41:39.907+0000] {warnings.py:110} WARNING - /home/***/.local/lib/python3.12/site-packages/***/task/task_runner/standard_task_runner.py:61: DeprecationWarning: This process (pid=3066) is multi-threaded, use of fork() may lead to deadlocks in the child.
  pid = os.fork()

[2024-12-06T07:41:39.911+0000] {standard_task_runner.py:63} INFO - Started process 3068 to run task
[2024-12-06T07:41:39.913+0000] {standard_task_runner.py:90} INFO - Running: ['***', 'tasks', 'run', 'BuildELT_dbt', 'dbt_run', 'scheduled__2024-12-05T07:00:00+00:00', '--job-id', '48', '--raw', '--subdir', 'DAGS_FOLDER/build_elt_with_dbt.py', '--cfg-path', '/tmp/tmp81owsajf']
[2024-12-06T07:41:39.916+0000] {standard_task_runner.py:91} INFO - Job 48: Subtask dbt_run
[2024-12-06T07:41:39.958+0000] {task_command.py:426} INFO - Running <TaskInstance: BuildELT_dbt.dbt_run scheduled__2024-12-05T07:00:00+00:00 [running]> on host 1ed1f547130e
[2024-12-06T07:41:40.029+0000] {taskinstance.py:2648} INFO - Exporting env vars: AIRFLOW_CTX_DAG_OWNER='***' AIRFLOW_CTX_DAG_ID='BuildELT_dbt' AIRFLOW_CTX_TASK_ID='dbt_run' AIRFLOW_CTX_EXECUTION_DATE='2024-12-05T07:00:00+00:00' AIRFLOW_CTX_TRY_NUMBER='1' AIRFLOW_CTX_DAG_RUN_ID='scheduled__2024-12-05T07:00:00+00:00'
[2024-12-06T07:41:40.033+0000] {taskinstance.py:430} INFO - ::endgroup::
[2024-12-06T07:41:40.039+0000] {subprocess.py:63} INFO - Tmp dir root location: /tmp
[2024-12-06T07:41:40.041+0000] {subprocess.py:75} INFO - Running command: ['/usr/bin/bash', '-c', '/home/***/.local/bin/dbt run --profiles-dir /opt/***/final_dbt --project-dir /opt/***/final_dbt']
[2024-12-06T07:41:40.061+0000] {subprocess.py:86} INFO - Output:
[2024-12-06T07:41:44.052+0000] {subprocess.py:93} INFO - [0m07:41:44  Running with dbt=1.8.7
[2024-12-06T07:41:46.076+0000] {subprocess.py:93} INFO - [0m07:41:46  Registered adapter: snowflake=1.8.4
[2024-12-06T07:41:46.467+0000] {subprocess.py:93} INFO - [0m07:41:46  [[33mWARNING[0m]: Configuration paths exist in your dbt_project.yml file which do not apply to any resources.
[2024-12-06T07:41:46.469+0000] {subprocess.py:93} INFO - There are 1 unused configuration paths:
[2024-12-06T07:41:46.470+0000] {subprocess.py:93} INFO - - models.final_dbt.example
[2024-12-06T07:41:46.671+0000] {subprocess.py:93} INFO - [0m07:41:46  Found 2 snapshots, 3 models, 2 sources, 459 macros
[2024-12-06T07:41:46.676+0000] {subprocess.py:93} INFO - [0m07:41:46
[2024-12-06T07:41:52.973+0000] {subprocess.py:93} INFO - [0m07:41:52  Concurrency: 1 threads (target='dev')
[2024-12-06T07:41:53.006+0000] {subprocess.py:93} INFO - [0m07:41:53
[2024-12-06T07:41:53.110+0000] {subprocess.py:93} INFO - [0m07:41:53  1 of 3 START sql view model analytics.stg_job_listings ......................... [RUN]
[2024-12-06T07:41:57.862+0000] {subprocess.py:93} INFO - [0m07:41:57  1 of 3 OK created sql view model analytics.stg_job_listings .................... [[32mSUCCESS 1[0m in 4.73s]
[2024-12-06T07:41:57.901+0000] {subprocess.py:93} INFO - [0m07:41:57  2 of 3 START sql view model analytics.stg_job_listings_history ................. [RUN]
[2024-12-06T07:42:02.274+0000] {subprocess.py:93} INFO - [0m07:42:02  2 of 3 OK created sql view model analytics.stg_job_listings_history ............ [[32mSUCCESS 1[0m in 4.31s]
[2024-12-06T07:42:02.343+0000] {subprocess.py:93} INFO - [0m07:42:02  3 of 3 START sql table model analytics.job_salary_trends ....................... [RUN]
[2024-12-06T08:47:15.989+0000] {subprocess.py:93} INFO - [0m08:47:15  3 of 3 OK created sql table model analytics.job_salary_trends .................. [[32mSUCCESS 1[0m in 3913.65s]
[2024-12-06T08:47:16.041+0000] {subprocess.py:93} INFO - [0m08:47:16
[2024-12-06T08:47:16.049+0000] {subprocess.py:93} INFO - [0m08:47:16  Finished running 2 view models, 1 table model in 1 hours 5 minutes and 29.36 seconds (3929.36s).
[2024-12-06T08:47:16.564+0000] {subprocess.py:93} INFO - [0m08:47:16
[2024-12-06T08:47:16.586+0000] {subprocess.py:93} INFO - [0m08:47:16  [32mCompleted successfully[0m
[2024-12-06T08:47:16.613+0000] {subprocess.py:93} INFO - [0m08:47:16
[2024-12-06T08:47:16.622+0000] {subprocess.py:93} INFO - [0m08:47:16  Done. PASS=3 WARN=0 ERROR=0 SKIP=0 TOTAL=3
[2024-12-06T08:47:18.701+0000] {subprocess.py:97} INFO - Command exited with return code 0
[2024-12-06T08:47:18.737+0000] {taskinstance.py:441} INFO - ::group::Post task execution logs
[2024-12-06T08:47:19.002+0000] {taskinstance.py:1206} INFO - Marking task as SUCCESS. dag_id=BuildELT_dbt, task_id=dbt_run, run_id=scheduled__2024-12-05T07:00:00+00:00, execution_date=20241205T070000, start_date=20241206T074139, end_date=20241206T084718
[2024-12-06T08:47:19.285+0000] {local_task_job_runner.py:240} INFO - Task exited with return code 0
[2024-12-06T08:47:19.423+0000] {taskinstance.py:3498} INFO - 1 downstream tasks scheduled from follow-on schedule check
[2024-12-06T08:47:19.438+0000] {local_task_job_runner.py:222} INFO - ::endgroup::
