[2024-12-05T17:23:26.380+0000] {local_task_job_runner.py:120} INFO - ::group::Pre task execution logs
[2024-12-05T17:23:26.404+0000] {taskinstance.py:2076} INFO - Dependencies all met for dep_context=non-requeueable deps ti=<TaskInstance: BuildELT_dbt.dbt_run manual__2024-12-05T17:23:22.357976+00:00 [queued]>
[2024-12-05T17:23:26.413+0000] {taskinstance.py:2076} INFO - Dependencies all met for dep_context=requeueable deps ti=<TaskInstance: BuildELT_dbt.dbt_run manual__2024-12-05T17:23:22.357976+00:00 [queued]>
[2024-12-05T17:23:26.415+0000] {taskinstance.py:2306} INFO - Starting attempt 1 of 1
[2024-12-05T17:23:26.424+0000] {taskinstance.py:2330} INFO - Executing <Task(BashOperator): dbt_run> on 2024-12-05 17:23:22.357976+00:00
[2024-12-05T17:23:26.454+0000] {warnings.py:110} WARNING - /home/***/.local/lib/python3.12/site-packages/***/task/task_runner/standard_task_runner.py:61: DeprecationWarning: This process (pid=5197) is multi-threaded, use of fork() may lead to deadlocks in the child.
  pid = os.fork()

[2024-12-05T17:23:26.459+0000] {standard_task_runner.py:63} INFO - Started process 5199 to run task
[2024-12-05T17:23:26.460+0000] {standard_task_runner.py:90} INFO - Running: ['***', 'tasks', 'run', 'BuildELT_dbt', 'dbt_run', 'manual__2024-12-05T17:23:22.357976+00:00', '--job-id', '112', '--raw', '--subdir', 'DAGS_FOLDER/build_elt_with_dbt.py', '--cfg-path', '/tmp/tmp1z68e6nb']
[2024-12-05T17:23:26.471+0000] {standard_task_runner.py:91} INFO - Job 112: Subtask dbt_run
[2024-12-05T17:23:26.534+0000] {task_command.py:426} INFO - Running <TaskInstance: BuildELT_dbt.dbt_run manual__2024-12-05T17:23:22.357976+00:00 [running]> on host 2adeb2e19af7
[2024-12-05T17:23:26.616+0000] {taskinstance.py:2648} INFO - Exporting env vars: AIRFLOW_CTX_DAG_OWNER='***' AIRFLOW_CTX_DAG_ID='BuildELT_dbt' AIRFLOW_CTX_TASK_ID='dbt_run' AIRFLOW_CTX_EXECUTION_DATE='2024-12-05T17:23:22.357976+00:00' AIRFLOW_CTX_TRY_NUMBER='1' AIRFLOW_CTX_DAG_RUN_ID='manual__2024-12-05T17:23:22.357976+00:00'
[2024-12-05T17:23:26.622+0000] {taskinstance.py:430} INFO - ::endgroup::
[2024-12-05T17:23:26.624+0000] {subprocess.py:63} INFO - Tmp dir root location: /tmp
[2024-12-05T17:23:26.628+0000] {subprocess.py:75} INFO - Running command: ['/usr/bin/bash', '-c', '/home/***/.local/bin/dbt run --profiles-dir /opt/***/final_dbt --project-dir /opt/***/final_dbt']
[2024-12-05T17:23:26.650+0000] {subprocess.py:86} INFO - Output:
[2024-12-05T17:23:29.093+0000] {subprocess.py:93} INFO - [0m17:23:29  Running with dbt=1.8.7
[2024-12-05T17:23:30.143+0000] {subprocess.py:93} INFO - [0m17:23:30  Registered adapter: snowflake=1.8.4
[2024-12-05T17:23:30.964+0000] {subprocess.py:93} INFO - [0m17:23:30  [[33mWARNING[0m]: Configuration paths exist in your dbt_project.yml file which do not apply to any resources.
[2024-12-05T17:23:30.977+0000] {subprocess.py:93} INFO - There are 1 unused configuration paths:
[2024-12-05T17:23:30.981+0000] {subprocess.py:93} INFO - - models.final_dbt.example
[2024-12-05T17:23:31.381+0000] {subprocess.py:93} INFO - [0m17:23:31  Found 2 snapshots, 3 models, 2 sources, 459 macros
[2024-12-05T17:23:31.393+0000] {subprocess.py:93} INFO - [0m17:23:31
[2024-12-05T17:23:37.053+0000] {subprocess.py:93} INFO - [0m17:23:37  Concurrency: 1 threads (target='dev')
[2024-12-05T17:23:37.061+0000] {subprocess.py:93} INFO - [0m17:23:37
[2024-12-05T17:23:37.088+0000] {subprocess.py:93} INFO - [0m17:23:37  1 of 3 START sql view model analytics.stg_job_listings ......................... [RUN]
[2024-12-05T17:23:38.794+0000] {subprocess.py:93} INFO - [0m17:23:38  1 of 3 OK created sql view model analytics.stg_job_listings .................... [[32mSUCCESS 1[0m in 1.69s]
[2024-12-05T17:23:38.812+0000] {subprocess.py:93} INFO - [0m17:23:38  2 of 3 START sql view model analytics.stg_job_listings_history ................. [RUN]
[2024-12-05T17:23:40.507+0000] {subprocess.py:93} INFO - [0m17:23:40  2 of 3 OK created sql view model analytics.stg_job_listings_history ............ [[32mSUCCESS 1[0m in 1.69s]
[2024-12-05T17:23:40.525+0000] {subprocess.py:93} INFO - [0m17:23:40  3 of 3 START sql table model analytics.job_salary_trends ....................... [RUN]
[2024-12-05T17:23:43.416+0000] {subprocess.py:93} INFO - [0m17:23:43  3 of 3 OK created sql table model analytics.job_salary_trends .................. [[32mSUCCESS 1[0m in 2.88s]
[2024-12-05T17:23:43.439+0000] {subprocess.py:93} INFO - [0m17:23:43
[2024-12-05T17:23:43.441+0000] {subprocess.py:93} INFO - [0m17:23:43  Finished running 2 view models, 1 table model in 0 hours 0 minutes and 12.04 seconds (12.04s).
[2024-12-05T17:23:43.550+0000] {subprocess.py:93} INFO - [0m17:23:43
[2024-12-05T17:23:43.552+0000] {subprocess.py:93} INFO - [0m17:23:43  [32mCompleted successfully[0m
[2024-12-05T17:23:43.554+0000] {subprocess.py:93} INFO - [0m17:23:43
[2024-12-05T17:23:43.556+0000] {subprocess.py:93} INFO - [0m17:23:43  Done. PASS=3 WARN=0 ERROR=0 SKIP=0 TOTAL=3
[2024-12-05T17:23:44.495+0000] {subprocess.py:97} INFO - Command exited with return code 0
[2024-12-05T17:23:44.507+0000] {taskinstance.py:441} INFO - ::group::Post task execution logs
[2024-12-05T17:23:44.584+0000] {taskinstance.py:1206} INFO - Marking task as SUCCESS. dag_id=BuildELT_dbt, task_id=dbt_run, run_id=manual__2024-12-05T17:23:22.357976+00:00, execution_date=20241205T172322, start_date=20241205T172326, end_date=20241205T172344
[2024-12-05T17:23:44.639+0000] {local_task_job_runner.py:240} INFO - Task exited with return code 0
[2024-12-05T17:23:44.681+0000] {taskinstance.py:3498} INFO - 1 downstream tasks scheduled from follow-on schedule check
[2024-12-05T17:23:44.684+0000] {local_task_job_runner.py:222} INFO - ::endgroup::
