[2024-11-30T22:39:15.387+0000] {local_task_job_runner.py:120} INFO - ::group::Pre task execution logs
[2024-11-30T22:39:15.623+0000] {taskinstance.py:2076} INFO - Dependencies all met for dep_context=non-requeueable deps ti=<TaskInstance: stockprices_v2_decorator.load__1 scheduled__2024-11-30T21:50:00+00:00 [queued]>
[2024-11-30T22:39:15.674+0000] {taskinstance.py:2076} INFO - Dependencies all met for dep_context=requeueable deps ti=<TaskInstance: stockprices_v2_decorator.load__1 scheduled__2024-11-30T21:50:00+00:00 [queued]>
[2024-11-30T22:39:15.682+0000] {taskinstance.py:2306} INFO - Starting attempt 1 of 2
[2024-11-30T22:39:15.884+0000] {taskinstance.py:2330} INFO - Executing <Task(_PythonDecoratedOperator): load__1> on 2024-11-30 21:50:00+00:00
[2024-11-30T22:39:15.951+0000] {warnings.py:110} WARNING - /home/***/.local/lib/python3.12/site-packages/***/task/task_runner/standard_task_runner.py:61: DeprecationWarning: This process (pid=3421) is multi-threaded, use of fork() may lead to deadlocks in the child.
  pid = os.fork()

[2024-11-30T22:39:15.977+0000] {standard_task_runner.py:63} INFO - Started process 3431 to run task
[2024-11-30T22:39:15.965+0000] {standard_task_runner.py:90} INFO - Running: ['***', 'tasks', 'run', 'stockprices_v2_decorator', 'load__1', 'scheduled__2024-11-30T21:50:00+00:00', '--job-id', '3009', '--raw', '--subdir', 'DAGS_FOLDER/stockprices_v2_decorator(3).py', '--cfg-path', '/tmp/tmpjlmpfmcd']
[2024-11-30T22:39:15.998+0000] {standard_task_runner.py:91} INFO - Job 3009: Subtask load__1
[2024-11-30T22:39:16.222+0000] {task_command.py:426} INFO - Running <TaskInstance: stockprices_v2_decorator.load__1 scheduled__2024-11-30T21:50:00+00:00 [running]> on host 3627cdc70e56
[2024-11-30T22:39:16.455+0000] {taskinstance.py:2648} INFO - Exporting env vars: AIRFLOW_CTX_DAG_OWNER='***' AIRFLOW_CTX_DAG_ID='stockprices_v2_decorator' AIRFLOW_CTX_TASK_ID='load__1' AIRFLOW_CTX_EXECUTION_DATE='2024-11-30T21:50:00+00:00' AIRFLOW_CTX_TRY_NUMBER='1' AIRFLOW_CTX_DAG_RUN_ID='scheduled__2024-11-30T21:50:00+00:00'
[2024-11-30T22:39:16.470+0000] {taskinstance.py:430} INFO - ::endgroup::
[2024-11-30T22:39:16.475+0000] {logging_mixin.py:188} INFO - No records to load.
[2024-11-30T22:39:16.477+0000] {python.py:237} INFO - Done. Returned value was: None
[2024-11-30T22:39:16.478+0000] {taskinstance.py:441} INFO - ::group::Post task execution logs
[2024-11-30T22:39:16.502+0000] {taskinstance.py:1206} INFO - Marking task as SUCCESS. dag_id=stockprices_v2_decorator, task_id=load__1, run_id=scheduled__2024-11-30T21:50:00+00:00, execution_date=20241130T215000, start_date=20241130T223915, end_date=20241130T223916
[2024-11-30T22:39:16.612+0000] {local_task_job_runner.py:240} INFO - Task exited with return code 0
[2024-11-30T22:39:16.670+0000] {taskinstance.py:3498} INFO - 0 downstream tasks scheduled from follow-on schedule check
[2024-11-30T22:39:16.682+0000] {local_task_job_runner.py:222} INFO - ::endgroup::
