[2024-12-05T17:23:51.122+0000] {local_task_job_runner.py:120} INFO - ::group::Pre task execution logs
[2024-12-05T17:23:51.140+0000] {taskinstance.py:2076} INFO - Dependencies all met for dep_context=non-requeueable deps ti=<TaskInstance: BuildELT_dbt.dbt_snapshot manual__2024-12-05T17:23:22.357976+00:00 [queued]>
[2024-12-05T17:23:51.147+0000] {taskinstance.py:2076} INFO - Dependencies all met for dep_context=requeueable deps ti=<TaskInstance: BuildELT_dbt.dbt_snapshot manual__2024-12-05T17:23:22.357976+00:00 [queued]>
[2024-12-05T17:23:51.148+0000] {taskinstance.py:2306} INFO - Starting attempt 1 of 1
[2024-12-05T17:23:51.157+0000] {taskinstance.py:2330} INFO - Executing <Task(BashOperator): dbt_snapshot> on 2024-12-05 17:23:22.357976+00:00
[2024-12-05T17:23:51.177+0000] {warnings.py:110} WARNING - /home/***/.local/lib/python3.12/site-packages/***/task/task_runner/standard_task_runner.py:61: DeprecationWarning: This process (pid=5223) is multi-threaded, use of fork() may lead to deadlocks in the child.
  pid = os.fork()

[2024-12-05T17:23:51.179+0000] {standard_task_runner.py:63} INFO - Started process 5225 to run task
[2024-12-05T17:23:51.179+0000] {standard_task_runner.py:90} INFO - Running: ['***', 'tasks', 'run', 'BuildELT_dbt', 'dbt_snapshot', 'manual__2024-12-05T17:23:22.357976+00:00', '--job-id', '114', '--raw', '--subdir', 'DAGS_FOLDER/build_elt_with_dbt.py', '--cfg-path', '/tmp/tmphw4vf6bi']
[2024-12-05T17:23:51.183+0000] {standard_task_runner.py:91} INFO - Job 114: Subtask dbt_snapshot
[2024-12-05T17:23:51.243+0000] {task_command.py:426} INFO - Running <TaskInstance: BuildELT_dbt.dbt_snapshot manual__2024-12-05T17:23:22.357976+00:00 [running]> on host 2adeb2e19af7
[2024-12-05T17:23:51.331+0000] {taskinstance.py:2648} INFO - Exporting env vars: AIRFLOW_CTX_DAG_OWNER='***' AIRFLOW_CTX_DAG_ID='BuildELT_dbt' AIRFLOW_CTX_TASK_ID='dbt_snapshot' AIRFLOW_CTX_EXECUTION_DATE='2024-12-05T17:23:22.357976+00:00' AIRFLOW_CTX_TRY_NUMBER='1' AIRFLOW_CTX_DAG_RUN_ID='manual__2024-12-05T17:23:22.357976+00:00'
[2024-12-05T17:23:51.336+0000] {taskinstance.py:430} INFO - ::endgroup::
[2024-12-05T17:23:51.338+0000] {subprocess.py:63} INFO - Tmp dir root location: /tmp
[2024-12-05T17:23:51.340+0000] {subprocess.py:75} INFO - Running command: ['/usr/bin/bash', '-c', '/home/***/.local/bin/dbt snapshot --profiles-dir /opt/***/final_dbt --project-dir /opt/***/final_dbt']
[2024-12-05T17:23:51.355+0000] {subprocess.py:86} INFO - Output:
[2024-12-05T17:23:52.631+0000] {subprocess.py:93} INFO - [0m17:23:52  Running with dbt=1.8.7
[2024-12-05T17:23:53.305+0000] {subprocess.py:93} INFO - [0m17:23:53  Registered adapter: snowflake=1.8.4
[2024-12-05T17:23:53.527+0000] {subprocess.py:93} INFO - [0m17:23:53  [[33mWARNING[0m]: Configuration paths exist in your dbt_project.yml file which do not apply to any resources.
[2024-12-05T17:23:53.528+0000] {subprocess.py:93} INFO - There are 1 unused configuration paths:
[2024-12-05T17:23:53.529+0000] {subprocess.py:93} INFO - - models.final_dbt.example
[2024-12-05T17:23:53.698+0000] {subprocess.py:93} INFO - [0m17:23:53  Found 2 snapshots, 3 models, 2 sources, 459 macros
[2024-12-05T17:23:53.702+0000] {subprocess.py:93} INFO - [0m17:23:53
[2024-12-05T17:23:58.426+0000] {subprocess.py:93} INFO - [0m17:23:58  Concurrency: 1 threads (target='dev')
[2024-12-05T17:23:58.435+0000] {subprocess.py:93} INFO - [0m17:23:58
[2024-12-05T17:23:58.462+0000] {subprocess.py:93} INFO - [0m17:23:58  1 of 2 START snapshot snapshot.job_listings_snapshot ........................... [RUN]
[2024-12-05T17:24:03.849+0000] {subprocess.py:93} INFO - [0m17:24:03  1 of 2 OK snapshotted snapshot.job_listings_snapshot ........................... [[32mSUCCESS 0[0m in 5.37s]
[2024-12-05T17:24:03.879+0000] {subprocess.py:93} INFO - [0m17:24:03  2 of 2 START snapshot snapshot.test_snapshot ................................... [RUN]
[2024-12-05T17:24:09.706+0000] {subprocess.py:93} INFO - [0m17:24:09  2 of 2 OK snapshotted snapshot.test_snapshot ................................... [[32mSUCCESS 2[0m in 5.81s]
[2024-12-05T17:24:09.737+0000] {subprocess.py:93} INFO - [0m17:24:09
[2024-12-05T17:24:09.741+0000] {subprocess.py:93} INFO - [0m17:24:09  Finished running 2 snapshots in 0 hours 0 minutes and 16.03 seconds (16.03s).
[2024-12-05T17:24:09.865+0000] {subprocess.py:93} INFO - [0m17:24:09
[2024-12-05T17:24:09.868+0000] {subprocess.py:93} INFO - [0m17:24:09  [32mCompleted successfully[0m
[2024-12-05T17:24:09.869+0000] {subprocess.py:93} INFO - [0m17:24:09
[2024-12-05T17:24:09.871+0000] {subprocess.py:93} INFO - [0m17:24:09  Done. PASS=2 WARN=0 ERROR=0 SKIP=0 TOTAL=2
[2024-12-05T17:24:10.735+0000] {subprocess.py:97} INFO - Command exited with return code 0
[2024-12-05T17:24:10.742+0000] {taskinstance.py:441} INFO - ::group::Post task execution logs
[2024-12-05T17:24:10.784+0000] {taskinstance.py:1206} INFO - Marking task as SUCCESS. dag_id=BuildELT_dbt, task_id=dbt_snapshot, run_id=manual__2024-12-05T17:23:22.357976+00:00, execution_date=20241205T172322, start_date=20241205T172351, end_date=20241205T172410
[2024-12-05T17:24:10.873+0000] {local_task_job_runner.py:240} INFO - Task exited with return code 0
[2024-12-05T17:24:10.903+0000] {taskinstance.py:3498} INFO - 0 downstream tasks scheduled from follow-on schedule check
[2024-12-05T17:24:10.906+0000] {local_task_job_runner.py:222} INFO - ::endgroup::
