[2024-12-01T16:50:11.551+0000] {local_task_job_runner.py:120} INFO - ::group::Pre task execution logs
[2024-12-01T16:50:11.575+0000] {taskinstance.py:2076} INFO - Dependencies all met for dep_context=non-requeueable deps ti=<TaskInstance: stockprices_v2_decorator.transform scheduled__2024-12-01T16:40:00+00:00 [queued]>
[2024-12-01T16:50:11.584+0000] {taskinstance.py:2076} INFO - Dependencies all met for dep_context=requeueable deps ti=<TaskInstance: stockprices_v2_decorator.transform scheduled__2024-12-01T16:40:00+00:00 [queued]>
[2024-12-01T16:50:11.586+0000] {taskinstance.py:2306} INFO - Starting attempt 1 of 2
[2024-12-01T16:50:11.608+0000] {taskinstance.py:2330} INFO - Executing <Task(_PythonDecoratedOperator): transform> on 2024-12-01 16:40:00+00:00
[2024-12-01T16:50:11.623+0000] {warnings.py:110} WARNING - /home/***/.local/lib/python3.12/site-packages/***/task/task_runner/standard_task_runner.py:61: DeprecationWarning: This process (pid=17862) is multi-threaded, use of fork() may lead to deadlocks in the child.
  pid = os.fork()

[2024-12-01T16:50:11.636+0000] {standard_task_runner.py:63} INFO - Started process 17865 to run task
[2024-12-01T16:50:11.637+0000] {standard_task_runner.py:90} INFO - Running: ['***', 'tasks', 'run', 'stockprices_v2_decorator', 'transform', 'scheduled__2024-12-01T16:40:00+00:00', '--job-id', '3761', '--raw', '--subdir', 'DAGS_FOLDER/stockprices_v2_decorator(3).py', '--cfg-path', '/tmp/tmprw57mhnt']
[2024-12-01T16:50:11.640+0000] {standard_task_runner.py:91} INFO - Job 3761: Subtask transform
[2024-12-01T16:50:11.748+0000] {task_command.py:426} INFO - Running <TaskInstance: stockprices_v2_decorator.transform scheduled__2024-12-01T16:40:00+00:00 [running]> on host 3627cdc70e56
[2024-12-01T16:50:11.895+0000] {taskinstance.py:2648} INFO - Exporting env vars: AIRFLOW_CTX_DAG_OWNER='***' AIRFLOW_CTX_DAG_ID='stockprices_v2_decorator' AIRFLOW_CTX_TASK_ID='transform' AIRFLOW_CTX_EXECUTION_DATE='2024-12-01T16:40:00+00:00' AIRFLOW_CTX_TRY_NUMBER='1' AIRFLOW_CTX_DAG_RUN_ID='scheduled__2024-12-01T16:40:00+00:00'
[2024-12-01T16:50:11.900+0000] {taskinstance.py:430} INFO - ::endgroup::
[2024-12-01T16:50:11.908+0000] {logging_mixin.py:188} INFO - Processed Data: []
[2024-12-01T16:50:11.909+0000] {python.py:237} INFO - Done. Returned value was: []
[2024-12-01T16:50:11.913+0000] {taskinstance.py:441} INFO - ::group::Post task execution logs
[2024-12-01T16:50:11.951+0000] {taskinstance.py:1206} INFO - Marking task as SUCCESS. dag_id=stockprices_v2_decorator, task_id=transform, run_id=scheduled__2024-12-01T16:40:00+00:00, execution_date=20241201T164000, start_date=20241201T165011, end_date=20241201T165011
[2024-12-01T16:50:12.020+0000] {local_task_job_runner.py:240} INFO - Task exited with return code 0
[2024-12-01T16:50:12.066+0000] {taskinstance.py:3498} INFO - 1 downstream tasks scheduled from follow-on schedule check
[2024-12-01T16:50:12.069+0000] {local_task_job_runner.py:222} INFO - ::endgroup::
