[2024-12-04T19:50:10.528+0000] {local_task_job_runner.py:120} INFO - ::group::Pre task execution logs
[2024-12-04T19:50:10.552+0000] {taskinstance.py:2076} INFO - Dependencies all met for dep_context=non-requeueable deps ti=<TaskInstance: job_listings_etl_v2.load_csv manual__2024-12-04T19:49:54.799168+00:00 [queued]>
[2024-12-04T19:50:10.568+0000] {taskinstance.py:2076} INFO - Dependencies all met for dep_context=requeueable deps ti=<TaskInstance: job_listings_etl_v2.load_csv manual__2024-12-04T19:49:54.799168+00:00 [queued]>
[2024-12-04T19:50:10.574+0000] {taskinstance.py:2306} INFO - Starting attempt 1 of 4
[2024-12-04T19:50:10.599+0000] {taskinstance.py:2330} INFO - Executing <Task(_PythonDecoratedOperator): load_csv> on 2024-12-04 19:49:54.799168+00:00
[2024-12-04T19:50:10.614+0000] {warnings.py:110} WARNING - /home/***/.local/lib/python3.12/site-packages/***/task/task_runner/standard_task_runner.py:61: DeprecationWarning: This process (pid=86) is multi-threaded, use of fork() may lead to deadlocks in the child.
  pid = os.fork()

[2024-12-04T19:50:10.616+0000] {standard_task_runner.py:63} INFO - Started process 88 to run task
[2024-12-04T19:50:10.617+0000] {standard_task_runner.py:90} INFO - Running: ['***', 'tasks', 'run', 'job_listings_etl_v2', 'load_csv', 'manual__2024-12-04T19:49:54.799168+00:00', '--job-id', '90', '--raw', '--subdir', 'DAGS_FOLDER/ETL_FINAL_PROJECT (1).py', '--cfg-path', '/tmp/tmpc2m8wca8']
[2024-12-04T19:50:10.618+0000] {standard_task_runner.py:91} INFO - Job 90: Subtask load_csv
[2024-12-04T19:50:10.678+0000] {task_command.py:426} INFO - Running <TaskInstance: job_listings_etl_v2.load_csv manual__2024-12-04T19:49:54.799168+00:00 [running]> on host 2adeb2e19af7
[2024-12-04T19:50:11.001+0000] {taskinstance.py:2648} INFO - Exporting env vars: AIRFLOW_CTX_DAG_OWNER='***' AIRFLOW_CTX_DAG_ID='job_listings_etl_v2' AIRFLOW_CTX_TASK_ID='load_csv' AIRFLOW_CTX_EXECUTION_DATE='2024-12-04T19:49:54.799168+00:00' AIRFLOW_CTX_TRY_NUMBER='1' AIRFLOW_CTX_DAG_RUN_ID='manual__2024-12-04T19:49:54.799168+00:00'
[2024-12-04T19:50:11.006+0000] {taskinstance.py:430} INFO - ::endgroup::
[2024-12-04T19:50:11.038+0000] {base.py:84} INFO - Using connection ID 'snowflake_conn' for task execution.
[2024-12-04T19:50:11.041+0000] {connection.py:399} INFO - Snowflake Connector for Python Version: 3.10.0, Python Version: 3.12.3, Platform: Linux-5.10.25-linuxkit-aarch64-with-glibc2.36
[2024-12-04T19:50:11.044+0000] {connection.py:1239} INFO - This connection is in OCSP Fail Open Mode. TLS Certificates would be checked for validity and revocation status. Any other Certificate Revocation related exceptions or OCSP Responder failures would be disregarded in favor of connectivity.
[2024-12-04T19:50:12.441+0000] {cursor.py:1149} INFO - Number of results in first chunk: 1
[2024-12-04T19:50:12.759+0000] {cursor.py:1149} INFO - Number of results in first chunk: 1
[2024-12-04T19:50:18.511+0000] {ETL_FINAL_PROJECT (1).py:130} INFO - Successfully merged records into DEV.RAW_DATA.HISTORICAL_DATA.
[2024-12-04T19:50:18.518+0000] {python.py:237} INFO - Done. Returned value was: None
[2024-12-04T19:50:18.519+0000] {taskinstance.py:441} INFO - ::group::Post task execution logs
[2024-12-04T19:50:18.540+0000] {taskinstance.py:1206} INFO - Marking task as SUCCESS. dag_id=job_listings_etl_v2, task_id=load_csv, run_id=manual__2024-12-04T19:49:54.799168+00:00, execution_date=20241204T194954, start_date=20241204T195010, end_date=20241204T195018
[2024-12-04T19:50:18.619+0000] {local_task_job_runner.py:240} INFO - Task exited with return code 0
[2024-12-04T19:50:18.643+0000] {taskinstance.py:3498} INFO - 0 downstream tasks scheduled from follow-on schedule check
[2024-12-04T19:50:18.645+0000] {local_task_job_runner.py:222} INFO - ::endgroup::
