[2024-12-07T03:39:56.662+0000] {local_task_job_runner.py:120} INFO - ::group::Pre task execution logs
[2024-12-07T03:39:56.679+0000] {taskinstance.py:2076} INFO - Dependencies all met for dep_context=non-requeueable deps ti=<TaskInstance: job_listings_etl_v2.load_data__1 manual__2024-12-07T03:39:29.729804+00:00 [queued]>
[2024-12-07T03:39:56.687+0000] {taskinstance.py:2076} INFO - Dependencies all met for dep_context=requeueable deps ti=<TaskInstance: job_listings_etl_v2.load_data__1 manual__2024-12-07T03:39:29.729804+00:00 [queued]>
[2024-12-07T03:39:56.688+0000] {taskinstance.py:2306} INFO - Starting attempt 1 of 4
[2024-12-07T03:39:56.699+0000] {taskinstance.py:2330} INFO - Executing <Task(_PythonDecoratedOperator): load_data__1> on 2024-12-07 03:39:29.729804+00:00
[2024-12-07T03:39:56.725+0000] {warnings.py:110} WARNING - /home/***/.local/lib/python3.12/site-packages/***/task/task_runner/standard_task_runner.py:61: DeprecationWarning: This process (pid=9190) is multi-threaded, use of fork() may lead to deadlocks in the child.
  pid = os.fork()

[2024-12-07T03:39:56.727+0000] {standard_task_runner.py:63} INFO - Started process 9192 to run task
[2024-12-07T03:39:56.728+0000] {standard_task_runner.py:90} INFO - Running: ['***', 'tasks', 'run', 'job_listings_etl_v2', 'load_data__1', 'manual__2024-12-07T03:39:29.729804+00:00', '--job-id', '62', '--raw', '--subdir', 'DAGS_FOLDER/ETL_FINAL_PROJECT (1).py', '--cfg-path', '/tmp/tmpieud5bfr']
[2024-12-07T03:39:56.730+0000] {standard_task_runner.py:91} INFO - Job 62: Subtask load_data__1
[2024-12-07T03:39:56.795+0000] {task_command.py:426} INFO - Running <TaskInstance: job_listings_etl_v2.load_data__1 manual__2024-12-07T03:39:29.729804+00:00 [running]> on host 1ed1f547130e
[2024-12-07T03:39:56.890+0000] {taskinstance.py:2648} INFO - Exporting env vars: AIRFLOW_CTX_DAG_OWNER='***' AIRFLOW_CTX_DAG_ID='job_listings_etl_v2' AIRFLOW_CTX_TASK_ID='load_data__1' AIRFLOW_CTX_EXECUTION_DATE='2024-12-07T03:39:29.729804+00:00' AIRFLOW_CTX_TRY_NUMBER='1' AIRFLOW_CTX_DAG_RUN_ID='manual__2024-12-07T03:39:29.729804+00:00'
[2024-12-07T03:39:56.893+0000] {taskinstance.py:430} INFO - ::endgroup::
[2024-12-07T03:39:56.896+0000] {ETL_FINAL_PROJECT (1).py:111} WARNING - No records to load into DEV.RAW_DATA.HISTORICAL_DATA.
[2024-12-07T03:39:56.898+0000] {python.py:237} INFO - Done. Returned value was: None
[2024-12-07T03:39:56.900+0000] {taskinstance.py:441} INFO - ::group::Post task execution logs
[2024-12-07T03:39:56.916+0000] {taskinstance.py:1206} INFO - Marking task as SUCCESS. dag_id=job_listings_etl_v2, task_id=load_data__1, run_id=manual__2024-12-07T03:39:29.729804+00:00, execution_date=20241207T033929, start_date=20241207T033956, end_date=20241207T033956
[2024-12-07T03:39:56.996+0000] {local_task_job_runner.py:240} INFO - Task exited with return code 0
[2024-12-07T03:39:57.049+0000] {taskinstance.py:3498} INFO - 0 downstream tasks scheduled from follow-on schedule check
[2024-12-07T03:39:57.060+0000] {local_task_job_runner.py:222} INFO - ::endgroup::
