[2024-12-02T06:12:26.386+0000] {local_task_job_runner.py:120} INFO - ::group::Pre task execution logs
[2024-12-02T06:12:26.402+0000] {taskinstance.py:2076} INFO - Dependencies all met for dep_context=non-requeueable deps ti=<TaskInstance: BuildELT_dbt.dbt_snapshot manual__2024-12-02T06:11:47.454556+00:00 [queued]>
[2024-12-02T06:12:26.411+0000] {taskinstance.py:2076} INFO - Dependencies all met for dep_context=requeueable deps ti=<TaskInstance: BuildELT_dbt.dbt_snapshot manual__2024-12-02T06:11:47.454556+00:00 [queued]>
[2024-12-02T06:12:26.412+0000] {taskinstance.py:2306} INFO - Starting attempt 1 of 1
[2024-12-02T06:12:26.419+0000] {taskinstance.py:2330} INFO - Executing <Task(BashOperator): dbt_snapshot> on 2024-12-02 06:11:47.454556+00:00
[2024-12-02T06:12:26.438+0000] {warnings.py:110} WARNING - /home/***/.local/lib/python3.12/site-packages/***/task/task_runner/standard_task_runner.py:61: DeprecationWarning: This process (pid=337) is multi-threaded, use of fork() may lead to deadlocks in the child.
  pid = os.fork()

[2024-12-02T06:12:26.441+0000] {standard_task_runner.py:63} INFO - Started process 339 to run task
[2024-12-02T06:12:26.440+0000] {standard_task_runner.py:90} INFO - Running: ['***', 'tasks', 'run', 'BuildELT_dbt', 'dbt_snapshot', 'manual__2024-12-02T06:11:47.454556+00:00', '--job-id', '8', '--raw', '--subdir', 'DAGS_FOLDER/build_elt_with_dbt.py', '--cfg-path', '/tmp/tmpbsh6tu3u']
[2024-12-02T06:12:26.446+0000] {standard_task_runner.py:91} INFO - Job 8: Subtask dbt_snapshot
[2024-12-02T06:12:26.485+0000] {task_command.py:426} INFO - Running <TaskInstance: BuildELT_dbt.dbt_snapshot manual__2024-12-02T06:11:47.454556+00:00 [running]> on host 196076bc5f60
[2024-12-02T06:12:26.570+0000] {taskinstance.py:2648} INFO - Exporting env vars: AIRFLOW_CTX_DAG_OWNER='***' AIRFLOW_CTX_DAG_ID='BuildELT_dbt' AIRFLOW_CTX_TASK_ID='dbt_snapshot' AIRFLOW_CTX_EXECUTION_DATE='2024-12-02T06:11:47.454556+00:00' AIRFLOW_CTX_TRY_NUMBER='1' AIRFLOW_CTX_DAG_RUN_ID='manual__2024-12-02T06:11:47.454556+00:00'
[2024-12-02T06:12:26.577+0000] {taskinstance.py:430} INFO - ::endgroup::
[2024-12-02T06:12:26.578+0000] {subprocess.py:63} INFO - Tmp dir root location: /tmp
[2024-12-02T06:12:26.581+0000] {subprocess.py:75} INFO - Running command: ['/usr/bin/bash', '-c', '/home/***/.local/bin/dbt snapshot --profiles-dir /opt/***/final_dbt --project-dir /opt/***/final_dbt']
[2024-12-02T06:12:26.601+0000] {subprocess.py:86} INFO - Output:
[2024-12-02T06:12:30.248+0000] {subprocess.py:93} INFO - [0m06:12:30  Running with dbt=1.8.7
[2024-12-02T06:12:35.789+0000] {subprocess.py:93} INFO - [0m06:12:35  Registered adapter: snowflake=1.8.4
[2024-12-02T06:12:36.187+0000] {subprocess.py:93} INFO - [0m06:12:36  [[33mWARNING[0m]: Configuration paths exist in your dbt_project.yml file which do not apply to any resources.
[2024-12-02T06:12:36.189+0000] {subprocess.py:93} INFO - There are 1 unused configuration paths:
[2024-12-02T06:12:36.192+0000] {subprocess.py:93} INFO - - models.final_dbt.example
[2024-12-02T06:12:36.453+0000] {subprocess.py:93} INFO - [0m06:12:36  Found 4 models, 1 snapshot, 2 sources, 459 macros
[2024-12-02T06:12:36.462+0000] {subprocess.py:93} INFO - [0m06:12:36
[2024-12-02T06:12:42.441+0000] {subprocess.py:93} INFO - [0m06:12:42  Concurrency: 1 threads (target='dev')
[2024-12-02T06:12:42.508+0000] {subprocess.py:93} INFO - [0m06:12:42
[2024-12-02T06:12:42.711+0000] {subprocess.py:93} INFO - [0m06:12:42  1 of 1 START snapshot snapshot.test_snapshot ................................... [RUN]
[2024-12-02T06:12:48.612+0000] {subprocess.py:93} INFO - [0m06:12:48  1 of 1 OK snapshotted snapshot.test_snapshot ................................... [[32mSUCCESS 2[0m in 5.87s]
[2024-12-02T06:12:48.638+0000] {subprocess.py:93} INFO - [0m06:12:48
[2024-12-02T06:12:48.641+0000] {subprocess.py:93} INFO - [0m06:12:48  Finished running 1 snapshot in 0 hours 0 minutes and 12.17 seconds (12.17s).
[2024-12-02T06:12:48.816+0000] {subprocess.py:93} INFO - [0m06:12:48
[2024-12-02T06:12:48.820+0000] {subprocess.py:93} INFO - [0m06:12:48  [32mCompleted successfully[0m
[2024-12-02T06:12:48.827+0000] {subprocess.py:93} INFO - [0m06:12:48
[2024-12-02T06:12:48.831+0000] {subprocess.py:93} INFO - [0m06:12:48  Done. PASS=1 WARN=0 ERROR=0 SKIP=0 TOTAL=1
[2024-12-02T06:12:49.949+0000] {subprocess.py:97} INFO - Command exited with return code 0
[2024-12-02T06:12:49.965+0000] {taskinstance.py:441} INFO - ::group::Post task execution logs
[2024-12-02T06:12:50.105+0000] {taskinstance.py:1206} INFO - Marking task as SUCCESS. dag_id=BuildELT_dbt, task_id=dbt_snapshot, run_id=manual__2024-12-02T06:11:47.454556+00:00, execution_date=20241202T061147, start_date=20241202T061226, end_date=20241202T061250
[2024-12-02T06:12:50.384+0000] {local_task_job_runner.py:240} INFO - Task exited with return code 0
[2024-12-02T06:12:50.451+0000] {taskinstance.py:3498} INFO - 0 downstream tasks scheduled from follow-on schedule check
[2024-12-02T06:12:50.459+0000] {local_task_job_runner.py:222} INFO - ::endgroup::
