[2024-11-30T07:20:41.875+0000] {local_task_job_runner.py:120} INFO - ::group::Pre task execution logs
[2024-11-30T07:20:41.892+0000] {taskinstance.py:2066} INFO - Dependencies not met for <TaskInstance: stockprices_v2_decorator.transform__1 scheduled__2024-11-30T06:30:00+00:00 [up_for_retry]>, dependency 'Not In Retry Period' FAILED: Task is not ready for retry yet but will be retried automatically. Current date is 2024-11-30T07:20:41.892790+00:00 and task will be retried at 2024-11-30T07:25:23.483804+00:00.
[2024-11-30T07:20:41.899+0000] {local_task_job_runner.py:163} INFO - Task is not able to be run
[2024-11-30T07:36:41.000+0000] {local_task_job_runner.py:120} INFO - ::group::Pre task execution logs
[2024-11-30T07:36:41.075+0000] {taskinstance.py:2076} INFO - Dependencies all met for dep_context=non-requeueable deps ti=<TaskInstance: stockprices_v2_decorator.transform__1 scheduled__2024-11-30T06:30:00+00:00 [queued]>
[2024-11-30T07:36:41.086+0000] {taskinstance.py:2076} INFO - Dependencies all met for dep_context=requeueable deps ti=<TaskInstance: stockprices_v2_decorator.transform__1 scheduled__2024-11-30T06:30:00+00:00 [queued]>
[2024-11-30T07:36:41.088+0000] {taskinstance.py:2306} INFO - Starting attempt 2 of 2
[2024-11-30T07:36:41.128+0000] {taskinstance.py:2330} INFO - Executing <Task(_PythonDecoratedOperator): transform__1> on 2024-11-30 06:30:00+00:00
[2024-11-30T07:36:41.178+0000] {warnings.py:110} WARNING - /home/***/.local/lib/python3.12/site-packages/***/task/task_runner/standard_task_runner.py:61: DeprecationWarning: This process (pid=1505) is multi-threaded, use of fork() may lead to deadlocks in the child.
  pid = os.fork()

[2024-11-30T07:36:41.191+0000] {standard_task_runner.py:63} INFO - Started process 1518 to run task
[2024-11-30T07:36:41.203+0000] {standard_task_runner.py:90} INFO - Running: ['***', 'tasks', 'run', 'stockprices_v2_decorator', 'transform__1', 'scheduled__2024-11-30T06:30:00+00:00', '--job-id', '2863', '--raw', '--subdir', 'DAGS_FOLDER/stockprices_v2_decorator(3).py', '--cfg-path', '/tmp/tmpaxp__d3e']
[2024-11-30T07:36:41.210+0000] {standard_task_runner.py:91} INFO - Job 2863: Subtask transform__1
[2024-11-30T07:36:41.747+0000] {task_command.py:426} INFO - Running <TaskInstance: stockprices_v2_decorator.transform__1 scheduled__2024-11-30T06:30:00+00:00 [running]> on host 3627cdc70e56
[2024-11-30T07:36:42.091+0000] {taskinstance.py:2648} INFO - Exporting env vars: AIRFLOW_CTX_DAG_OWNER='***' AIRFLOW_CTX_DAG_ID='stockprices_v2_decorator' AIRFLOW_CTX_TASK_ID='transform__1' AIRFLOW_CTX_EXECUTION_DATE='2024-11-30T06:30:00+00:00' AIRFLOW_CTX_TRY_NUMBER='2' AIRFLOW_CTX_DAG_RUN_ID='scheduled__2024-11-30T06:30:00+00:00'
[2024-11-30T07:36:42.099+0000] {taskinstance.py:430} INFO - ::endgroup::
[2024-11-30T07:36:42.105+0000] {logging_mixin.py:188} INFO - Processed Data: []
[2024-11-30T07:36:42.109+0000] {python.py:237} INFO - Done. Returned value was: []
[2024-11-30T07:36:42.111+0000] {taskinstance.py:441} INFO - ::group::Post task execution logs
[2024-11-30T07:36:42.194+0000] {taskinstance.py:1206} INFO - Marking task as SUCCESS. dag_id=stockprices_v2_decorator, task_id=transform__1, run_id=scheduled__2024-11-30T06:30:00+00:00, execution_date=20241130T063000, start_date=20241130T073641, end_date=20241130T073642
[2024-11-30T07:36:42.329+0000] {local_task_job_runner.py:240} INFO - Task exited with return code 0
[2024-11-30T07:36:42.392+0000] {taskinstance.py:3498} INFO - 1 downstream tasks scheduled from follow-on schedule check
[2024-11-30T07:36:42.398+0000] {local_task_job_runner.py:222} INFO - ::endgroup::
