[2024-12-01T12:00:17.639+0000] {local_task_job_runner.py:120} INFO - ::group::Pre task execution logs
[2024-12-01T12:00:17.656+0000] {taskinstance.py:2076} INFO - Dependencies all met for dep_context=non-requeueable deps ti=<TaskInstance: stockprices_v2_decorator.load__1 scheduled__2024-12-01T11:50:00+00:00 [queued]>
[2024-12-01T12:00:17.667+0000] {taskinstance.py:2076} INFO - Dependencies all met for dep_context=requeueable deps ti=<TaskInstance: stockprices_v2_decorator.load__1 scheduled__2024-12-01T11:50:00+00:00 [queued]>
[2024-12-01T12:00:17.668+0000] {taskinstance.py:2306} INFO - Starting attempt 1 of 2
[2024-12-01T12:00:17.678+0000] {taskinstance.py:2330} INFO - Executing <Task(_PythonDecoratedOperator): load__1> on 2024-12-01 11:50:00+00:00
[2024-12-01T12:00:17.692+0000] {warnings.py:110} WARNING - /home/***/.local/lib/python3.12/site-packages/***/task/task_runner/standard_task_runner.py:61: DeprecationWarning: This process (pid=12930) is multi-threaded, use of fork() may lead to deadlocks in the child.
  pid = os.fork()

[2024-12-01T12:00:17.698+0000] {standard_task_runner.py:63} INFO - Started process 12933 to run task
[2024-12-01T12:00:17.699+0000] {standard_task_runner.py:90} INFO - Running: ['***', 'tasks', 'run', 'stockprices_v2_decorator', 'load__1', 'scheduled__2024-12-01T11:50:00+00:00', '--job-id', '3532', '--raw', '--subdir', 'DAGS_FOLDER/stockprices_v2_decorator(3).py', '--cfg-path', '/tmp/tmpby9ssm4f']
[2024-12-01T12:00:17.701+0000] {standard_task_runner.py:91} INFO - Job 3532: Subtask load__1
[2024-12-01T12:00:17.749+0000] {task_command.py:426} INFO - Running <TaskInstance: stockprices_v2_decorator.load__1 scheduled__2024-12-01T11:50:00+00:00 [running]> on host 3627cdc70e56
[2024-12-01T12:00:17.844+0000] {taskinstance.py:2648} INFO - Exporting env vars: AIRFLOW_CTX_DAG_OWNER='***' AIRFLOW_CTX_DAG_ID='stockprices_v2_decorator' AIRFLOW_CTX_TASK_ID='load__1' AIRFLOW_CTX_EXECUTION_DATE='2024-12-01T11:50:00+00:00' AIRFLOW_CTX_TRY_NUMBER='1' AIRFLOW_CTX_DAG_RUN_ID='scheduled__2024-12-01T11:50:00+00:00'
[2024-12-01T12:00:17.847+0000] {taskinstance.py:430} INFO - ::endgroup::
[2024-12-01T12:00:17.848+0000] {logging_mixin.py:188} INFO - No records to load.
[2024-12-01T12:00:17.849+0000] {python.py:237} INFO - Done. Returned value was: None
[2024-12-01T12:00:17.850+0000] {taskinstance.py:441} INFO - ::group::Post task execution logs
[2024-12-01T12:00:17.860+0000] {taskinstance.py:1206} INFO - Marking task as SUCCESS. dag_id=stockprices_v2_decorator, task_id=load__1, run_id=scheduled__2024-12-01T11:50:00+00:00, execution_date=20241201T115000, start_date=20241201T120017, end_date=20241201T120017
[2024-12-01T12:00:17.920+0000] {local_task_job_runner.py:240} INFO - Task exited with return code 0
[2024-12-01T12:00:17.945+0000] {taskinstance.py:3498} INFO - 0 downstream tasks scheduled from follow-on schedule check
[2024-12-01T12:00:17.947+0000] {local_task_job_runner.py:222} INFO - ::endgroup::
