[2024-11-30T04:51:34.605+0000] {local_task_job_runner.py:120} INFO - ::group::Pre task execution logs
[2024-11-30T04:51:34.833+0000] {taskinstance.py:2076} INFO - Dependencies all met for dep_context=non-requeueable deps ti=<TaskInstance: stockprices_v2_decorator.transform__1 scheduled__2024-11-30T04:40:00+00:00 [queued]>
[2024-11-30T04:51:34.919+0000] {taskinstance.py:2076} INFO - Dependencies all met for dep_context=requeueable deps ti=<TaskInstance: stockprices_v2_decorator.transform__1 scheduled__2024-11-30T04:40:00+00:00 [queued]>
[2024-11-30T04:51:34.924+0000] {taskinstance.py:2306} INFO - Starting attempt 1 of 2
[2024-11-30T04:51:35.012+0000] {taskinstance.py:2330} INFO - Executing <Task(_PythonDecoratedOperator): transform__1> on 2024-11-30 04:40:00+00:00
[2024-11-30T04:51:35.128+0000] {warnings.py:110} WARNING - /home/***/.local/lib/python3.12/site-packages/***/task/task_runner/standard_task_runner.py:61: DeprecationWarning: This process (pid=549) is multi-threaded, use of fork() may lead to deadlocks in the child.
  pid = os.fork()

[2024-11-30T04:51:35.136+0000] {standard_task_runner.py:63} INFO - Started process 562 to run task
[2024-11-30T04:51:35.147+0000] {standard_task_runner.py:90} INFO - Running: ['***', 'tasks', 'run', 'stockprices_v2_decorator', 'transform__1', 'scheduled__2024-11-30T04:40:00+00:00', '--job-id', '2799', '--raw', '--subdir', 'DAGS_FOLDER/stockprices_v2_decorator(3).py', '--cfg-path', '/tmp/tmpzamk3s78']
[2024-11-30T04:51:35.161+0000] {standard_task_runner.py:91} INFO - Job 2799: Subtask transform__1
[2024-11-30T04:51:35.664+0000] {task_command.py:426} INFO - Running <TaskInstance: stockprices_v2_decorator.transform__1 scheduled__2024-11-30T04:40:00+00:00 [running]> on host 3627cdc70e56
[2024-11-30T04:51:36.324+0000] {taskinstance.py:2648} INFO - Exporting env vars: AIRFLOW_CTX_DAG_OWNER='***' AIRFLOW_CTX_DAG_ID='stockprices_v2_decorator' AIRFLOW_CTX_TASK_ID='transform__1' AIRFLOW_CTX_EXECUTION_DATE='2024-11-30T04:40:00+00:00' AIRFLOW_CTX_TRY_NUMBER='1' AIRFLOW_CTX_DAG_RUN_ID='scheduled__2024-11-30T04:40:00+00:00'
[2024-11-30T04:51:36.348+0000] {taskinstance.py:430} INFO - ::endgroup::
[2024-11-30T04:51:36.363+0000] {logging_mixin.py:188} INFO - Processed Data: []
[2024-11-30T04:51:36.367+0000] {python.py:237} INFO - Done. Returned value was: []
[2024-11-30T04:51:36.371+0000] {taskinstance.py:441} INFO - ::group::Post task execution logs
[2024-11-30T04:51:36.518+0000] {taskinstance.py:1206} INFO - Marking task as SUCCESS. dag_id=stockprices_v2_decorator, task_id=transform__1, run_id=scheduled__2024-11-30T04:40:00+00:00, execution_date=20241130T044000, start_date=20241130T045134, end_date=20241130T045136
[2024-11-30T04:51:36.922+0000] {local_task_job_runner.py:240} INFO - Task exited with return code 0
[2024-11-30T04:51:37.135+0000] {taskinstance.py:3498} INFO - 0 downstream tasks scheduled from follow-on schedule check
[2024-11-30T04:51:37.162+0000] {local_task_job_runner.py:222} INFO - ::endgroup::
