[2024-12-01T03:11:59.843+0000] {local_task_job_runner.py:120} INFO - ::group::Pre task execution logs
[2024-12-01T03:12:00.235+0000] {taskinstance.py:2066} INFO - Dependencies not met for <TaskInstance: stockprices_v2_decorator.extract__1 scheduled__2024-12-01T01:40:00+00:00 [up_for_retry]>, dependency 'Not In Retry Period' FAILED: Task is not ready for retry yet but will be retried automatically. Current date is 2024-12-01T03:12:00.235445+00:00 and task will be retried at 2024-12-01T03:14:50.251045+00:00.
[2024-12-01T03:12:00.250+0000] {local_task_job_runner.py:163} INFO - Task is not able to be run
[2024-12-01T03:15:03.182+0000] {local_task_job_runner.py:120} INFO - ::group::Pre task execution logs
[2024-12-01T03:15:03.376+0000] {taskinstance.py:2076} INFO - Dependencies all met for dep_context=non-requeueable deps ti=<TaskInstance: stockprices_v2_decorator.extract__1 scheduled__2024-12-01T01:40:00+00:00 [queued]>
[2024-12-01T03:15:03.412+0000] {taskinstance.py:2076} INFO - Dependencies all met for dep_context=requeueable deps ti=<TaskInstance: stockprices_v2_decorator.extract__1 scheduled__2024-12-01T01:40:00+00:00 [queued]>
[2024-12-01T03:15:03.423+0000] {taskinstance.py:2306} INFO - Starting attempt 2 of 2
[2024-12-01T03:15:03.511+0000] {taskinstance.py:2330} INFO - Executing <Task(_PythonDecoratedOperator): extract__1> on 2024-12-01 01:40:00+00:00
[2024-12-01T03:15:03.659+0000] {warnings.py:110} WARNING - /home/***/.local/lib/python3.12/site-packages/***/task/task_runner/standard_task_runner.py:61: DeprecationWarning: This process (pid=6171) is multi-threaded, use of fork() may lead to deadlocks in the child.
  pid = os.fork()

[2024-12-01T03:15:03.676+0000] {standard_task_runner.py:63} INFO - Started process 6185 to run task
[2024-12-01T03:15:03.695+0000] {standard_task_runner.py:90} INFO - Running: ['***', 'tasks', 'run', 'stockprices_v2_decorator', 'extract__1', 'scheduled__2024-12-01T01:40:00+00:00', '--job-id', '3161', '--raw', '--subdir', 'DAGS_FOLDER/stockprices_v2_decorator(3).py', '--cfg-path', '/tmp/tmpkt7g6g_g']
[2024-12-01T03:15:03.715+0000] {standard_task_runner.py:91} INFO - Job 3161: Subtask extract__1
[2024-12-01T03:15:04.489+0000] {task_command.py:426} INFO - Running <TaskInstance: stockprices_v2_decorator.extract__1 scheduled__2024-12-01T01:40:00+00:00 [running]> on host 3627cdc70e56
[2024-12-01T03:15:04.839+0000] {taskinstance.py:2648} INFO - Exporting env vars: AIRFLOW_CTX_DAG_OWNER='***' AIRFLOW_CTX_DAG_ID='stockprices_v2_decorator' AIRFLOW_CTX_TASK_ID='extract__1' AIRFLOW_CTX_EXECUTION_DATE='2024-12-01T01:40:00+00:00' AIRFLOW_CTX_TRY_NUMBER='2' AIRFLOW_CTX_DAG_RUN_ID='scheduled__2024-12-01T01:40:00+00:00'
[2024-12-01T03:15:04.843+0000] {taskinstance.py:430} INFO - ::endgroup::
[2024-12-01T03:15:06.093+0000] {python.py:237} INFO - Done. Returned value was: {'Information': 'Thank you for using Alpha Vantage! Our standard API rate limit is 25 requests per day. Please subscribe to any of the premium plans at https://www.alphavantage.co/premium/ to instantly remove all daily rate limits.'}
[2024-12-01T03:15:06.200+0000] {taskinstance.py:441} INFO - ::group::Post task execution logs
[2024-12-01T03:15:06.928+0000] {taskinstance.py:1206} INFO - Marking task as SUCCESS. dag_id=stockprices_v2_decorator, task_id=extract__1, run_id=scheduled__2024-12-01T01:40:00+00:00, execution_date=20241201T014000, start_date=20241201T031503, end_date=20241201T031506
[2024-12-01T03:15:10.466+0000] {local_task_job_runner.py:240} INFO - Task exited with return code 0
[2024-12-01T03:15:11.236+0000] {taskinstance.py:3498} INFO - 0 downstream tasks scheduled from follow-on schedule check
[2024-12-01T03:15:11.391+0000] {local_task_job_runner.py:222} INFO - ::endgroup::
