[2024-11-30T22:32:38.349+0000] {local_task_job_runner.py:120} INFO - ::group::Pre task execution logs
[2024-11-30T22:32:38.834+0000] {taskinstance.py:2066} INFO - Dependencies not met for <TaskInstance: stockprices_v2_decorator.return_last_90d_price__1 scheduled__2024-11-30T20:20:00+00:00 [up_for_retry]>, dependency 'Not In Retry Period' FAILED: Task is not ready for retry yet but will be retried automatically. Current date is 2024-11-30T22:32:38.797830+00:00 and task will be retried at 2024-11-30T22:37:32.329107+00:00.
[2024-11-30T22:32:38.892+0000] {local_task_job_runner.py:163} INFO - Task is not able to be run
[2024-11-30T22:38:35.469+0000] {local_task_job_runner.py:120} INFO - ::group::Pre task execution logs
[2024-11-30T22:38:36.366+0000] {taskinstance.py:2076} INFO - Dependencies all met for dep_context=non-requeueable deps ti=<TaskInstance: stockprices_v2_decorator.return_last_90d_price__1 scheduled__2024-11-30T20:20:00+00:00 [queued]>
[2024-11-30T22:38:36.473+0000] {taskinstance.py:2076} INFO - Dependencies all met for dep_context=requeueable deps ti=<TaskInstance: stockprices_v2_decorator.return_last_90d_price__1 scheduled__2024-11-30T20:20:00+00:00 [queued]>
[2024-11-30T22:38:36.475+0000] {taskinstance.py:2306} INFO - Starting attempt 2 of 2
[2024-11-30T22:38:36.651+0000] {taskinstance.py:2330} INFO - Executing <Task(_PythonDecoratedOperator): return_last_90d_price__1> on 2024-11-30 20:20:00+00:00
[2024-11-30T22:38:36.975+0000] {warnings.py:110} WARNING - /home/***/.local/lib/python3.12/site-packages/***/task/task_runner/standard_task_runner.py:61: DeprecationWarning: This process (pid=3357) is multi-threaded, use of fork() may lead to deadlocks in the child.
  pid = os.fork()

[2024-11-30T22:38:37.093+0000] {standard_task_runner.py:63} INFO - Started process 3395 to run task
[2024-11-30T22:38:37.220+0000] {standard_task_runner.py:90} INFO - Running: ['***', 'tasks', 'run', 'stockprices_v2_decorator', 'return_last_90d_price__1', 'scheduled__2024-11-30T20:20:00+00:00', '--job-id', '2997', '--raw', '--subdir', 'DAGS_FOLDER/stockprices_v2_decorator(3).py', '--cfg-path', '/tmp/tmp6llu8au3']
[2024-11-30T22:38:37.250+0000] {standard_task_runner.py:91} INFO - Job 2997: Subtask return_last_90d_price__1
[2024-11-30T22:38:38.614+0000] {task_command.py:426} INFO - Running <TaskInstance: stockprices_v2_decorator.return_last_90d_price__1 scheduled__2024-11-30T20:20:00+00:00 [running]> on host 3627cdc70e56
[2024-11-30T22:38:43.328+0000] {taskinstance.py:2648} INFO - Exporting env vars: AIRFLOW_CTX_DAG_OWNER='***' AIRFLOW_CTX_DAG_ID='stockprices_v2_decorator' AIRFLOW_CTX_TASK_ID='return_last_90d_price__1' AIRFLOW_CTX_EXECUTION_DATE='2024-11-30T20:20:00+00:00' AIRFLOW_CTX_TRY_NUMBER='2' AIRFLOW_CTX_DAG_RUN_ID='scheduled__2024-11-30T20:20:00+00:00'
[2024-11-30T22:38:43.379+0000] {taskinstance.py:430} INFO - ::endgroup::
[2024-11-30T22:38:44.849+0000] {python.py:237} INFO - Done. Returned value was: []
[2024-11-30T22:38:44.878+0000] {taskinstance.py:441} INFO - ::group::Post task execution logs
[2024-11-30T22:38:45.452+0000] {taskinstance.py:1206} INFO - Marking task as SUCCESS. dag_id=stockprices_v2_decorator, task_id=return_last_90d_price__1, run_id=scheduled__2024-11-30T20:20:00+00:00, execution_date=20241130T202000, start_date=20241130T223836, end_date=20241130T223845
[2024-11-30T22:38:46.281+0000] {local_task_job_runner.py:240} INFO - Task exited with return code 0
[2024-11-30T22:38:46.413+0000] {local_task_job_runner.py:222} INFO - ::endgroup::
