[2024-12-01T01:40:18.262+0000] {local_task_job_runner.py:120} INFO - ::group::Pre task execution logs
[2024-12-01T01:40:18.363+0000] {taskinstance.py:2076} INFO - Dependencies all met for dep_context=non-requeueable deps ti=<TaskInstance: stockprices_v2_decorator.transform__1 scheduled__2024-12-01T01:30:00+00:00 [queued]>
[2024-12-01T01:40:18.388+0000] {taskinstance.py:2076} INFO - Dependencies all met for dep_context=requeueable deps ti=<TaskInstance: stockprices_v2_decorator.transform__1 scheduled__2024-12-01T01:30:00+00:00 [queued]>
[2024-12-01T01:40:18.391+0000] {taskinstance.py:2306} INFO - Starting attempt 1 of 2
[2024-12-01T01:40:18.439+0000] {taskinstance.py:2330} INFO - Executing <Task(_PythonDecoratedOperator): transform__1> on 2024-12-01 01:30:00+00:00
[2024-12-01T01:40:18.490+0000] {warnings.py:110} WARNING - /home/***/.local/lib/python3.12/site-packages/***/task/task_runner/standard_task_runner.py:61: DeprecationWarning: This process (pid=5885) is multi-threaded, use of fork() may lead to deadlocks in the child.
  pid = os.fork()

[2024-12-01T01:40:18.508+0000] {standard_task_runner.py:63} INFO - Started process 5889 to run task
[2024-12-01T01:40:18.503+0000] {standard_task_runner.py:90} INFO - Running: ['***', 'tasks', 'run', 'stockprices_v2_decorator', 'transform__1', 'scheduled__2024-12-01T01:30:00+00:00', '--job-id', '3149', '--raw', '--subdir', 'DAGS_FOLDER/stockprices_v2_decorator(3).py', '--cfg-path', '/tmp/tmp96o09gop']
[2024-12-01T01:40:18.518+0000] {standard_task_runner.py:91} INFO - Job 3149: Subtask transform__1
[2024-12-01T01:40:18.764+0000] {task_command.py:426} INFO - Running <TaskInstance: stockprices_v2_decorator.transform__1 scheduled__2024-12-01T01:30:00+00:00 [running]> on host 3627cdc70e56
[2024-12-01T01:40:19.039+0000] {taskinstance.py:2648} INFO - Exporting env vars: AIRFLOW_CTX_DAG_OWNER='***' AIRFLOW_CTX_DAG_ID='stockprices_v2_decorator' AIRFLOW_CTX_TASK_ID='transform__1' AIRFLOW_CTX_EXECUTION_DATE='2024-12-01T01:30:00+00:00' AIRFLOW_CTX_TRY_NUMBER='1' AIRFLOW_CTX_DAG_RUN_ID='scheduled__2024-12-01T01:30:00+00:00'
[2024-12-01T01:40:19.045+0000] {taskinstance.py:430} INFO - ::endgroup::
[2024-12-01T01:40:19.052+0000] {logging_mixin.py:188} INFO - Processed Data: []
[2024-12-01T01:40:19.056+0000] {python.py:237} INFO - Done. Returned value was: []
[2024-12-01T01:40:19.058+0000] {taskinstance.py:441} INFO - ::group::Post task execution logs
[2024-12-01T01:40:19.096+0000] {taskinstance.py:1206} INFO - Marking task as SUCCESS. dag_id=stockprices_v2_decorator, task_id=transform__1, run_id=scheduled__2024-12-01T01:30:00+00:00, execution_date=20241201T013000, start_date=20241201T014018, end_date=20241201T014019
[2024-12-01T01:40:19.191+0000] {local_task_job_runner.py:240} INFO - Task exited with return code 0
[2024-12-01T01:40:19.321+0000] {taskinstance.py:3498} INFO - 1 downstream tasks scheduled from follow-on schedule check
[2024-12-01T01:40:19.332+0000] {local_task_job_runner.py:222} INFO - ::endgroup::
