[2024-12-01T20:00:18.564+0000] {local_task_job_runner.py:120} INFO - ::group::Pre task execution logs
[2024-12-01T20:00:18.578+0000] {taskinstance.py:2076} INFO - Dependencies all met for dep_context=non-requeueable deps ti=<TaskInstance: stockprices_v2_decorator.transform__1 scheduled__2024-12-01T19:50:00+00:00 [queued]>
[2024-12-01T20:00:18.585+0000] {taskinstance.py:2076} INFO - Dependencies all met for dep_context=requeueable deps ti=<TaskInstance: stockprices_v2_decorator.transform__1 scheduled__2024-12-01T19:50:00+00:00 [queued]>
[2024-12-01T20:00:18.586+0000] {taskinstance.py:2306} INFO - Starting attempt 1 of 2
[2024-12-01T20:00:18.600+0000] {taskinstance.py:2330} INFO - Executing <Task(_PythonDecoratedOperator): transform__1> on 2024-12-01 19:50:00+00:00
[2024-12-01T20:00:18.617+0000] {warnings.py:110} WARNING - /home/***/.local/lib/python3.12/site-packages/***/task/task_runner/standard_task_runner.py:61: DeprecationWarning: This process (pid=19286) is multi-threaded, use of fork() may lead to deadlocks in the child.
  pid = os.fork()

[2024-12-01T20:00:18.624+0000] {standard_task_runner.py:63} INFO - Started process 19289 to run task
[2024-12-01T20:00:18.631+0000] {standard_task_runner.py:90} INFO - Running: ['***', 'tasks', 'run', 'stockprices_v2_decorator', 'transform__1', 'scheduled__2024-12-01T19:50:00+00:00', '--job-id', '3868', '--raw', '--subdir', 'DAGS_FOLDER/stockprices_v2_decorator(3).py', '--cfg-path', '/tmp/tmpbmz9zi5_']
[2024-12-01T20:00:18.635+0000] {standard_task_runner.py:91} INFO - Job 3868: Subtask transform__1
[2024-12-01T20:00:18.702+0000] {task_command.py:426} INFO - Running <TaskInstance: stockprices_v2_decorator.transform__1 scheduled__2024-12-01T19:50:00+00:00 [running]> on host 3627cdc70e56
[2024-12-01T20:00:18.791+0000] {taskinstance.py:2648} INFO - Exporting env vars: AIRFLOW_CTX_DAG_OWNER='***' AIRFLOW_CTX_DAG_ID='stockprices_v2_decorator' AIRFLOW_CTX_TASK_ID='transform__1' AIRFLOW_CTX_EXECUTION_DATE='2024-12-01T19:50:00+00:00' AIRFLOW_CTX_TRY_NUMBER='1' AIRFLOW_CTX_DAG_RUN_ID='scheduled__2024-12-01T19:50:00+00:00'
[2024-12-01T20:00:18.793+0000] {taskinstance.py:430} INFO - ::endgroup::
[2024-12-01T20:00:18.794+0000] {logging_mixin.py:188} INFO - Processed Data: []
[2024-12-01T20:00:18.795+0000] {python.py:237} INFO - Done. Returned value was: []
[2024-12-01T20:00:18.795+0000] {taskinstance.py:441} INFO - ::group::Post task execution logs
[2024-12-01T20:00:18.816+0000] {taskinstance.py:1206} INFO - Marking task as SUCCESS. dag_id=stockprices_v2_decorator, task_id=transform__1, run_id=scheduled__2024-12-01T19:50:00+00:00, execution_date=20241201T195000, start_date=20241201T200018, end_date=20241201T200018
[2024-12-01T20:00:18.842+0000] {local_task_job_runner.py:240} INFO - Task exited with return code 0
[2024-12-01T20:00:18.862+0000] {taskinstance.py:3498} INFO - 1 downstream tasks scheduled from follow-on schedule check
[2024-12-01T20:00:18.864+0000] {local_task_job_runner.py:222} INFO - ::endgroup::
