[2024-12-03T06:50:25.960+0000] {local_task_job_runner.py:120} INFO - ::group::Pre task execution logs
[2024-12-03T06:50:26.052+0000] {taskinstance.py:2076} INFO - Dependencies all met for dep_context=non-requeueable deps ti=<TaskInstance: job_listings_etl_v2.extract_csv manual__2024-12-03T06:43:55.530750+00:00 [queued]>
[2024-12-03T06:50:26.080+0000] {taskinstance.py:2076} INFO - Dependencies all met for dep_context=requeueable deps ti=<TaskInstance: job_listings_etl_v2.extract_csv manual__2024-12-03T06:43:55.530750+00:00 [queued]>
[2024-12-03T06:50:26.084+0000] {taskinstance.py:2306} INFO - Starting attempt 2 of 4
[2024-12-03T06:50:26.122+0000] {taskinstance.py:2330} INFO - Executing <Task(_PythonDecoratedOperator): extract_csv> on 2024-12-03 06:43:55.530750+00:00
[2024-12-03T06:50:26.153+0000] {warnings.py:110} WARNING - /home/***/.local/lib/python3.12/site-packages/***/task/task_runner/standard_task_runner.py:61: DeprecationWarning: This process (pid=463) is multi-threaded, use of fork() may lead to deadlocks in the child.
  pid = os.fork()

[2024-12-03T06:50:26.182+0000] {standard_task_runner.py:63} INFO - Started process 470 to run task
[2024-12-03T06:50:26.180+0000] {standard_task_runner.py:90} INFO - Running: ['***', 'tasks', 'run', 'job_listings_etl_v2', 'extract_csv', 'manual__2024-12-03T06:43:55.530750+00:00', '--job-id', '20', '--raw', '--subdir', 'DAGS_FOLDER/ETL_FINAL_PROJECT (1).py', '--cfg-path', '/tmp/tmpm43wr7m7']
[2024-12-03T06:50:26.188+0000] {standard_task_runner.py:91} INFO - Job 20: Subtask extract_csv
[2024-12-03T06:50:26.820+0000] {task_command.py:426} INFO - Running <TaskInstance: job_listings_etl_v2.extract_csv manual__2024-12-03T06:43:55.530750+00:00 [running]> on host 2adeb2e19af7
[2024-12-03T06:50:27.332+0000] {taskinstance.py:2648} INFO - Exporting env vars: AIRFLOW_CTX_DAG_OWNER='***' AIRFLOW_CTX_DAG_ID='job_listings_etl_v2' AIRFLOW_CTX_TASK_ID='extract_csv' AIRFLOW_CTX_EXECUTION_DATE='2024-12-03T06:43:55.530750+00:00' AIRFLOW_CTX_TRY_NUMBER='2' AIRFLOW_CTX_DAG_RUN_ID='manual__2024-12-03T06:43:55.530750+00:00'
[2024-12-03T06:50:27.352+0000] {taskinstance.py:430} INFO - ::endgroup::
[2024-12-03T06:50:27.500+0000] {base.py:84} INFO - Using connection ID 'snowflake_conn' for task execution.
[2024-12-03T06:50:27.528+0000] {connection.py:399} INFO - Snowflake Connector for Python Version: 3.10.0, Python Version: 3.12.3, Platform: Linux-5.10.25-linuxkit-aarch64-with-glibc2.36
[2024-12-03T06:50:27.544+0000] {connection.py:1239} INFO - This connection is in OCSP Fail Open Mode. TLS Certificates would be checked for validity and revocation status. Any other Certificate Revocation related exceptions or OCSP Responder failures would be disregarded in favor of connectivity.
[2024-12-03T06:50:29.981+0000] {ETL_FINAL_PROJECT (1).py:147} ERROR - Failed to extract data from Snowflake: 002003 (42S02): 01b8c71a-0000-1b04-0000-370d00041536: SQL compilation error:
Object 'DEV.RAW_DATA.DEMO_HISTORICAL' does not exist or not authorized.
[2024-12-03T06:50:29.986+0000] {taskinstance.py:441} INFO - ::group::Post task execution logs
[2024-12-03T06:50:30.047+0000] {taskinstance.py:2905} ERROR - Task failed with exception
Traceback (most recent call last):
  File "/opt/airflow/dags/ETL_FINAL_PROJECT (1).py", line 139, in extract_csv
    cur.execute(query)
  File "/home/airflow/.local/lib/python3.12/site-packages/snowflake/connector/cursor.py", line 1080, in execute
    Error.errorhandler_wrapper(self.connection, self, error_class, errvalue)
  File "/home/airflow/.local/lib/python3.12/site-packages/snowflake/connector/errors.py", line 290, in errorhandler_wrapper
    handed_over = Error.hand_to_other_handler(
                  ^^^^^^^^^^^^^^^^^^^^^^^^^^^^
  File "/home/airflow/.local/lib/python3.12/site-packages/snowflake/connector/errors.py", line 345, in hand_to_other_handler
    cursor.errorhandler(connection, cursor, error_class, error_value)
  File "/home/airflow/.local/lib/python3.12/site-packages/snowflake/connector/errors.py", line 221, in default_errorhandler
    raise error_class(
snowflake.connector.errors.ProgrammingError: 002003 (42S02): 01b8c71a-0000-1b04-0000-370d00041536: SQL compilation error:
Object 'DEV.RAW_DATA.DEMO_HISTORICAL' does not exist or not authorized.

During handling of the above exception, another exception occurred:

Traceback (most recent call last):
  File "/home/airflow/.local/lib/python3.12/site-packages/airflow/models/taskinstance.py", line 465, in _execute_task
    result = _execute_callable(context=context, **execute_callable_kwargs)
             ^^^^^^^^^^^^^^^^^^^^^^^^^^^^^^^^^^^^^^^^^^^^^^^^^^^^^^^^^^^^^
  File "/home/airflow/.local/lib/python3.12/site-packages/airflow/models/taskinstance.py", line 432, in _execute_callable
    return execute_callable(context=context, **execute_callable_kwargs)
           ^^^^^^^^^^^^^^^^^^^^^^^^^^^^^^^^^^^^^^^^^^^^^^^^^^^^^^^^^^^^
  File "/home/airflow/.local/lib/python3.12/site-packages/airflow/models/baseoperator.py", line 400, in wrapper
    return func(self, *args, **kwargs)
           ^^^^^^^^^^^^^^^^^^^^^^^^^^^
  File "/home/airflow/.local/lib/python3.12/site-packages/airflow/decorators/base.py", line 265, in execute
    return_value = super().execute(context)
                   ^^^^^^^^^^^^^^^^^^^^^^^^
  File "/home/airflow/.local/lib/python3.12/site-packages/airflow/models/baseoperator.py", line 400, in wrapper
    return func(self, *args, **kwargs)
           ^^^^^^^^^^^^^^^^^^^^^^^^^^^
  File "/home/airflow/.local/lib/python3.12/site-packages/airflow/operators/python.py", line 235, in execute
    return_value = self.execute_callable()
                   ^^^^^^^^^^^^^^^^^^^^^^^
  File "/home/airflow/.local/lib/python3.12/site-packages/airflow/operators/python.py", line 252, in execute_callable
    return self.python_callable(*self.op_args, **self.op_kwargs)
           ^^^^^^^^^^^^^^^^^^^^^^^^^^^^^^^^^^^^^^^^^^^^^^^^^^^^^
  File "/opt/airflow/dags/ETL_FINAL_PROJECT (1).py", line 148, in extract_csv
    raise AirflowException(f"Failed to extract data from Snowflake: {e}")
airflow.exceptions.AirflowException: Failed to extract data from Snowflake: 002003 (42S02): 01b8c71a-0000-1b04-0000-370d00041536: SQL compilation error:
Object 'DEV.RAW_DATA.DEMO_HISTORICAL' does not exist or not authorized.
[2024-12-03T06:50:30.063+0000] {taskinstance.py:1206} INFO - Marking task as UP_FOR_RETRY. dag_id=job_listings_etl_v2, task_id=extract_csv, run_id=manual__2024-12-03T06:43:55.530750+00:00, execution_date=20241203T064355, start_date=20241203T065026, end_date=20241203T065030
[2024-12-03T06:50:30.116+0000] {standard_task_runner.py:110} ERROR - Failed to execute job 20 for task extract_csv (Failed to extract data from Snowflake: 002003 (42S02): 01b8c71a-0000-1b04-0000-370d00041536: SQL compilation error:
Object 'DEV.RAW_DATA.DEMO_HISTORICAL' does not exist or not authorized.; 470)
[2024-12-03T06:50:30.219+0000] {local_task_job_runner.py:240} INFO - Task exited with return code 1
[2024-12-03T06:50:30.386+0000] {taskinstance.py:3498} INFO - 0 downstream tasks scheduled from follow-on schedule check
[2024-12-03T06:50:30.397+0000] {local_task_job_runner.py:222} INFO - ::endgroup::
