[2024-12-03T07:30:30.227+0000] {local_task_job_runner.py:120} INFO - ::group::Pre task execution logs
[2024-12-03T07:30:30.268+0000] {taskinstance.py:2076} INFO - Dependencies all met for dep_context=non-requeueable deps ti=<TaskInstance: job_listings_etl_v2.load_csv manual__2024-12-03T07:30:08.880628+00:00 [queued]>
[2024-12-03T07:30:30.282+0000] {taskinstance.py:2076} INFO - Dependencies all met for dep_context=requeueable deps ti=<TaskInstance: job_listings_etl_v2.load_csv manual__2024-12-03T07:30:08.880628+00:00 [queued]>
[2024-12-03T07:30:30.287+0000] {taskinstance.py:2306} INFO - Starting attempt 1 of 4
[2024-12-03T07:30:30.312+0000] {taskinstance.py:2330} INFO - Executing <Task(_PythonDecoratedOperator): load_csv> on 2024-12-03 07:30:08.880628+00:00
[2024-12-03T07:30:30.343+0000] {warnings.py:110} WARNING - /home/***/.local/lib/python3.12/site-packages/***/task/task_runner/standard_task_runner.py:61: DeprecationWarning: This process (pid=1163) is multi-threaded, use of fork() may lead to deadlocks in the child.
  pid = os.fork()

[2024-12-03T07:30:30.355+0000] {standard_task_runner.py:63} INFO - Started process 1167 to run task
[2024-12-03T07:30:30.352+0000] {standard_task_runner.py:90} INFO - Running: ['***', 'tasks', 'run', 'job_listings_etl_v2', 'load_csv', 'manual__2024-12-03T07:30:08.880628+00:00', '--job-id', '52', '--raw', '--subdir', 'DAGS_FOLDER/ETL_FINAL_PROJECT (1).py', '--cfg-path', '/tmp/tmpn5cf2pzu']
[2024-12-03T07:30:30.360+0000] {standard_task_runner.py:91} INFO - Job 52: Subtask load_csv
[2024-12-03T07:30:30.475+0000] {task_command.py:426} INFO - Running <TaskInstance: job_listings_etl_v2.load_csv manual__2024-12-03T07:30:08.880628+00:00 [running]> on host 2adeb2e19af7
[2024-12-03T07:30:30.615+0000] {taskinstance.py:2648} INFO - Exporting env vars: AIRFLOW_CTX_DAG_OWNER='***' AIRFLOW_CTX_DAG_ID='job_listings_etl_v2' AIRFLOW_CTX_TASK_ID='load_csv' AIRFLOW_CTX_EXECUTION_DATE='2024-12-03T07:30:08.880628+00:00' AIRFLOW_CTX_TRY_NUMBER='1' AIRFLOW_CTX_DAG_RUN_ID='manual__2024-12-03T07:30:08.880628+00:00'
[2024-12-03T07:30:30.618+0000] {taskinstance.py:430} INFO - ::endgroup::
[2024-12-03T07:30:30.620+0000] {ETL_FINAL_PROJECT (1).py:161} INFO - No records to load from CSV.
[2024-12-03T07:30:30.621+0000] {python.py:237} INFO - Done. Returned value was: None
[2024-12-03T07:30:30.621+0000] {taskinstance.py:441} INFO - ::group::Post task execution logs
[2024-12-03T07:30:30.629+0000] {taskinstance.py:1206} INFO - Marking task as SUCCESS. dag_id=job_listings_etl_v2, task_id=load_csv, run_id=manual__2024-12-03T07:30:08.880628+00:00, execution_date=20241203T073008, start_date=20241203T073030, end_date=20241203T073030
[2024-12-03T07:30:30.657+0000] {local_task_job_runner.py:240} INFO - Task exited with return code 0
[2024-12-03T07:30:30.674+0000] {taskinstance.py:3498} INFO - 0 downstream tasks scheduled from follow-on schedule check
[2024-12-03T07:30:30.675+0000] {local_task_job_runner.py:222} INFO - ::endgroup::
