[2024-12-03T19:10:14.119+0000] {local_task_job_runner.py:120} INFO - ::group::Pre task execution logs
[2024-12-03T19:10:14.155+0000] {taskinstance.py:2076} INFO - Dependencies all met for dep_context=non-requeueable deps ti=<TaskInstance: BuildELT_dbt.dbt_snapshot manual__2024-12-03T19:09:30.926688+00:00 [queued]>
[2024-12-03T19:10:14.170+0000] {taskinstance.py:2076} INFO - Dependencies all met for dep_context=requeueable deps ti=<TaskInstance: BuildELT_dbt.dbt_snapshot manual__2024-12-03T19:09:30.926688+00:00 [queued]>
[2024-12-03T19:10:14.174+0000] {taskinstance.py:2306} INFO - Starting attempt 1 of 1
[2024-12-03T19:10:14.188+0000] {taskinstance.py:2330} INFO - Executing <Task(BashOperator): dbt_snapshot> on 2024-12-03 19:09:30.926688+00:00
[2024-12-03T19:10:14.248+0000] {warnings.py:110} WARNING - /home/***/.local/lib/python3.12/site-packages/***/task/task_runner/standard_task_runner.py:61: DeprecationWarning: This process (pid=2777) is multi-threaded, use of fork() may lead to deadlocks in the child.
  pid = os.fork()

[2024-12-03T19:10:14.252+0000] {standard_task_runner.py:63} INFO - Started process 2779 to run task
[2024-12-03T19:10:14.250+0000] {standard_task_runner.py:90} INFO - Running: ['***', 'tasks', 'run', 'BuildELT_dbt', 'dbt_snapshot', 'manual__2024-12-03T19:09:30.926688+00:00', '--job-id', '66', '--raw', '--subdir', 'DAGS_FOLDER/build_elt_with_dbt.py', '--cfg-path', '/tmp/tmp2zimsm0_']
[2024-12-03T19:10:14.255+0000] {standard_task_runner.py:91} INFO - Job 66: Subtask dbt_snapshot
[2024-12-03T19:10:14.306+0000] {task_command.py:426} INFO - Running <TaskInstance: BuildELT_dbt.dbt_snapshot manual__2024-12-03T19:09:30.926688+00:00 [running]> on host 2adeb2e19af7
[2024-12-03T19:10:14.396+0000] {taskinstance.py:2648} INFO - Exporting env vars: AIRFLOW_CTX_DAG_OWNER='***' AIRFLOW_CTX_DAG_ID='BuildELT_dbt' AIRFLOW_CTX_TASK_ID='dbt_snapshot' AIRFLOW_CTX_EXECUTION_DATE='2024-12-03T19:09:30.926688+00:00' AIRFLOW_CTX_TRY_NUMBER='1' AIRFLOW_CTX_DAG_RUN_ID='manual__2024-12-03T19:09:30.926688+00:00'
[2024-12-03T19:10:14.400+0000] {taskinstance.py:430} INFO - ::endgroup::
[2024-12-03T19:10:14.405+0000] {subprocess.py:63} INFO - Tmp dir root location: /tmp
[2024-12-03T19:10:14.409+0000] {subprocess.py:75} INFO - Running command: ['/usr/bin/bash', '-c', '/home/***/.local/bin/dbt snapshot --profiles-dir /opt/***/final_dbt --project-dir /opt/***/final_dbt']
[2024-12-03T19:10:14.457+0000] {subprocess.py:86} INFO - Output:
[2024-12-03T19:10:16.831+0000] {subprocess.py:93} INFO - [0m19:10:16  Running with dbt=1.8.7
[2024-12-03T19:10:18.372+0000] {subprocess.py:93} INFO - [0m19:10:18  Registered adapter: snowflake=1.8.4
[2024-12-03T19:10:18.937+0000] {subprocess.py:93} INFO - [0m19:10:18  [[33mWARNING[0m]: Configuration paths exist in your dbt_project.yml file which do not apply to any resources.
[2024-12-03T19:10:18.941+0000] {subprocess.py:93} INFO - There are 1 unused configuration paths:
[2024-12-03T19:10:18.943+0000] {subprocess.py:93} INFO - - models.final_dbt.example
[2024-12-03T19:10:19.258+0000] {subprocess.py:93} INFO - [0m19:10:19  Found 1 snapshot, 3 models, 2 sources, 459 macros
[2024-12-03T19:10:19.282+0000] {subprocess.py:93} INFO - [0m19:10:19
[2024-12-03T19:10:24.272+0000] {subprocess.py:93} INFO - [0m19:10:24  Concurrency: 1 threads (target='dev')
[2024-12-03T19:10:24.278+0000] {subprocess.py:93} INFO - [0m19:10:24
[2024-12-03T19:10:24.292+0000] {subprocess.py:93} INFO - [0m19:10:24  1 of 1 START snapshot snapshot.test_snapshot ................................... [RUN]
[2024-12-03T19:10:29.952+0000] {subprocess.py:93} INFO - [0m19:10:29  1 of 1 OK snapshotted snapshot.test_snapshot ................................... [[32mSUCCESS 2[0m in 5.63s]
[2024-12-03T19:10:29.995+0000] {subprocess.py:93} INFO - [0m19:10:29
[2024-12-03T19:10:30.002+0000] {subprocess.py:93} INFO - [0m19:10:30  Finished running 1 snapshot in 0 hours 0 minutes and 10.73 seconds (10.73s).
[2024-12-03T19:10:30.360+0000] {subprocess.py:93} INFO - [0m19:10:30
[2024-12-03T19:10:30.367+0000] {subprocess.py:93} INFO - [0m19:10:30  [32mCompleted successfully[0m
[2024-12-03T19:10:30.369+0000] {subprocess.py:93} INFO - [0m19:10:30
[2024-12-03T19:10:30.372+0000] {subprocess.py:93} INFO - [0m19:10:30  Done. PASS=1 WARN=0 ERROR=0 SKIP=0 TOTAL=1
[2024-12-03T19:10:31.550+0000] {subprocess.py:97} INFO - Command exited with return code 0
[2024-12-03T19:10:31.559+0000] {taskinstance.py:441} INFO - ::group::Post task execution logs
[2024-12-03T19:10:31.639+0000] {taskinstance.py:1206} INFO - Marking task as SUCCESS. dag_id=BuildELT_dbt, task_id=dbt_snapshot, run_id=manual__2024-12-03T19:09:30.926688+00:00, execution_date=20241203T190930, start_date=20241203T191014, end_date=20241203T191031
[2024-12-03T19:10:31.760+0000] {local_task_job_runner.py:240} INFO - Task exited with return code 0
[2024-12-03T19:10:31.801+0000] {taskinstance.py:3498} INFO - 0 downstream tasks scheduled from follow-on schedule check
[2024-12-03T19:10:31.809+0000] {local_task_job_runner.py:222} INFO - ::endgroup::
