[2024-12-07T03:41:26.260+0000] {local_task_job_runner.py:120} INFO - ::group::Pre task execution logs
[2024-12-07T03:41:26.327+0000] {taskinstance.py:2076} INFO - Dependencies all met for dep_context=non-requeueable deps ti=<TaskInstance: BuildELT_dbt.dbt_run manual__2024-12-07T03:41:22.578022+00:00 [queued]>
[2024-12-07T03:41:26.346+0000] {taskinstance.py:2076} INFO - Dependencies all met for dep_context=requeueable deps ti=<TaskInstance: BuildELT_dbt.dbt_run manual__2024-12-07T03:41:22.578022+00:00 [queued]>
[2024-12-07T03:41:26.349+0000] {taskinstance.py:2306} INFO - Starting attempt 1 of 1
[2024-12-07T03:41:26.375+0000] {taskinstance.py:2330} INFO - Executing <Task(BashOperator): dbt_run> on 2024-12-07 03:41:22.578022+00:00
[2024-12-07T03:41:26.446+0000] {warnings.py:110} WARNING - /home/***/.local/lib/python3.12/site-packages/***/task/task_runner/standard_task_runner.py:61: DeprecationWarning: This process (pid=9209) is multi-threaded, use of fork() may lead to deadlocks in the child.
  pid = os.fork()

[2024-12-07T03:41:26.453+0000] {standard_task_runner.py:63} INFO - Started process 9211 to run task
[2024-12-07T03:41:26.461+0000] {standard_task_runner.py:90} INFO - Running: ['***', 'tasks', 'run', 'BuildELT_dbt', 'dbt_run', 'manual__2024-12-07T03:41:22.578022+00:00', '--job-id', '63', '--raw', '--subdir', 'DAGS_FOLDER/build_elt_with_dbt.py', '--cfg-path', '/tmp/tmpw3n56k0m']
[2024-12-07T03:41:26.473+0000] {standard_task_runner.py:91} INFO - Job 63: Subtask dbt_run
[2024-12-07T03:41:26.582+0000] {task_command.py:426} INFO - Running <TaskInstance: BuildELT_dbt.dbt_run manual__2024-12-07T03:41:22.578022+00:00 [running]> on host 1ed1f547130e
[2024-12-07T03:41:26.750+0000] {taskinstance.py:2648} INFO - Exporting env vars: AIRFLOW_CTX_DAG_OWNER='***' AIRFLOW_CTX_DAG_ID='BuildELT_dbt' AIRFLOW_CTX_TASK_ID='dbt_run' AIRFLOW_CTX_EXECUTION_DATE='2024-12-07T03:41:22.578022+00:00' AIRFLOW_CTX_TRY_NUMBER='1' AIRFLOW_CTX_DAG_RUN_ID='manual__2024-12-07T03:41:22.578022+00:00'
[2024-12-07T03:41:26.762+0000] {taskinstance.py:430} INFO - ::endgroup::
[2024-12-07T03:41:26.772+0000] {subprocess.py:63} INFO - Tmp dir root location: /tmp
[2024-12-07T03:41:26.776+0000] {subprocess.py:75} INFO - Running command: ['/usr/bin/bash', '-c', '/home/***/.local/bin/dbt run --profiles-dir /opt/***/final_dbt --project-dir /opt/***/final_dbt']
[2024-12-07T03:41:26.816+0000] {subprocess.py:86} INFO - Output:
[2024-12-07T03:41:29.270+0000] {subprocess.py:93} INFO - [0m03:41:29  Running with dbt=1.8.7
[2024-12-07T03:41:30.491+0000] {subprocess.py:93} INFO - [0m03:41:30  Registered adapter: snowflake=1.8.4
[2024-12-07T03:41:31.288+0000] {subprocess.py:93} INFO - [0m03:41:31  [[33mWARNING[0m]: Configuration paths exist in your dbt_project.yml file which do not apply to any resources.
[2024-12-07T03:41:31.299+0000] {subprocess.py:93} INFO - There are 1 unused configuration paths:
[2024-12-07T03:41:31.301+0000] {subprocess.py:93} INFO - - models.final_dbt.example
[2024-12-07T03:41:31.514+0000] {subprocess.py:93} INFO - [0m03:41:31  Found 2 snapshots, 3 models, 2 sources, 459 macros
[2024-12-07T03:41:31.522+0000] {subprocess.py:93} INFO - [0m03:41:31
[2024-12-07T03:41:39.021+0000] {subprocess.py:93} INFO - [0m03:41:39  Concurrency: 1 threads (target='dev')
[2024-12-07T03:41:39.029+0000] {subprocess.py:93} INFO - [0m03:41:39
[2024-12-07T03:41:39.055+0000] {subprocess.py:93} INFO - [0m03:41:39  1 of 3 START sql view model analytics.stg_job_listings ......................... [RUN]
[2024-12-07T03:41:41.588+0000] {subprocess.py:93} INFO - [0m03:41:41  1 of 3 OK created sql view model analytics.stg_job_listings .................... [[32mSUCCESS 1[0m in 2.51s]
[2024-12-07T03:41:41.597+0000] {subprocess.py:93} INFO - [0m03:41:41  2 of 3 START sql view model analytics.stg_job_listings_history ................. [RUN]
[2024-12-07T03:41:44.098+0000] {subprocess.py:93} INFO - [0m03:41:44  2 of 3 OK created sql view model analytics.stg_job_listings_history ............ [[32mSUCCESS 1[0m in 2.49s]
[2024-12-07T03:41:44.107+0000] {subprocess.py:93} INFO - [0m03:41:44  3 of 3 START sql table model analytics.job_salary_trends ....................... [RUN]
[2024-12-07T03:41:46.948+0000] {subprocess.py:93} INFO - [0m03:41:46  3 of 3 OK created sql table model analytics.job_salary_trends .................. [[32mSUCCESS 1[0m in 2.83s]
[2024-12-07T03:41:46.971+0000] {subprocess.py:93} INFO - [0m03:41:46
[2024-12-07T03:41:46.973+0000] {subprocess.py:93} INFO - [0m03:41:46  Finished running 2 view models, 1 table model in 0 hours 0 minutes and 15.45 seconds (15.45s).
[2024-12-07T03:41:47.100+0000] {subprocess.py:93} INFO - [0m03:41:47
[2024-12-07T03:41:47.102+0000] {subprocess.py:93} INFO - [0m03:41:47  [32mCompleted successfully[0m
[2024-12-07T03:41:47.104+0000] {subprocess.py:93} INFO - [0m03:41:47
[2024-12-07T03:41:47.107+0000] {subprocess.py:93} INFO - [0m03:41:47  Done. PASS=3 WARN=0 ERROR=0 SKIP=0 TOTAL=3
[2024-12-07T03:41:48.557+0000] {subprocess.py:97} INFO - Command exited with return code 0
[2024-12-07T03:41:48.569+0000] {taskinstance.py:441} INFO - ::group::Post task execution logs
[2024-12-07T03:41:48.677+0000] {taskinstance.py:1206} INFO - Marking task as SUCCESS. dag_id=BuildELT_dbt, task_id=dbt_run, run_id=manual__2024-12-07T03:41:22.578022+00:00, execution_date=20241207T034122, start_date=20241207T034126, end_date=20241207T034148
[2024-12-07T03:41:48.751+0000] {local_task_job_runner.py:240} INFO - Task exited with return code 0
[2024-12-07T03:41:48.807+0000] {local_task_job_runner.py:222} INFO - ::endgroup::
