[2024-12-01T01:40:29.917+0000] {local_task_job_runner.py:120} INFO - ::group::Pre task execution logs
[2024-12-01T01:40:29.999+0000] {taskinstance.py:2076} INFO - Dependencies all met for dep_context=non-requeueable deps ti=<TaskInstance: stockprices_v2_decorator.load__1 scheduled__2024-12-01T01:30:00+00:00 [queued]>
[2024-12-01T01:40:30.020+0000] {taskinstance.py:2076} INFO - Dependencies all met for dep_context=requeueable deps ti=<TaskInstance: stockprices_v2_decorator.load__1 scheduled__2024-12-01T01:30:00+00:00 [queued]>
[2024-12-01T01:40:30.022+0000] {taskinstance.py:2306} INFO - Starting attempt 1 of 2
[2024-12-01T01:40:30.053+0000] {taskinstance.py:2330} INFO - Executing <Task(_PythonDecoratedOperator): load__1> on 2024-12-01 01:30:00+00:00
[2024-12-01T01:40:30.074+0000] {warnings.py:110} WARNING - /home/***/.local/lib/python3.12/site-packages/***/task/task_runner/standard_task_runner.py:61: DeprecationWarning: This process (pid=5898) is multi-threaded, use of fork() may lead to deadlocks in the child.
  pid = os.fork()

[2024-12-01T01:40:30.077+0000] {standard_task_runner.py:63} INFO - Started process 5903 to run task
[2024-12-01T01:40:30.088+0000] {standard_task_runner.py:90} INFO - Running: ['***', 'tasks', 'run', 'stockprices_v2_decorator', 'load__1', 'scheduled__2024-12-01T01:30:00+00:00', '--job-id', '3152', '--raw', '--subdir', 'DAGS_FOLDER/stockprices_v2_decorator(3).py', '--cfg-path', '/tmp/tmp1t1em_wi']
[2024-12-01T01:40:30.091+0000] {standard_task_runner.py:91} INFO - Job 3152: Subtask load__1
[2024-12-01T01:40:30.217+0000] {task_command.py:426} INFO - Running <TaskInstance: stockprices_v2_decorator.load__1 scheduled__2024-12-01T01:30:00+00:00 [running]> on host 3627cdc70e56
[2024-12-01T01:40:30.444+0000] {taskinstance.py:2648} INFO - Exporting env vars: AIRFLOW_CTX_DAG_OWNER='***' AIRFLOW_CTX_DAG_ID='stockprices_v2_decorator' AIRFLOW_CTX_TASK_ID='load__1' AIRFLOW_CTX_EXECUTION_DATE='2024-12-01T01:30:00+00:00' AIRFLOW_CTX_TRY_NUMBER='1' AIRFLOW_CTX_DAG_RUN_ID='scheduled__2024-12-01T01:30:00+00:00'
[2024-12-01T01:40:30.454+0000] {taskinstance.py:430} INFO - ::endgroup::
[2024-12-01T01:40:30.457+0000] {logging_mixin.py:188} INFO - No records to load.
[2024-12-01T01:40:30.459+0000] {python.py:237} INFO - Done. Returned value was: None
[2024-12-01T01:40:30.464+0000] {taskinstance.py:441} INFO - ::group::Post task execution logs
[2024-12-01T01:40:30.482+0000] {taskinstance.py:1206} INFO - Marking task as SUCCESS. dag_id=stockprices_v2_decorator, task_id=load__1, run_id=scheduled__2024-12-01T01:30:00+00:00, execution_date=20241201T013000, start_date=20241201T014030, end_date=20241201T014030
[2024-12-01T01:40:30.540+0000] {local_task_job_runner.py:240} INFO - Task exited with return code 0
[2024-12-01T01:40:30.579+0000] {taskinstance.py:3498} INFO - 0 downstream tasks scheduled from follow-on schedule check
[2024-12-01T01:40:30.583+0000] {local_task_job_runner.py:222} INFO - ::endgroup::
