[2024-12-01T03:16:09.781+0000] {local_task_job_runner.py:120} INFO - ::group::Pre task execution logs
[2024-12-01T03:16:09.848+0000] {taskinstance.py:2076} INFO - Dependencies all met for dep_context=non-requeueable deps ti=<TaskInstance: stockprices_v2_decorator.load__1 scheduled__2024-12-01T02:10:00+00:00 [queued]>
[2024-12-01T03:16:09.862+0000] {taskinstance.py:2076} INFO - Dependencies all met for dep_context=requeueable deps ti=<TaskInstance: stockprices_v2_decorator.load__1 scheduled__2024-12-01T02:10:00+00:00 [queued]>
[2024-12-01T03:16:09.864+0000] {taskinstance.py:2306} INFO - Starting attempt 1 of 2
[2024-12-01T03:16:09.882+0000] {taskinstance.py:2330} INFO - Executing <Task(_PythonDecoratedOperator): load__1> on 2024-12-01 02:10:00+00:00
[2024-12-01T03:16:09.925+0000] {warnings.py:110} WARNING - /home/***/.local/lib/python3.12/site-packages/***/task/task_runner/standard_task_runner.py:61: DeprecationWarning: This process (pid=6224) is multi-threaded, use of fork() may lead to deadlocks in the child.
  pid = os.fork()

[2024-12-01T03:16:09.940+0000] {standard_task_runner.py:63} INFO - Started process 6228 to run task
[2024-12-01T03:16:09.940+0000] {standard_task_runner.py:90} INFO - Running: ['***', 'tasks', 'run', 'stockprices_v2_decorator', 'load__1', 'scheduled__2024-12-01T02:10:00+00:00', '--job-id', '3174', '--raw', '--subdir', 'DAGS_FOLDER/stockprices_v2_decorator(3).py', '--cfg-path', '/tmp/tmpy82saox3']
[2024-12-01T03:16:09.945+0000] {standard_task_runner.py:91} INFO - Job 3174: Subtask load__1
[2024-12-01T03:16:10.146+0000] {task_command.py:426} INFO - Running <TaskInstance: stockprices_v2_decorator.load__1 scheduled__2024-12-01T02:10:00+00:00 [running]> on host 3627cdc70e56
[2024-12-01T03:16:10.376+0000] {taskinstance.py:2648} INFO - Exporting env vars: AIRFLOW_CTX_DAG_OWNER='***' AIRFLOW_CTX_DAG_ID='stockprices_v2_decorator' AIRFLOW_CTX_TASK_ID='load__1' AIRFLOW_CTX_EXECUTION_DATE='2024-12-01T02:10:00+00:00' AIRFLOW_CTX_TRY_NUMBER='1' AIRFLOW_CTX_DAG_RUN_ID='scheduled__2024-12-01T02:10:00+00:00'
[2024-12-01T03:16:10.381+0000] {taskinstance.py:430} INFO - ::endgroup::
[2024-12-01T03:16:10.384+0000] {logging_mixin.py:188} INFO - No records to load.
[2024-12-01T03:16:10.385+0000] {python.py:237} INFO - Done. Returned value was: None
[2024-12-01T03:16:10.387+0000] {taskinstance.py:441} INFO - ::group::Post task execution logs
[2024-12-01T03:16:10.399+0000] {taskinstance.py:1206} INFO - Marking task as SUCCESS. dag_id=stockprices_v2_decorator, task_id=load__1, run_id=scheduled__2024-12-01T02:10:00+00:00, execution_date=20241201T021000, start_date=20241201T031609, end_date=20241201T031610
[2024-12-01T03:16:10.485+0000] {local_task_job_runner.py:240} INFO - Task exited with return code 0
[2024-12-01T03:16:10.529+0000] {taskinstance.py:3498} INFO - 0 downstream tasks scheduled from follow-on schedule check
[2024-12-01T03:16:10.532+0000] {local_task_job_runner.py:222} INFO - ::endgroup::
