[2024-12-05T17:24:38.067+0000] {local_task_job_runner.py:120} INFO - ::group::Pre task execution logs
[2024-12-05T17:24:38.103+0000] {taskinstance.py:2076} INFO - Dependencies all met for dep_context=non-requeueable deps ti=<TaskInstance: BuildELT_dbt.dbt_run manual__2024-12-05T17:24:34.656886+00:00 [queued]>
[2024-12-05T17:24:38.119+0000] {taskinstance.py:2076} INFO - Dependencies all met for dep_context=requeueable deps ti=<TaskInstance: BuildELT_dbt.dbt_run manual__2024-12-05T17:24:34.656886+00:00 [queued]>
[2024-12-05T17:24:38.121+0000] {taskinstance.py:2306} INFO - Starting attempt 1 of 1
[2024-12-05T17:24:38.135+0000] {taskinstance.py:2330} INFO - Executing <Task(BashOperator): dbt_run> on 2024-12-05 17:24:34.656886+00:00
[2024-12-05T17:24:38.150+0000] {warnings.py:110} WARNING - /home/***/.local/lib/python3.12/site-packages/***/task/task_runner/standard_task_runner.py:61: DeprecationWarning: This process (pid=5257) is multi-threaded, use of fork() may lead to deadlocks in the child.
  pid = os.fork()

[2024-12-05T17:24:38.154+0000] {standard_task_runner.py:63} INFO - Started process 5259 to run task
[2024-12-05T17:24:38.157+0000] {standard_task_runner.py:90} INFO - Running: ['***', 'tasks', 'run', 'BuildELT_dbt', 'dbt_run', 'manual__2024-12-05T17:24:34.656886+00:00', '--job-id', '115', '--raw', '--subdir', 'DAGS_FOLDER/build_elt_with_dbt.py', '--cfg-path', '/tmp/tmpetcym69b']
[2024-12-05T17:24:38.161+0000] {standard_task_runner.py:91} INFO - Job 115: Subtask dbt_run
[2024-12-05T17:24:38.232+0000] {task_command.py:426} INFO - Running <TaskInstance: BuildELT_dbt.dbt_run manual__2024-12-05T17:24:34.656886+00:00 [running]> on host 2adeb2e19af7
[2024-12-05T17:24:38.370+0000] {taskinstance.py:2648} INFO - Exporting env vars: AIRFLOW_CTX_DAG_OWNER='***' AIRFLOW_CTX_DAG_ID='BuildELT_dbt' AIRFLOW_CTX_TASK_ID='dbt_run' AIRFLOW_CTX_EXECUTION_DATE='2024-12-05T17:24:34.656886+00:00' AIRFLOW_CTX_TRY_NUMBER='1' AIRFLOW_CTX_DAG_RUN_ID='manual__2024-12-05T17:24:34.656886+00:00'
[2024-12-05T17:24:38.378+0000] {taskinstance.py:430} INFO - ::endgroup::
[2024-12-05T17:24:38.380+0000] {subprocess.py:63} INFO - Tmp dir root location: /tmp
[2024-12-05T17:24:38.381+0000] {subprocess.py:75} INFO - Running command: ['/usr/bin/bash', '-c', '/home/***/.local/bin/dbt run --profiles-dir /opt/***/final_dbt --project-dir /opt/***/final_dbt']
[2024-12-05T17:24:38.405+0000] {subprocess.py:86} INFO - Output:
[2024-12-05T17:24:39.862+0000] {subprocess.py:93} INFO - [0m17:24:39  Running with dbt=1.8.7
[2024-12-05T17:24:40.546+0000] {subprocess.py:93} INFO - [0m17:24:40  Registered adapter: snowflake=1.8.4
[2024-12-05T17:24:40.750+0000] {subprocess.py:93} INFO - [0m17:24:40  [[33mWARNING[0m]: Configuration paths exist in your dbt_project.yml file which do not apply to any resources.
[2024-12-05T17:24:40.751+0000] {subprocess.py:93} INFO - There are 1 unused configuration paths:
[2024-12-05T17:24:40.753+0000] {subprocess.py:93} INFO - - models.final_dbt.example
[2024-12-05T17:24:40.937+0000] {subprocess.py:93} INFO - [0m17:24:40  Found 2 snapshots, 3 models, 2 sources, 459 macros
[2024-12-05T17:24:40.942+0000] {subprocess.py:93} INFO - [0m17:24:40
[2024-12-05T17:24:45.864+0000] {subprocess.py:93} INFO - [0m17:24:45  Concurrency: 1 threads (target='dev')
[2024-12-05T17:24:45.872+0000] {subprocess.py:93} INFO - [0m17:24:45
[2024-12-05T17:24:45.886+0000] {subprocess.py:93} INFO - [0m17:24:45  1 of 3 START sql view model analytics.stg_job_listings ......................... [RUN]
[2024-12-05T17:24:47.642+0000] {subprocess.py:93} INFO - [0m17:24:47  1 of 3 OK created sql view model analytics.stg_job_listings .................... [[32mSUCCESS 1[0m in 1.74s]
[2024-12-05T17:24:47.662+0000] {subprocess.py:93} INFO - [0m17:24:47  2 of 3 START sql view model analytics.stg_job_listings_history ................. [RUN]
[2024-12-05T17:24:49.303+0000] {subprocess.py:93} INFO - [0m17:24:49  2 of 3 OK created sql view model analytics.stg_job_listings_history ............ [[32mSUCCESS 1[0m in 1.63s]
[2024-12-05T17:24:49.325+0000] {subprocess.py:93} INFO - [0m17:24:49  3 of 3 START sql table model analytics.job_salary_trends ....................... [RUN]
[2024-12-05T17:24:51.561+0000] {subprocess.py:93} INFO - [0m17:24:51  3 of 3 OK created sql table model analytics.job_salary_trends .................. [[32mSUCCESS 1[0m in 2.23s]
[2024-12-05T17:24:51.575+0000] {subprocess.py:93} INFO - [0m17:24:51
[2024-12-05T17:24:51.577+0000] {subprocess.py:93} INFO - [0m17:24:51  Finished running 2 view models, 1 table model in 0 hours 0 minutes and 10.63 seconds (10.63s).
[2024-12-05T17:24:51.678+0000] {subprocess.py:93} INFO - [0m17:24:51
[2024-12-05T17:24:51.680+0000] {subprocess.py:93} INFO - [0m17:24:51  [32mCompleted successfully[0m
[2024-12-05T17:24:51.681+0000] {subprocess.py:93} INFO - [0m17:24:51
[2024-12-05T17:24:51.683+0000] {subprocess.py:93} INFO - [0m17:24:51  Done. PASS=3 WARN=0 ERROR=0 SKIP=0 TOTAL=3
[2024-12-05T17:24:52.450+0000] {subprocess.py:97} INFO - Command exited with return code 0
[2024-12-05T17:24:52.454+0000] {taskinstance.py:441} INFO - ::group::Post task execution logs
[2024-12-05T17:24:52.488+0000] {taskinstance.py:1206} INFO - Marking task as SUCCESS. dag_id=BuildELT_dbt, task_id=dbt_run, run_id=manual__2024-12-05T17:24:34.656886+00:00, execution_date=20241205T172434, start_date=20241205T172438, end_date=20241205T172452
[2024-12-05T17:24:52.527+0000] {local_task_job_runner.py:240} INFO - Task exited with return code 0
[2024-12-05T17:24:52.563+0000] {taskinstance.py:3498} INFO - 1 downstream tasks scheduled from follow-on schedule check
[2024-12-05T17:24:52.566+0000] {local_task_job_runner.py:222} INFO - ::endgroup::
