[2024-12-04T19:52:26.465+0000] {local_task_job_runner.py:120} INFO - ::group::Pre task execution logs
[2024-12-04T19:52:26.483+0000] {taskinstance.py:2076} INFO - Dependencies all met for dep_context=non-requeueable deps ti=<TaskInstance: BuildELT_dbt.dbt_snapshot manual__2024-12-04T19:51:59.362040+00:00 [queued]>
[2024-12-04T19:52:26.494+0000] {taskinstance.py:2076} INFO - Dependencies all met for dep_context=requeueable deps ti=<TaskInstance: BuildELT_dbt.dbt_snapshot manual__2024-12-04T19:51:59.362040+00:00 [queued]>
[2024-12-04T19:52:26.496+0000] {taskinstance.py:2306} INFO - Starting attempt 1 of 1
[2024-12-04T19:52:26.506+0000] {taskinstance.py:2330} INFO - Executing <Task(BashOperator): dbt_snapshot> on 2024-12-04 19:51:59.362040+00:00
[2024-12-04T19:52:26.524+0000] {standard_task_runner.py:90} INFO - Running: ['***', 'tasks', 'run', 'BuildELT_dbt', 'dbt_snapshot', 'manual__2024-12-04T19:51:59.362040+00:00', '--job-id', '93', '--raw', '--subdir', 'DAGS_FOLDER/build_elt_with_dbt.py', '--cfg-path', '/tmp/tmpun846zt0']
[2024-12-04T19:52:26.530+0000] {standard_task_runner.py:91} INFO - Job 93: Subtask dbt_snapshot
[2024-12-04T19:52:26.528+0000] {warnings.py:110} WARNING - /home/***/.local/lib/python3.12/site-packages/***/task/task_runner/standard_task_runner.py:61: DeprecationWarning: This process (pid=148) is multi-threaded, use of fork() may lead to deadlocks in the child.
  pid = os.fork()

[2024-12-04T19:52:26.536+0000] {standard_task_runner.py:63} INFO - Started process 150 to run task
[2024-12-04T19:52:26.582+0000] {task_command.py:426} INFO - Running <TaskInstance: BuildELT_dbt.dbt_snapshot manual__2024-12-04T19:51:59.362040+00:00 [running]> on host 2adeb2e19af7
[2024-12-04T19:52:26.670+0000] {taskinstance.py:2648} INFO - Exporting env vars: AIRFLOW_CTX_DAG_OWNER='***' AIRFLOW_CTX_DAG_ID='BuildELT_dbt' AIRFLOW_CTX_TASK_ID='dbt_snapshot' AIRFLOW_CTX_EXECUTION_DATE='2024-12-04T19:51:59.362040+00:00' AIRFLOW_CTX_TRY_NUMBER='1' AIRFLOW_CTX_DAG_RUN_ID='manual__2024-12-04T19:51:59.362040+00:00'
[2024-12-04T19:52:26.677+0000] {taskinstance.py:430} INFO - ::endgroup::
[2024-12-04T19:52:26.679+0000] {subprocess.py:63} INFO - Tmp dir root location: /tmp
[2024-12-04T19:52:26.682+0000] {subprocess.py:75} INFO - Running command: ['/usr/bin/bash', '-c', '/home/***/.local/bin/dbt snapshot --profiles-dir /opt/***/final_dbt --project-dir /opt/***/final_dbt']
[2024-12-04T19:52:26.700+0000] {subprocess.py:86} INFO - Output:
[2024-12-04T19:52:28.084+0000] {subprocess.py:93} INFO - [0m19:52:28  Running with dbt=1.8.7
[2024-12-04T19:52:28.718+0000] {subprocess.py:93} INFO - [0m19:52:28  Registered adapter: snowflake=1.8.4
[2024-12-04T19:52:28.931+0000] {subprocess.py:93} INFO - [0m19:52:28  [[33mWARNING[0m]: Configuration paths exist in your dbt_project.yml file which do not apply to any resources.
[2024-12-04T19:52:28.932+0000] {subprocess.py:93} INFO - There are 1 unused configuration paths:
[2024-12-04T19:52:28.933+0000] {subprocess.py:93} INFO - - models.final_dbt.example
[2024-12-04T19:52:29.091+0000] {subprocess.py:93} INFO - [0m19:52:29  Found 2 snapshots, 3 models, 2 sources, 459 macros
[2024-12-04T19:52:29.096+0000] {subprocess.py:93} INFO - [0m19:52:29
[2024-12-04T19:52:33.840+0000] {subprocess.py:93} INFO - [0m19:52:33  Concurrency: 1 threads (target='dev')
[2024-12-04T19:52:33.844+0000] {subprocess.py:93} INFO - [0m19:52:33
[2024-12-04T19:52:33.854+0000] {subprocess.py:93} INFO - [0m19:52:33  1 of 2 START snapshot snapshot.job_listings_snapshot ........................... [RUN]
[2024-12-04T19:52:38.963+0000] {subprocess.py:93} INFO - [0m19:52:38  1 of 2 OK snapshotted snapshot.job_listings_snapshot ........................... [[32mSUCCESS 0[0m in 5.10s]
[2024-12-04T19:52:38.979+0000] {subprocess.py:93} INFO - [0m19:52:38  2 of 2 START snapshot snapshot.test_snapshot ................................... [RUN]
[2024-12-04T19:52:44.328+0000] {subprocess.py:93} INFO - [0m19:52:44  2 of 2 OK snapshotted snapshot.test_snapshot ................................... [[32mSUCCESS 2[0m in 5.34s]
[2024-12-04T19:52:44.350+0000] {subprocess.py:93} INFO - [0m19:52:44
[2024-12-04T19:52:44.353+0000] {subprocess.py:93} INFO - [0m19:52:44  Finished running 2 snapshots in 0 hours 0 minutes and 15.25 seconds (15.25s).
[2024-12-04T19:52:44.443+0000] {subprocess.py:93} INFO - [0m19:52:44
[2024-12-04T19:52:44.444+0000] {subprocess.py:93} INFO - [0m19:52:44  [32mCompleted successfully[0m
[2024-12-04T19:52:44.446+0000] {subprocess.py:93} INFO - [0m19:52:44
[2024-12-04T19:52:44.447+0000] {subprocess.py:93} INFO - [0m19:52:44  Done. PASS=2 WARN=0 ERROR=0 SKIP=0 TOTAL=2
[2024-12-04T19:52:45.294+0000] {subprocess.py:97} INFO - Command exited with return code 0
[2024-12-04T19:52:45.302+0000] {taskinstance.py:441} INFO - ::group::Post task execution logs
[2024-12-04T19:52:45.333+0000] {taskinstance.py:1206} INFO - Marking task as SUCCESS. dag_id=BuildELT_dbt, task_id=dbt_snapshot, run_id=manual__2024-12-04T19:51:59.362040+00:00, execution_date=20241204T195159, start_date=20241204T195226, end_date=20241204T195245
[2024-12-04T19:52:45.367+0000] {local_task_job_runner.py:240} INFO - Task exited with return code 0
[2024-12-04T19:52:45.395+0000] {taskinstance.py:3498} INFO - 0 downstream tasks scheduled from follow-on schedule check
[2024-12-04T19:52:45.397+0000] {local_task_job_runner.py:222} INFO - ::endgroup::
