[2024-12-04T17:59:05.750+0000] {local_task_job_runner.py:120} INFO - ::group::Pre task execution logs
[2024-12-04T17:59:05.763+0000] {taskinstance.py:2076} INFO - Dependencies all met for dep_context=non-requeueable deps ti=<TaskInstance: BuildELT_dbt.dbt_snapshot manual__2024-12-04T17:58:23.613275+00:00 [queued]>
[2024-12-04T17:59:05.768+0000] {taskinstance.py:2076} INFO - Dependencies all met for dep_context=requeueable deps ti=<TaskInstance: BuildELT_dbt.dbt_snapshot manual__2024-12-04T17:58:23.613275+00:00 [queued]>
[2024-12-04T17:59:05.769+0000] {taskinstance.py:2306} INFO - Starting attempt 1 of 1
[2024-12-04T17:59:05.776+0000] {taskinstance.py:2330} INFO - Executing <Task(BashOperator): dbt_snapshot> on 2024-12-04 17:58:23.613275+00:00
[2024-12-04T17:59:05.787+0000] {warnings.py:110} WARNING - /home/***/.local/lib/python3.12/site-packages/***/task/task_runner/standard_task_runner.py:61: DeprecationWarning: This process (pid=1069) is multi-threaded, use of fork() may lead to deadlocks in the child.
  pid = os.fork()

[2024-12-04T17:59:05.789+0000] {standard_task_runner.py:63} INFO - Started process 1071 to run task
[2024-12-04T17:59:05.789+0000] {standard_task_runner.py:90} INFO - Running: ['***', 'tasks', 'run', 'BuildELT_dbt', 'dbt_snapshot', 'manual__2024-12-04T17:58:23.613275+00:00', '--job-id', '85', '--raw', '--subdir', 'DAGS_FOLDER/build_elt_with_dbt.py', '--cfg-path', '/tmp/tmpih5qcmb_']
[2024-12-04T17:59:05.792+0000] {standard_task_runner.py:91} INFO - Job 85: Subtask dbt_snapshot
[2024-12-04T17:59:05.829+0000] {task_command.py:426} INFO - Running <TaskInstance: BuildELT_dbt.dbt_snapshot manual__2024-12-04T17:58:23.613275+00:00 [running]> on host 2adeb2e19af7
[2024-12-04T17:59:05.887+0000] {taskinstance.py:2648} INFO - Exporting env vars: AIRFLOW_CTX_DAG_OWNER='***' AIRFLOW_CTX_DAG_ID='BuildELT_dbt' AIRFLOW_CTX_TASK_ID='dbt_snapshot' AIRFLOW_CTX_EXECUTION_DATE='2024-12-04T17:58:23.613275+00:00' AIRFLOW_CTX_TRY_NUMBER='1' AIRFLOW_CTX_DAG_RUN_ID='manual__2024-12-04T17:58:23.613275+00:00'
[2024-12-04T17:59:05.890+0000] {taskinstance.py:430} INFO - ::endgroup::
[2024-12-04T17:59:05.891+0000] {subprocess.py:63} INFO - Tmp dir root location: /tmp
[2024-12-04T17:59:05.892+0000] {subprocess.py:75} INFO - Running command: ['/usr/bin/bash', '-c', '/home/***/.local/bin/dbt snapshot --profiles-dir /opt/***/final_dbt --project-dir /opt/***/final_dbt']
[2024-12-04T17:59:05.908+0000] {subprocess.py:86} INFO - Output:
[2024-12-04T17:59:07.243+0000] {subprocess.py:93} INFO - [0m17:59:07  Running with dbt=1.8.7
[2024-12-04T17:59:07.829+0000] {subprocess.py:93} INFO - [0m17:59:07  Registered adapter: snowflake=1.8.4
[2024-12-04T17:59:08.022+0000] {subprocess.py:93} INFO - [0m17:59:08  [[33mWARNING[0m]: Configuration paths exist in your dbt_project.yml file which do not apply to any resources.
[2024-12-04T17:59:08.023+0000] {subprocess.py:93} INFO - There are 1 unused configuration paths:
[2024-12-04T17:59:08.024+0000] {subprocess.py:93} INFO - - models.final_dbt.example
[2024-12-04T17:59:08.191+0000] {subprocess.py:93} INFO - [0m17:59:08  Found 2 snapshots, 3 models, 2 sources, 459 macros
[2024-12-04T17:59:08.201+0000] {subprocess.py:93} INFO - [0m17:59:08
[2024-12-04T17:59:13.545+0000] {subprocess.py:93} INFO - [0m17:59:13  Concurrency: 1 threads (target='dev')
[2024-12-04T17:59:13.577+0000] {subprocess.py:93} INFO - [0m17:59:13
[2024-12-04T17:59:13.645+0000] {subprocess.py:93} INFO - [0m17:59:13  1 of 2 START snapshot snapshot.job_listings_snapshot ........................... [RUN]
[2024-12-04T17:59:18.838+0000] {subprocess.py:93} INFO - [0m17:59:18  1 of 2 OK snapshotted snapshot.job_listings_snapshot ........................... [[32mSUCCESS 0[0m in 5.12s]
[2024-12-04T17:59:18.845+0000] {subprocess.py:93} INFO - [0m17:59:18  2 of 2 START snapshot snapshot.test_snapshot ................................... [RUN]
[2024-12-04T17:59:24.062+0000] {subprocess.py:93} INFO - [0m17:59:24  2 of 2 OK snapshotted snapshot.test_snapshot ................................... [[32mSUCCESS 2[0m in 5.20s]
[2024-12-04T17:59:24.095+0000] {subprocess.py:93} INFO - [0m17:59:24
[2024-12-04T17:59:24.102+0000] {subprocess.py:93} INFO - [0m17:59:24  Finished running 2 snapshots in 0 hours 0 minutes and 15.89 seconds (15.89s).
[2024-12-04T17:59:24.389+0000] {subprocess.py:93} INFO - [0m17:59:24
[2024-12-04T17:59:24.409+0000] {subprocess.py:93} INFO - [0m17:59:24  [32mCompleted successfully[0m
[2024-12-04T17:59:24.411+0000] {subprocess.py:93} INFO - [0m17:59:24
[2024-12-04T17:59:24.417+0000] {subprocess.py:93} INFO - [0m17:59:24  Done. PASS=2 WARN=0 ERROR=0 SKIP=0 TOTAL=2
[2024-12-04T17:59:25.259+0000] {subprocess.py:97} INFO - Command exited with return code 0
[2024-12-04T17:59:25.289+0000] {taskinstance.py:441} INFO - ::group::Post task execution logs
[2024-12-04T17:59:25.405+0000] {taskinstance.py:1206} INFO - Marking task as SUCCESS. dag_id=BuildELT_dbt, task_id=dbt_snapshot, run_id=manual__2024-12-04T17:58:23.613275+00:00, execution_date=20241204T175823, start_date=20241204T175905, end_date=20241204T175925
[2024-12-04T17:59:25.543+0000] {local_task_job_runner.py:240} INFO - Task exited with return code 0
[2024-12-04T17:59:25.616+0000] {taskinstance.py:3498} INFO - 0 downstream tasks scheduled from follow-on schedule check
[2024-12-04T17:59:25.620+0000] {local_task_job_runner.py:222} INFO - ::endgroup::
