[2024-12-03T07:37:35.148+0000] {local_task_job_runner.py:120} INFO - ::group::Pre task execution logs
[2024-12-03T07:37:35.172+0000] {taskinstance.py:2076} INFO - Dependencies all met for dep_context=non-requeueable deps ti=<TaskInstance: job_listings_etl_v2.load_csv manual__2024-12-03T07:37:04.759316+00:00 [queued]>
[2024-12-03T07:37:35.183+0000] {taskinstance.py:2076} INFO - Dependencies all met for dep_context=requeueable deps ti=<TaskInstance: job_listings_etl_v2.load_csv manual__2024-12-03T07:37:04.759316+00:00 [queued]>
[2024-12-03T07:37:35.185+0000] {taskinstance.py:2306} INFO - Starting attempt 1 of 4
[2024-12-03T07:37:35.196+0000] {taskinstance.py:2330} INFO - Executing <Task(_PythonDecoratedOperator): load_csv> on 2024-12-03 07:37:04.759316+00:00
[2024-12-03T07:37:35.220+0000] {warnings.py:110} WARNING - /home/***/.local/lib/python3.12/site-packages/***/task/task_runner/standard_task_runner.py:61: DeprecationWarning: This process (pid=1287) is multi-threaded, use of fork() may lead to deadlocks in the child.
  pid = os.fork()

[2024-12-03T07:37:35.224+0000] {standard_task_runner.py:63} INFO - Started process 1290 to run task
[2024-12-03T07:37:35.228+0000] {standard_task_runner.py:90} INFO - Running: ['***', 'tasks', 'run', 'job_listings_etl_v2', 'load_csv', 'manual__2024-12-03T07:37:04.759316+00:00', '--job-id', '58', '--raw', '--subdir', 'DAGS_FOLDER/ETL_FINAL_PROJECT (1).py', '--cfg-path', '/tmp/tmpforxv49z']
[2024-12-03T07:37:35.230+0000] {standard_task_runner.py:91} INFO - Job 58: Subtask load_csv
[2024-12-03T07:37:35.293+0000] {task_command.py:426} INFO - Running <TaskInstance: job_listings_etl_v2.load_csv manual__2024-12-03T07:37:04.759316+00:00 [running]> on host 2adeb2e19af7
[2024-12-03T07:37:35.423+0000] {taskinstance.py:2648} INFO - Exporting env vars: AIRFLOW_CTX_DAG_OWNER='***' AIRFLOW_CTX_DAG_ID='job_listings_etl_v2' AIRFLOW_CTX_TASK_ID='load_csv' AIRFLOW_CTX_EXECUTION_DATE='2024-12-03T07:37:04.759316+00:00' AIRFLOW_CTX_TRY_NUMBER='1' AIRFLOW_CTX_DAG_RUN_ID='manual__2024-12-03T07:37:04.759316+00:00'
[2024-12-03T07:37:35.433+0000] {taskinstance.py:430} INFO - ::endgroup::
[2024-12-03T07:37:35.440+0000] {ETL_FINAL_PROJECT (1).py:159} INFO - No records to load from CSV.
[2024-12-03T07:37:35.446+0000] {python.py:237} INFO - Done. Returned value was: None
[2024-12-03T07:37:35.459+0000] {taskinstance.py:441} INFO - ::group::Post task execution logs
[2024-12-03T07:37:35.485+0000] {taskinstance.py:1206} INFO - Marking task as SUCCESS. dag_id=job_listings_etl_v2, task_id=load_csv, run_id=manual__2024-12-03T07:37:04.759316+00:00, execution_date=20241203T073704, start_date=20241203T073735, end_date=20241203T073735
[2024-12-03T07:37:35.525+0000] {local_task_job_runner.py:240} INFO - Task exited with return code 0
[2024-12-03T07:37:35.550+0000] {taskinstance.py:3498} INFO - 0 downstream tasks scheduled from follow-on schedule check
[2024-12-03T07:37:35.553+0000] {local_task_job_runner.py:222} INFO - ::endgroup::
