[2024-12-01T08:30:16.082+0000] {local_task_job_runner.py:120} INFO - ::group::Pre task execution logs
[2024-12-01T08:30:16.098+0000] {taskinstance.py:2076} INFO - Dependencies all met for dep_context=non-requeueable deps ti=<TaskInstance: stockprices_v2_decorator.transform__1 scheduled__2024-12-01T08:20:00+00:00 [queued]>
[2024-12-01T08:30:16.105+0000] {taskinstance.py:2076} INFO - Dependencies all met for dep_context=requeueable deps ti=<TaskInstance: stockprices_v2_decorator.transform__1 scheduled__2024-12-01T08:20:00+00:00 [queued]>
[2024-12-01T08:30:16.106+0000] {taskinstance.py:2306} INFO - Starting attempt 1 of 2
[2024-12-01T08:30:16.116+0000] {taskinstance.py:2330} INFO - Executing <Task(_PythonDecoratedOperator): transform__1> on 2024-12-01 08:20:00+00:00
[2024-12-01T08:30:16.174+0000] {warnings.py:110} WARNING - /home/***/.local/lib/python3.12/site-packages/***/task/task_runner/standard_task_runner.py:61: DeprecationWarning: This process (pid=9287) is multi-threaded, use of fork() may lead to deadlocks in the child.
  pid = os.fork()

[2024-12-01T08:30:16.178+0000] {standard_task_runner.py:63} INFO - Started process 9292 to run task
[2024-12-01T08:30:16.183+0000] {standard_task_runner.py:90} INFO - Running: ['***', 'tasks', 'run', 'stockprices_v2_decorator', 'transform__1', 'scheduled__2024-12-01T08:20:00+00:00', '--job-id', '3362', '--raw', '--subdir', 'DAGS_FOLDER/stockprices_v2_decorator(3).py', '--cfg-path', '/tmp/tmpv7k_mlun']
[2024-12-01T08:30:16.188+0000] {standard_task_runner.py:91} INFO - Job 3362: Subtask transform__1
[2024-12-01T08:30:16.344+0000] {task_command.py:426} INFO - Running <TaskInstance: stockprices_v2_decorator.transform__1 scheduled__2024-12-01T08:20:00+00:00 [running]> on host 3627cdc70e56
[2024-12-01T08:30:16.520+0000] {taskinstance.py:2648} INFO - Exporting env vars: AIRFLOW_CTX_DAG_OWNER='***' AIRFLOW_CTX_DAG_ID='stockprices_v2_decorator' AIRFLOW_CTX_TASK_ID='transform__1' AIRFLOW_CTX_EXECUTION_DATE='2024-12-01T08:20:00+00:00' AIRFLOW_CTX_TRY_NUMBER='1' AIRFLOW_CTX_DAG_RUN_ID='scheduled__2024-12-01T08:20:00+00:00'
[2024-12-01T08:30:16.524+0000] {taskinstance.py:430} INFO - ::endgroup::
[2024-12-01T08:30:16.526+0000] {logging_mixin.py:188} INFO - Processed Data: []
[2024-12-01T08:30:16.527+0000] {python.py:237} INFO - Done. Returned value was: []
[2024-12-01T08:30:16.528+0000] {taskinstance.py:441} INFO - ::group::Post task execution logs
[2024-12-01T08:30:16.551+0000] {taskinstance.py:1206} INFO - Marking task as SUCCESS. dag_id=stockprices_v2_decorator, task_id=transform__1, run_id=scheduled__2024-12-01T08:20:00+00:00, execution_date=20241201T082000, start_date=20241201T083016, end_date=20241201T083016
[2024-12-01T08:30:16.594+0000] {local_task_job_runner.py:240} INFO - Task exited with return code 0
[2024-12-01T08:30:16.620+0000] {taskinstance.py:3498} INFO - 1 downstream tasks scheduled from follow-on schedule check
[2024-12-01T08:30:16.622+0000] {local_task_job_runner.py:222} INFO - ::endgroup::
