[2024-12-05T23:24:08.534+0000] {local_task_job_runner.py:120} INFO - ::group::Pre task execution logs
[2024-12-05T23:24:08.580+0000] {taskinstance.py:2076} INFO - Dependencies all met for dep_context=non-requeueable deps ti=<TaskInstance: BuildELT_dbt.dbt_snapshot manual__2024-12-05T23:23:38.939631+00:00 [queued]>
[2024-12-05T23:24:08.593+0000] {taskinstance.py:2076} INFO - Dependencies all met for dep_context=requeueable deps ti=<TaskInstance: BuildELT_dbt.dbt_snapshot manual__2024-12-05T23:23:38.939631+00:00 [queued]>
[2024-12-05T23:24:08.595+0000] {taskinstance.py:2306} INFO - Starting attempt 1 of 1
[2024-12-05T23:24:08.612+0000] {taskinstance.py:2330} INFO - Executing <Task(BashOperator): dbt_snapshot> on 2024-12-05 23:23:38.939631+00:00
[2024-12-05T23:24:08.636+0000] {warnings.py:110} WARNING - /home/***/.local/lib/python3.12/site-packages/***/task/task_runner/standard_task_runner.py:61: DeprecationWarning: This process (pid=1039) is multi-threaded, use of fork() may lead to deadlocks in the child.
  pid = os.fork()

[2024-12-05T23:24:08.641+0000] {standard_task_runner.py:63} INFO - Started process 1041 to run task
[2024-12-05T23:24:08.643+0000] {standard_task_runner.py:90} INFO - Running: ['***', 'tasks', 'run', 'BuildELT_dbt', 'dbt_snapshot', 'manual__2024-12-05T23:23:38.939631+00:00', '--job-id', '47', '--raw', '--subdir', 'DAGS_FOLDER/build_elt_with_dbt.py', '--cfg-path', '/tmp/tmp68zqa84p']
[2024-12-05T23:24:08.657+0000] {standard_task_runner.py:91} INFO - Job 47: Subtask dbt_snapshot
[2024-12-05T23:24:08.703+0000] {task_command.py:426} INFO - Running <TaskInstance: BuildELT_dbt.dbt_snapshot manual__2024-12-05T23:23:38.939631+00:00 [running]> on host 1ed1f547130e
[2024-12-05T23:24:08.773+0000] {taskinstance.py:2648} INFO - Exporting env vars: AIRFLOW_CTX_DAG_OWNER='***' AIRFLOW_CTX_DAG_ID='BuildELT_dbt' AIRFLOW_CTX_TASK_ID='dbt_snapshot' AIRFLOW_CTX_EXECUTION_DATE='2024-12-05T23:23:38.939631+00:00' AIRFLOW_CTX_TRY_NUMBER='1' AIRFLOW_CTX_DAG_RUN_ID='manual__2024-12-05T23:23:38.939631+00:00'
[2024-12-05T23:24:08.776+0000] {taskinstance.py:430} INFO - ::endgroup::
[2024-12-05T23:24:08.778+0000] {subprocess.py:63} INFO - Tmp dir root location: /tmp
[2024-12-05T23:24:08.780+0000] {subprocess.py:75} INFO - Running command: ['/usr/bin/bash', '-c', '/home/***/.local/bin/dbt snapshot --profiles-dir /opt/***/final_dbt --project-dir /opt/***/final_dbt']
[2024-12-05T23:24:08.798+0000] {subprocess.py:86} INFO - Output:
[2024-12-05T23:24:11.185+0000] {subprocess.py:93} INFO - [0m23:24:11  Running with dbt=1.8.7
[2024-12-05T23:24:12.109+0000] {subprocess.py:93} INFO - [0m23:24:12  Registered adapter: snowflake=1.8.4
[2024-12-05T23:24:12.343+0000] {subprocess.py:93} INFO - [0m23:24:12  [[33mWARNING[0m]: Configuration paths exist in your dbt_project.yml file which do not apply to any resources.
[2024-12-05T23:24:12.345+0000] {subprocess.py:93} INFO - There are 1 unused configuration paths:
[2024-12-05T23:24:12.346+0000] {subprocess.py:93} INFO - - models.final_dbt.example
[2024-12-05T23:24:12.497+0000] {subprocess.py:93} INFO - [0m23:24:12  Found 2 snapshots, 3 models, 2 sources, 459 macros
[2024-12-05T23:24:12.503+0000] {subprocess.py:93} INFO - [0m23:24:12
[2024-12-05T23:24:17.314+0000] {subprocess.py:93} INFO - [0m23:24:17  Concurrency: 1 threads (target='dev')
[2024-12-05T23:24:17.327+0000] {subprocess.py:93} INFO - [0m23:24:17
[2024-12-05T23:24:17.350+0000] {subprocess.py:93} INFO - [0m23:24:17  1 of 2 START snapshot snapshot.job_listings_snapshot ........................... [RUN]
[2024-12-05T23:24:23.498+0000] {subprocess.py:93} INFO - [0m23:24:23  1 of 2 OK snapshotted snapshot.job_listings_snapshot ........................... [[32mSUCCESS 43[0m in 6.13s]
[2024-12-05T23:24:23.519+0000] {subprocess.py:93} INFO - [0m23:24:23  2 of 2 START snapshot snapshot.test_snapshot ................................... [RUN]
[2024-12-05T23:24:29.139+0000] {subprocess.py:93} INFO - [0m23:24:29  2 of 2 OK snapshotted snapshot.test_snapshot ................................... [[32mSUCCESS 2[0m in 5.60s]
[2024-12-05T23:24:29.157+0000] {subprocess.py:93} INFO - [0m23:24:29
[2024-12-05T23:24:29.159+0000] {subprocess.py:93} INFO - [0m23:24:29  Finished running 2 snapshots in 0 hours 0 minutes and 16.65 seconds (16.65s).
[2024-12-05T23:24:29.273+0000] {subprocess.py:93} INFO - [0m23:24:29
[2024-12-05T23:24:29.275+0000] {subprocess.py:93} INFO - [0m23:24:29  [32mCompleted successfully[0m
[2024-12-05T23:24:29.277+0000] {subprocess.py:93} INFO - [0m23:24:29
[2024-12-05T23:24:29.279+0000] {subprocess.py:93} INFO - [0m23:24:29  Done. PASS=2 WARN=0 ERROR=0 SKIP=0 TOTAL=2
[2024-12-05T23:24:30.362+0000] {subprocess.py:97} INFO - Command exited with return code 0
[2024-12-05T23:24:30.389+0000] {taskinstance.py:441} INFO - ::group::Post task execution logs
[2024-12-05T23:24:30.486+0000] {taskinstance.py:1206} INFO - Marking task as SUCCESS. dag_id=BuildELT_dbt, task_id=dbt_snapshot, run_id=manual__2024-12-05T23:23:38.939631+00:00, execution_date=20241205T232338, start_date=20241205T232408, end_date=20241205T232430
[2024-12-05T23:24:30.566+0000] {local_task_job_runner.py:240} INFO - Task exited with return code 0
[2024-12-05T23:24:30.611+0000] {taskinstance.py:3498} INFO - 0 downstream tasks scheduled from follow-on schedule check
[2024-12-05T23:24:30.625+0000] {local_task_job_runner.py:222} INFO - ::endgroup::
