[2024-12-03T19:09:35.553+0000] {local_task_job_runner.py:120} INFO - ::group::Pre task execution logs
[2024-12-03T19:09:35.586+0000] {taskinstance.py:2076} INFO - Dependencies all met for dep_context=non-requeueable deps ti=<TaskInstance: BuildELT_dbt.dbt_run manual__2024-12-03T19:09:30.926688+00:00 [queued]>
[2024-12-03T19:09:35.594+0000] {taskinstance.py:2076} INFO - Dependencies all met for dep_context=requeueable deps ti=<TaskInstance: BuildELT_dbt.dbt_run manual__2024-12-03T19:09:30.926688+00:00 [queued]>
[2024-12-03T19:09:35.596+0000] {taskinstance.py:2306} INFO - Starting attempt 1 of 1
[2024-12-03T19:09:35.607+0000] {taskinstance.py:2330} INFO - Executing <Task(BashOperator): dbt_run> on 2024-12-03 19:09:30.926688+00:00
[2024-12-03T19:09:35.623+0000] {warnings.py:110} WARNING - /home/***/.local/lib/python3.12/site-packages/***/task/task_runner/standard_task_runner.py:61: DeprecationWarning: This process (pid=2740) is multi-threaded, use of fork() may lead to deadlocks in the child.
  pid = os.fork()

[2024-12-03T19:09:35.626+0000] {standard_task_runner.py:63} INFO - Started process 2742 to run task
[2024-12-03T19:09:35.626+0000] {standard_task_runner.py:90} INFO - Running: ['***', 'tasks', 'run', 'BuildELT_dbt', 'dbt_run', 'manual__2024-12-03T19:09:30.926688+00:00', '--job-id', '64', '--raw', '--subdir', 'DAGS_FOLDER/build_elt_with_dbt.py', '--cfg-path', '/tmp/tmpbhl_619n']
[2024-12-03T19:09:35.630+0000] {standard_task_runner.py:91} INFO - Job 64: Subtask dbt_run
[2024-12-03T19:09:35.678+0000] {task_command.py:426} INFO - Running <TaskInstance: BuildELT_dbt.dbt_run manual__2024-12-03T19:09:30.926688+00:00 [running]> on host 2adeb2e19af7
[2024-12-03T19:09:35.743+0000] {taskinstance.py:2648} INFO - Exporting env vars: AIRFLOW_CTX_DAG_OWNER='***' AIRFLOW_CTX_DAG_ID='BuildELT_dbt' AIRFLOW_CTX_TASK_ID='dbt_run' AIRFLOW_CTX_EXECUTION_DATE='2024-12-03T19:09:30.926688+00:00' AIRFLOW_CTX_TRY_NUMBER='1' AIRFLOW_CTX_DAG_RUN_ID='manual__2024-12-03T19:09:30.926688+00:00'
[2024-12-03T19:09:35.746+0000] {taskinstance.py:430} INFO - ::endgroup::
[2024-12-03T19:09:35.747+0000] {subprocess.py:63} INFO - Tmp dir root location: /tmp
[2024-12-03T19:09:35.749+0000] {subprocess.py:75} INFO - Running command: ['/usr/bin/bash', '-c', '/home/***/.local/bin/dbt run --profiles-dir /opt/***/final_dbt --project-dir /opt/***/final_dbt']
[2024-12-03T19:09:35.763+0000] {subprocess.py:86} INFO - Output:
[2024-12-03T19:09:38.205+0000] {subprocess.py:93} INFO - [0m19:09:38  Running with dbt=1.8.7
[2024-12-03T19:09:39.632+0000] {subprocess.py:93} INFO - [0m19:09:39  Registered adapter: snowflake=1.8.4
[2024-12-03T19:09:40.124+0000] {subprocess.py:93} INFO - [0m19:09:40  [[33mWARNING[0m]: Configuration paths exist in your dbt_project.yml file which do not apply to any resources.
[2024-12-03T19:09:40.125+0000] {subprocess.py:93} INFO - There are 1 unused configuration paths:
[2024-12-03T19:09:40.127+0000] {subprocess.py:93} INFO - - models.final_dbt.example
[2024-12-03T19:09:40.260+0000] {subprocess.py:93} INFO - [0m19:09:40  Found 1 snapshot, 3 models, 2 sources, 459 macros
[2024-12-03T19:09:40.264+0000] {subprocess.py:93} INFO - [0m19:09:40
[2024-12-03T19:09:45.208+0000] {subprocess.py:93} INFO - [0m19:09:45  Concurrency: 1 threads (target='dev')
[2024-12-03T19:09:45.217+0000] {subprocess.py:93} INFO - [0m19:09:45
[2024-12-03T19:09:45.238+0000] {subprocess.py:93} INFO - [0m19:09:45  1 of 3 START sql view model analytics.stg_job_listings ......................... [RUN]
[2024-12-03T19:09:47.404+0000] {subprocess.py:93} INFO - [0m19:09:47  1 of 3 OK created sql view model analytics.stg_job_listings .................... [[32mSUCCESS 1[0m in 2.12s]
[2024-12-03T19:09:47.440+0000] {subprocess.py:93} INFO - [0m19:09:47  2 of 3 START sql view model analytics.stg_job_listings_history ................. [RUN]
[2024-12-03T19:09:49.533+0000] {subprocess.py:93} INFO - [0m19:09:49  2 of 3 OK created sql view model analytics.stg_job_listings_history ............ [[32mSUCCESS 1[0m in 2.07s]
[2024-12-03T19:09:49.569+0000] {subprocess.py:93} INFO - [0m19:09:49  3 of 3 START sql table model analytics.job_salary_trends ....................... [RUN]
[2024-12-03T19:09:51.890+0000] {subprocess.py:93} INFO - [0m19:09:51  3 of 3 OK created sql table model analytics.job_salary_trends .................. [[32mSUCCESS 1[0m in 2.29s]
[2024-12-03T19:09:51.941+0000] {subprocess.py:93} INFO - [0m19:09:51
[2024-12-03T19:09:51.950+0000] {subprocess.py:93} INFO - [0m19:09:51  Finished running 2 view models, 1 table model in 0 hours 0 minutes and 11.67 seconds (11.67s).
[2024-12-03T19:09:52.240+0000] {subprocess.py:93} INFO - [0m19:09:52
[2024-12-03T19:09:52.252+0000] {subprocess.py:93} INFO - [0m19:09:52  [32mCompleted successfully[0m
[2024-12-03T19:09:52.260+0000] {subprocess.py:93} INFO - [0m19:09:52
[2024-12-03T19:09:52.268+0000] {subprocess.py:93} INFO - [0m19:09:52  Done. PASS=3 WARN=0 ERROR=0 SKIP=0 TOTAL=3
[2024-12-03T19:09:53.459+0000] {subprocess.py:97} INFO - Command exited with return code 0
[2024-12-03T19:09:53.488+0000] {taskinstance.py:441} INFO - ::group::Post task execution logs
[2024-12-03T19:09:53.842+0000] {taskinstance.py:1206} INFO - Marking task as SUCCESS. dag_id=BuildELT_dbt, task_id=dbt_run, run_id=manual__2024-12-03T19:09:30.926688+00:00, execution_date=20241203T190930, start_date=20241203T190935, end_date=20241203T190953
[2024-12-03T19:09:54.031+0000] {local_task_job_runner.py:240} INFO - Task exited with return code 0
[2024-12-03T19:09:54.162+0000] {taskinstance.py:3498} INFO - 1 downstream tasks scheduled from follow-on schedule check
[2024-12-03T19:09:54.169+0000] {local_task_job_runner.py:222} INFO - ::endgroup::
