[2024-12-04T17:58:25.526+0000] {local_task_job_runner.py:120} INFO - ::group::Pre task execution logs
[2024-12-04T17:58:25.538+0000] {taskinstance.py:2076} INFO - Dependencies all met for dep_context=non-requeueable deps ti=<TaskInstance: BuildELT_dbt.dbt_run manual__2024-12-04T17:58:23.613275+00:00 [queued]>
[2024-12-04T17:58:25.543+0000] {taskinstance.py:2076} INFO - Dependencies all met for dep_context=requeueable deps ti=<TaskInstance: BuildELT_dbt.dbt_run manual__2024-12-04T17:58:23.613275+00:00 [queued]>
[2024-12-04T17:58:25.547+0000] {taskinstance.py:2306} INFO - Starting attempt 1 of 1
[2024-12-04T17:58:25.565+0000] {taskinstance.py:2330} INFO - Executing <Task(BashOperator): dbt_run> on 2024-12-04 17:58:23.613275+00:00
[2024-12-04T17:58:25.572+0000] {warnings.py:110} WARNING - /home/***/.local/lib/python3.12/site-packages/***/task/task_runner/standard_task_runner.py:61: DeprecationWarning: This process (pid=1034) is multi-threaded, use of fork() may lead to deadlocks in the child.
  pid = os.fork()

[2024-12-04T17:58:25.575+0000] {standard_task_runner.py:63} INFO - Started process 1036 to run task
[2024-12-04T17:58:25.574+0000] {standard_task_runner.py:90} INFO - Running: ['***', 'tasks', 'run', 'BuildELT_dbt', 'dbt_run', 'manual__2024-12-04T17:58:23.613275+00:00', '--job-id', '83', '--raw', '--subdir', 'DAGS_FOLDER/build_elt_with_dbt.py', '--cfg-path', '/tmp/tmpe1jubphv']
[2024-12-04T17:58:25.577+0000] {standard_task_runner.py:91} INFO - Job 83: Subtask dbt_run
[2024-12-04T17:58:25.614+0000] {task_command.py:426} INFO - Running <TaskInstance: BuildELT_dbt.dbt_run manual__2024-12-04T17:58:23.613275+00:00 [running]> on host 2adeb2e19af7
[2024-12-04T17:58:25.692+0000] {taskinstance.py:2648} INFO - Exporting env vars: AIRFLOW_CTX_DAG_OWNER='***' AIRFLOW_CTX_DAG_ID='BuildELT_dbt' AIRFLOW_CTX_TASK_ID='dbt_run' AIRFLOW_CTX_EXECUTION_DATE='2024-12-04T17:58:23.613275+00:00' AIRFLOW_CTX_TRY_NUMBER='1' AIRFLOW_CTX_DAG_RUN_ID='manual__2024-12-04T17:58:23.613275+00:00'
[2024-12-04T17:58:25.695+0000] {taskinstance.py:430} INFO - ::endgroup::
[2024-12-04T17:58:25.696+0000] {subprocess.py:63} INFO - Tmp dir root location: /tmp
[2024-12-04T17:58:25.707+0000] {subprocess.py:75} INFO - Running command: ['/usr/bin/bash', '-c', '/home/***/.local/bin/dbt run --profiles-dir /opt/***/final_dbt --project-dir /opt/***/final_dbt']
[2024-12-04T17:58:25.770+0000] {subprocess.py:86} INFO - Output:
[2024-12-04T17:58:31.054+0000] {subprocess.py:93} INFO - [0m17:58:31  Running with dbt=1.8.7
[2024-12-04T17:58:34.241+0000] {subprocess.py:93} INFO - [0m17:58:34  Registered adapter: snowflake=1.8.4
[2024-12-04T17:58:34.935+0000] {subprocess.py:93} INFO - [0m17:58:34  [[33mWARNING[0m]: Configuration paths exist in your dbt_project.yml file which do not apply to any resources.
[2024-12-04T17:58:34.965+0000] {subprocess.py:93} INFO - There are 1 unused configuration paths:
[2024-12-04T17:58:34.970+0000] {subprocess.py:93} INFO - - models.final_dbt.example
[2024-12-04T17:58:35.913+0000] {subprocess.py:93} INFO - [0m17:58:35  Found 2 snapshots, 3 models, 2 sources, 459 macros
[2024-12-04T17:58:36.003+0000] {subprocess.py:93} INFO - [0m17:58:35
[2024-12-04T17:58:47.354+0000] {subprocess.py:93} INFO - [0m17:58:47  Concurrency: 1 threads (target='dev')
[2024-12-04T17:58:47.384+0000] {subprocess.py:93} INFO - [0m17:58:47
[2024-12-04T17:58:47.497+0000] {subprocess.py:93} INFO - [0m17:58:47  1 of 3 START sql view model analytics.stg_job_listings ......................... [RUN]
[2024-12-04T17:58:50.089+0000] {subprocess.py:93} INFO - [0m17:58:50  1 of 3 OK created sql view model analytics.stg_job_listings .................... [[32mSUCCESS 1[0m in 2.56s]
[2024-12-04T17:58:50.108+0000] {subprocess.py:93} INFO - [0m17:58:50  2 of 3 START sql view model analytics.stg_job_listings_history ................. [RUN]
[2024-12-04T17:58:52.765+0000] {subprocess.py:93} INFO - [0m17:58:52  2 of 3 OK created sql view model analytics.stg_job_listings_history ............ [[32mSUCCESS 1[0m in 2.64s]
[2024-12-04T17:58:52.802+0000] {subprocess.py:93} INFO - [0m17:58:52  3 of 3 START sql table model analytics.job_salary_trends ....................... [RUN]
[2024-12-04T17:58:55.293+0000] {subprocess.py:93} INFO - [0m17:58:55  3 of 3 OK created sql table model analytics.job_salary_trends .................. [[32mSUCCESS 1[0m in 2.46s]
[2024-12-04T17:58:55.312+0000] {subprocess.py:93} INFO - [0m17:58:55
[2024-12-04T17:58:55.323+0000] {subprocess.py:93} INFO - [0m17:58:55  Finished running 2 view models, 1 table model in 0 hours 0 minutes and 19.37 seconds (19.37s).
[2024-12-04T17:58:55.999+0000] {subprocess.py:93} INFO - [0m17:58:55
[2024-12-04T17:58:56.006+0000] {subprocess.py:93} INFO - [0m17:58:55  [32mCompleted successfully[0m
[2024-12-04T17:58:56.007+0000] {subprocess.py:93} INFO - [0m17:58:56
[2024-12-04T17:58:56.009+0000] {subprocess.py:93} INFO - [0m17:58:56  Done. PASS=3 WARN=0 ERROR=0 SKIP=0 TOTAL=3
[2024-12-04T17:58:57.140+0000] {subprocess.py:97} INFO - Command exited with return code 0
[2024-12-04T17:58:57.186+0000] {taskinstance.py:441} INFO - ::group::Post task execution logs
[2024-12-04T17:58:57.455+0000] {taskinstance.py:1206} INFO - Marking task as SUCCESS. dag_id=BuildELT_dbt, task_id=dbt_run, run_id=manual__2024-12-04T17:58:23.613275+00:00, execution_date=20241204T175823, start_date=20241204T175825, end_date=20241204T175857
[2024-12-04T17:58:57.677+0000] {local_task_job_runner.py:240} INFO - Task exited with return code 0
[2024-12-04T17:58:57.739+0000] {taskinstance.py:3498} INFO - 1 downstream tasks scheduled from follow-on schedule check
[2024-12-04T17:58:57.745+0000] {local_task_job_runner.py:222} INFO - ::endgroup::
