[2024-12-03T19:28:11.463+0000] {local_task_job_runner.py:120} INFO - ::group::Pre task execution logs
[2024-12-03T19:28:11.656+0000] {taskinstance.py:2076} INFO - Dependencies all met for dep_context=non-requeueable deps ti=<TaskInstance: BuildELT_dbt.dbt_run manual__2024-12-03T19:27:48.904833+00:00 [queued]>
[2024-12-03T19:28:11.937+0000] {taskinstance.py:2076} INFO - Dependencies all met for dep_context=requeueable deps ti=<TaskInstance: BuildELT_dbt.dbt_run manual__2024-12-03T19:27:48.904833+00:00 [queued]>
[2024-12-03T19:28:11.980+0000] {taskinstance.py:2306} INFO - Starting attempt 1 of 1
[2024-12-03T19:28:12.150+0000] {taskinstance.py:2330} INFO - Executing <Task(BashOperator): dbt_run> on 2024-12-03 19:27:48.904833+00:00
[2024-12-03T19:28:12.253+0000] {warnings.py:110} WARNING - /home/***/.local/lib/python3.12/site-packages/***/task/task_runner/standard_task_runner.py:61: DeprecationWarning: This process (pid=3063) is multi-threaded, use of fork() may lead to deadlocks in the child.
  pid = os.fork()

[2024-12-03T19:28:12.278+0000] {standard_task_runner.py:63} INFO - Started process 3065 to run task
[2024-12-03T19:28:12.289+0000] {standard_task_runner.py:90} INFO - Running: ['***', 'tasks', 'run', 'BuildELT_dbt', 'dbt_run', 'manual__2024-12-03T19:27:48.904833+00:00', '--job-id', '69', '--raw', '--subdir', 'DAGS_FOLDER/build_elt_with_dbt.py', '--cfg-path', '/tmp/tmp0jp03btc']
[2024-12-03T19:28:12.308+0000] {standard_task_runner.py:91} INFO - Job 69: Subtask dbt_run
[2024-12-03T19:28:12.574+0000] {task_command.py:426} INFO - Running <TaskInstance: BuildELT_dbt.dbt_run manual__2024-12-03T19:27:48.904833+00:00 [running]> on host 2adeb2e19af7
[2024-12-03T19:28:12.868+0000] {taskinstance.py:2648} INFO - Exporting env vars: AIRFLOW_CTX_DAG_OWNER='***' AIRFLOW_CTX_DAG_ID='BuildELT_dbt' AIRFLOW_CTX_TASK_ID='dbt_run' AIRFLOW_CTX_EXECUTION_DATE='2024-12-03T19:27:48.904833+00:00' AIRFLOW_CTX_TRY_NUMBER='1' AIRFLOW_CTX_DAG_RUN_ID='manual__2024-12-03T19:27:48.904833+00:00'
[2024-12-03T19:28:12.914+0000] {taskinstance.py:430} INFO - ::endgroup::
[2024-12-03T19:28:12.933+0000] {subprocess.py:63} INFO - Tmp dir root location: /tmp
[2024-12-03T19:28:12.947+0000] {subprocess.py:75} INFO - Running command: ['/usr/bin/bash', '-c', '/home/***/.local/bin/dbt run --profiles-dir /opt/***/final_dbt --project-dir /opt/***/final_dbt']
[2024-12-03T19:28:13.040+0000] {subprocess.py:86} INFO - Output:
[2024-12-03T19:28:20.831+0000] {subprocess.py:93} INFO - [0m19:28:20  Running with dbt=1.8.7
[2024-12-03T19:28:28.957+0000] {subprocess.py:93} INFO - [0m19:28:28  Registered adapter: snowflake=1.8.4
[2024-12-03T19:28:31.891+0000] {subprocess.py:93} INFO - [0m19:28:31  [[33mWARNING[0m]: Configuration paths exist in your dbt_project.yml file which do not apply to any resources.
[2024-12-03T19:28:31.926+0000] {subprocess.py:93} INFO - There are 1 unused configuration paths:
[2024-12-03T19:28:31.938+0000] {subprocess.py:93} INFO - - models.final_dbt.example
[2024-12-03T19:28:33.707+0000] {subprocess.py:93} INFO - [0m19:28:33  Found 2 snapshots, 3 models, 2 sources, 459 macros
[2024-12-03T19:28:33.742+0000] {subprocess.py:93} INFO - [0m19:28:33
[2024-12-03T19:28:39.659+0000] {subprocess.py:93} INFO - [0m19:28:39  Concurrency: 1 threads (target='dev')
[2024-12-03T19:28:39.670+0000] {subprocess.py:93} INFO - [0m19:28:39
[2024-12-03T19:28:39.690+0000] {subprocess.py:93} INFO - [0m19:28:39  1 of 3 START sql view model analytics.stg_job_listings ......................... [RUN]
[2024-12-03T19:28:41.435+0000] {subprocess.py:93} INFO - [0m19:28:41  1 of 3 OK created sql view model analytics.stg_job_listings .................... [[32mSUCCESS 1[0m in 1.73s]
[2024-12-03T19:28:41.442+0000] {subprocess.py:93} INFO - [0m19:28:41  2 of 3 START sql view model analytics.stg_job_listings_history ................. [RUN]
[2024-12-03T19:28:43.087+0000] {subprocess.py:93} INFO - [0m19:28:43  2 of 3 OK created sql view model analytics.stg_job_listings_history ............ [[32mSUCCESS 1[0m in 1.63s]
[2024-12-03T19:28:43.106+0000] {subprocess.py:93} INFO - [0m19:28:43  3 of 3 START sql table model analytics.job_salary_trends ....................... [RUN]
[2024-12-03T19:28:45.953+0000] {subprocess.py:93} INFO - [0m19:28:45  3 of 3 OK created sql table model analytics.job_salary_trends .................. [[32mSUCCESS 1[0m in 2.76s]
[2024-12-03T19:28:46.099+0000] {subprocess.py:93} INFO - [0m19:28:46
[2024-12-03T19:28:46.134+0000] {subprocess.py:93} INFO - [0m19:28:46  Finished running 2 view models, 1 table model in 0 hours 0 minutes and 12.35 seconds (12.35s).
[2024-12-03T19:28:46.565+0000] {subprocess.py:93} INFO - [0m19:28:46
[2024-12-03T19:28:46.567+0000] {subprocess.py:93} INFO - [0m19:28:46  [32mCompleted successfully[0m
[2024-12-03T19:28:46.569+0000] {subprocess.py:93} INFO - [0m19:28:46
[2024-12-03T19:28:46.576+0000] {subprocess.py:93} INFO - [0m19:28:46  Done. PASS=3 WARN=0 ERROR=0 SKIP=0 TOTAL=3
[2024-12-03T19:28:48.761+0000] {subprocess.py:97} INFO - Command exited with return code 0
[2024-12-03T19:28:48.783+0000] {taskinstance.py:441} INFO - ::group::Post task execution logs
[2024-12-03T19:28:48.936+0000] {taskinstance.py:1206} INFO - Marking task as SUCCESS. dag_id=BuildELT_dbt, task_id=dbt_run, run_id=manual__2024-12-03T19:27:48.904833+00:00, execution_date=20241203T192748, start_date=20241203T192811, end_date=20241203T192848
[2024-12-03T19:28:49.120+0000] {local_task_job_runner.py:240} INFO - Task exited with return code 0
[2024-12-03T19:28:49.218+0000] {taskinstance.py:3498} INFO - 1 downstream tasks scheduled from follow-on schedule check
[2024-12-03T19:28:49.220+0000] {local_task_job_runner.py:222} INFO - ::endgroup::
