[2024-11-30T07:20:30.600+0000] {local_task_job_runner.py:120} INFO - ::group::Pre task execution logs
[2024-11-30T07:20:30.719+0000] {taskinstance.py:2066} INFO - Dependencies not met for <TaskInstance: stockprices_v2_decorator.transform scheduled__2024-11-30T06:30:00+00:00 [up_for_retry]>, dependency 'Not In Retry Period' FAILED: Task is not ready for retry yet but will be retried automatically. Current date is 2024-11-30T07:20:30.719305+00:00 and task will be retried at 2024-11-30T07:25:23.742309+00:00.
[2024-11-30T07:20:30.726+0000] {local_task_job_runner.py:163} INFO - Task is not able to be run
[2024-11-30T07:36:37.382+0000] {local_task_job_runner.py:120} INFO - ::group::Pre task execution logs
[2024-11-30T07:36:38.841+0000] {taskinstance.py:2076} INFO - Dependencies all met for dep_context=non-requeueable deps ti=<TaskInstance: stockprices_v2_decorator.transform scheduled__2024-11-30T06:30:00+00:00 [queued]>
[2024-11-30T07:36:38.894+0000] {taskinstance.py:2076} INFO - Dependencies all met for dep_context=requeueable deps ti=<TaskInstance: stockprices_v2_decorator.transform scheduled__2024-11-30T06:30:00+00:00 [queued]>
[2024-11-30T07:36:38.902+0000] {taskinstance.py:2306} INFO - Starting attempt 2 of 2
[2024-11-30T07:36:38.988+0000] {taskinstance.py:2330} INFO - Executing <Task(_PythonDecoratedOperator): transform> on 2024-11-30 06:30:00+00:00
[2024-11-30T07:36:39.084+0000] {warnings.py:110} WARNING - /home/***/.local/lib/python3.12/site-packages/***/task/task_runner/standard_task_runner.py:61: DeprecationWarning: This process (pid=1504) is multi-threaded, use of fork() may lead to deadlocks in the child.
  pid = os.fork()

[2024-11-30T07:36:39.115+0000] {standard_task_runner.py:63} INFO - Started process 1516 to run task
[2024-11-30T07:36:39.110+0000] {standard_task_runner.py:90} INFO - Running: ['***', 'tasks', 'run', 'stockprices_v2_decorator', 'transform', 'scheduled__2024-11-30T06:30:00+00:00', '--job-id', '2861', '--raw', '--subdir', 'DAGS_FOLDER/stockprices_v2_decorator(3).py', '--cfg-path', '/tmp/tmpun3g97xp']
[2024-11-30T07:36:39.150+0000] {standard_task_runner.py:91} INFO - Job 2861: Subtask transform
[2024-11-30T07:36:39.364+0000] {task_command.py:426} INFO - Running <TaskInstance: stockprices_v2_decorator.transform scheduled__2024-11-30T06:30:00+00:00 [running]> on host 3627cdc70e56
[2024-11-30T07:36:40.765+0000] {taskinstance.py:2648} INFO - Exporting env vars: AIRFLOW_CTX_DAG_OWNER='***' AIRFLOW_CTX_DAG_ID='stockprices_v2_decorator' AIRFLOW_CTX_TASK_ID='transform' AIRFLOW_CTX_EXECUTION_DATE='2024-11-30T06:30:00+00:00' AIRFLOW_CTX_TRY_NUMBER='2' AIRFLOW_CTX_DAG_RUN_ID='scheduled__2024-11-30T06:30:00+00:00'
[2024-11-30T07:36:40.805+0000] {taskinstance.py:430} INFO - ::endgroup::
[2024-11-30T07:36:40.842+0000] {logging_mixin.py:188} INFO - Processed Data: []
[2024-11-30T07:36:40.846+0000] {python.py:237} INFO - Done. Returned value was: []
[2024-11-30T07:36:40.848+0000] {taskinstance.py:441} INFO - ::group::Post task execution logs
[2024-11-30T07:36:40.937+0000] {taskinstance.py:1206} INFO - Marking task as SUCCESS. dag_id=stockprices_v2_decorator, task_id=transform, run_id=scheduled__2024-11-30T06:30:00+00:00, execution_date=20241130T063000, start_date=20241130T073638, end_date=20241130T073640
[2024-11-30T07:36:41.062+0000] {local_task_job_runner.py:240} INFO - Task exited with return code 0
[2024-11-30T07:36:41.120+0000] {taskinstance.py:3498} INFO - 1 downstream tasks scheduled from follow-on schedule check
[2024-11-30T07:36:41.134+0000] {local_task_job_runner.py:222} INFO - ::endgroup::
