[2024-12-05T17:25:45.260+0000] {local_task_job_runner.py:120} INFO - ::group::Pre task execution logs
[2024-12-05T17:25:45.307+0000] {taskinstance.py:2076} INFO - Dependencies all met for dep_context=non-requeueable deps ti=<TaskInstance: BuildELT_dbt.dbt_snapshot scheduled__2024-12-04T07:00:00+00:00 [queued]>
[2024-12-05T17:25:45.329+0000] {taskinstance.py:2076} INFO - Dependencies all met for dep_context=requeueable deps ti=<TaskInstance: BuildELT_dbt.dbt_snapshot scheduled__2024-12-04T07:00:00+00:00 [queued]>
[2024-12-05T17:25:45.331+0000] {taskinstance.py:2306} INFO - Starting attempt 1 of 1
[2024-12-05T17:25:45.362+0000] {taskinstance.py:2330} INFO - Executing <Task(BashOperator): dbt_snapshot> on 2024-12-04 07:00:00+00:00
[2024-12-05T17:25:45.381+0000] {warnings.py:110} WARNING - /home/***/.local/lib/python3.12/site-packages/***/task/task_runner/standard_task_runner.py:61: DeprecationWarning: This process (pid=5341) is multi-threaded, use of fork() may lead to deadlocks in the child.
  pid = os.fork()

[2024-12-05T17:25:45.385+0000] {standard_task_runner.py:63} INFO - Started process 5343 to run task
[2024-12-05T17:25:45.388+0000] {standard_task_runner.py:90} INFO - Running: ['***', 'tasks', 'run', 'BuildELT_dbt', 'dbt_snapshot', 'scheduled__2024-12-04T07:00:00+00:00', '--job-id', '120', '--raw', '--subdir', 'DAGS_FOLDER/build_elt_with_dbt.py', '--cfg-path', '/tmp/tmp_hh56wc4']
[2024-12-05T17:25:45.403+0000] {standard_task_runner.py:91} INFO - Job 120: Subtask dbt_snapshot
[2024-12-05T17:25:45.467+0000] {task_command.py:426} INFO - Running <TaskInstance: BuildELT_dbt.dbt_snapshot scheduled__2024-12-04T07:00:00+00:00 [running]> on host 2adeb2e19af7
[2024-12-05T17:25:45.628+0000] {taskinstance.py:2648} INFO - Exporting env vars: AIRFLOW_CTX_DAG_OWNER='***' AIRFLOW_CTX_DAG_ID='BuildELT_dbt' AIRFLOW_CTX_TASK_ID='dbt_snapshot' AIRFLOW_CTX_EXECUTION_DATE='2024-12-04T07:00:00+00:00' AIRFLOW_CTX_TRY_NUMBER='1' AIRFLOW_CTX_DAG_RUN_ID='scheduled__2024-12-04T07:00:00+00:00'
[2024-12-05T17:25:45.649+0000] {taskinstance.py:430} INFO - ::endgroup::
[2024-12-05T17:25:45.657+0000] {subprocess.py:63} INFO - Tmp dir root location: /tmp
[2024-12-05T17:25:45.660+0000] {subprocess.py:75} INFO - Running command: ['/usr/bin/bash', '-c', '/home/***/.local/bin/dbt snapshot --profiles-dir /opt/***/final_dbt --project-dir /opt/***/final_dbt']
[2024-12-05T17:25:45.688+0000] {subprocess.py:86} INFO - Output:
[2024-12-05T17:25:48.609+0000] {subprocess.py:93} INFO - [0m17:25:48  Running with dbt=1.8.7
[2024-12-05T17:25:50.176+0000] {subprocess.py:93} INFO - [0m17:25:50  Registered adapter: snowflake=1.8.4
[2024-12-05T17:25:50.643+0000] {subprocess.py:93} INFO - [0m17:25:50  [[33mWARNING[0m]: Configuration paths exist in your dbt_project.yml file which do not apply to any resources.
[2024-12-05T17:25:50.645+0000] {subprocess.py:93} INFO - There are 1 unused configuration paths:
[2024-12-05T17:25:50.646+0000] {subprocess.py:93} INFO - - models.final_dbt.example
[2024-12-05T17:25:50.844+0000] {subprocess.py:93} INFO - [0m17:25:50  Found 2 snapshots, 3 models, 2 sources, 459 macros
[2024-12-05T17:25:50.850+0000] {subprocess.py:93} INFO - [0m17:25:50
[2024-12-05T17:25:55.661+0000] {subprocess.py:93} INFO - [0m17:25:55  Concurrency: 1 threads (target='dev')
[2024-12-05T17:25:55.670+0000] {subprocess.py:93} INFO - [0m17:25:55
[2024-12-05T17:25:55.682+0000] {subprocess.py:93} INFO - [0m17:25:55  1 of 2 START snapshot snapshot.job_listings_snapshot ........................... [RUN]
[2024-12-05T17:26:00.503+0000] {subprocess.py:93} INFO - [0m17:26:00  1 of 2 OK snapshotted snapshot.job_listings_snapshot ........................... [[32mSUCCESS 0[0m in 4.80s]
[2024-12-05T17:26:00.514+0000] {subprocess.py:93} INFO - [0m17:26:00  2 of 2 START snapshot snapshot.test_snapshot ................................... [RUN]
[2024-12-05T17:26:05.982+0000] {subprocess.py:93} INFO - [0m17:26:05  2 of 2 OK snapshotted snapshot.test_snapshot ................................... [[32mSUCCESS 2[0m in 5.45s]
[2024-12-05T17:26:05.994+0000] {subprocess.py:93} INFO - [0m17:26:05
[2024-12-05T17:26:05.996+0000] {subprocess.py:93} INFO - [0m17:26:05  Finished running 2 snapshots in 0 hours 0 minutes and 15.14 seconds (15.14s).
[2024-12-05T17:26:06.089+0000] {subprocess.py:93} INFO - [0m17:26:06
[2024-12-05T17:26:06.091+0000] {subprocess.py:93} INFO - [0m17:26:06  [32mCompleted successfully[0m
[2024-12-05T17:26:06.092+0000] {subprocess.py:93} INFO - [0m17:26:06
[2024-12-05T17:26:06.095+0000] {subprocess.py:93} INFO - [0m17:26:06  Done. PASS=2 WARN=0 ERROR=0 SKIP=0 TOTAL=2
[2024-12-05T17:26:07.421+0000] {subprocess.py:97} INFO - Command exited with return code 0
[2024-12-05T17:26:07.437+0000] {taskinstance.py:441} INFO - ::group::Post task execution logs
[2024-12-05T17:26:07.520+0000] {taskinstance.py:1206} INFO - Marking task as SUCCESS. dag_id=BuildELT_dbt, task_id=dbt_snapshot, run_id=scheduled__2024-12-04T07:00:00+00:00, execution_date=20241204T070000, start_date=20241205T172545, end_date=20241205T172607
[2024-12-05T17:26:07.597+0000] {local_task_job_runner.py:240} INFO - Task exited with return code 0
[2024-12-05T17:26:07.651+0000] {local_task_job_runner.py:222} INFO - ::endgroup::
