[2024-12-05T23:23:41.270+0000] {local_task_job_runner.py:120} INFO - ::group::Pre task execution logs
[2024-12-05T23:23:41.295+0000] {taskinstance.py:2076} INFO - Dependencies all met for dep_context=non-requeueable deps ti=<TaskInstance: BuildELT_dbt.dbt_run manual__2024-12-05T23:23:38.939631+00:00 [queued]>
[2024-12-05T23:23:41.303+0000] {taskinstance.py:2076} INFO - Dependencies all met for dep_context=requeueable deps ti=<TaskInstance: BuildELT_dbt.dbt_run manual__2024-12-05T23:23:38.939631+00:00 [queued]>
[2024-12-05T23:23:41.307+0000] {taskinstance.py:2306} INFO - Starting attempt 1 of 1
[2024-12-05T23:23:41.325+0000] {taskinstance.py:2330} INFO - Executing <Task(BashOperator): dbt_run> on 2024-12-05 23:23:38.939631+00:00
[2024-12-05T23:23:41.340+0000] {warnings.py:110} WARNING - /home/***/.local/lib/python3.12/site-packages/***/task/task_runner/standard_task_runner.py:61: DeprecationWarning: This process (pid=1006) is multi-threaded, use of fork() may lead to deadlocks in the child.
  pid = os.fork()

[2024-12-05T23:23:41.350+0000] {standard_task_runner.py:63} INFO - Started process 1008 to run task
[2024-12-05T23:23:41.348+0000] {standard_task_runner.py:90} INFO - Running: ['***', 'tasks', 'run', 'BuildELT_dbt', 'dbt_run', 'manual__2024-12-05T23:23:38.939631+00:00', '--job-id', '45', '--raw', '--subdir', 'DAGS_FOLDER/build_elt_with_dbt.py', '--cfg-path', '/tmp/tmpu8axe4ng']
[2024-12-05T23:23:41.362+0000] {standard_task_runner.py:91} INFO - Job 45: Subtask dbt_run
[2024-12-05T23:23:41.429+0000] {task_command.py:426} INFO - Running <TaskInstance: BuildELT_dbt.dbt_run manual__2024-12-05T23:23:38.939631+00:00 [running]> on host 1ed1f547130e
[2024-12-05T23:23:41.479+0000] {taskinstance.py:2648} INFO - Exporting env vars: AIRFLOW_CTX_DAG_OWNER='***' AIRFLOW_CTX_DAG_ID='BuildELT_dbt' AIRFLOW_CTX_TASK_ID='dbt_run' AIRFLOW_CTX_EXECUTION_DATE='2024-12-05T23:23:38.939631+00:00' AIRFLOW_CTX_TRY_NUMBER='1' AIRFLOW_CTX_DAG_RUN_ID='manual__2024-12-05T23:23:38.939631+00:00'
[2024-12-05T23:23:41.482+0000] {taskinstance.py:430} INFO - ::endgroup::
[2024-12-05T23:23:41.485+0000] {subprocess.py:63} INFO - Tmp dir root location: /tmp
[2024-12-05T23:23:41.487+0000] {subprocess.py:75} INFO - Running command: ['/usr/bin/bash', '-c', '/home/***/.local/bin/dbt run --profiles-dir /opt/***/final_dbt --project-dir /opt/***/final_dbt']
[2024-12-05T23:23:41.504+0000] {subprocess.py:86} INFO - Output:
[2024-12-05T23:23:43.498+0000] {subprocess.py:93} INFO - [0m23:23:43  Running with dbt=1.8.7
[2024-12-05T23:23:44.701+0000] {subprocess.py:93} INFO - [0m23:23:44  Registered adapter: snowflake=1.8.4
[2024-12-05T23:23:45.133+0000] {subprocess.py:93} INFO - [0m23:23:45  [[33mWARNING[0m]: Configuration paths exist in your dbt_project.yml file which do not apply to any resources.
[2024-12-05T23:23:45.134+0000] {subprocess.py:93} INFO - There are 1 unused configuration paths:
[2024-12-05T23:23:45.135+0000] {subprocess.py:93} INFO - - models.final_dbt.example
[2024-12-05T23:23:45.343+0000] {subprocess.py:93} INFO - [0m23:23:45  Found 2 snapshots, 3 models, 2 sources, 459 macros
[2024-12-05T23:23:45.349+0000] {subprocess.py:93} INFO - [0m23:23:45
[2024-12-05T23:23:50.700+0000] {subprocess.py:93} INFO - [0m23:23:50  Concurrency: 1 threads (target='dev')
[2024-12-05T23:23:50.733+0000] {subprocess.py:93} INFO - [0m23:23:50
[2024-12-05T23:23:50.788+0000] {subprocess.py:93} INFO - [0m23:23:50  1 of 3 START sql view model analytics.stg_job_listings ......................... [RUN]
[2024-12-05T23:23:52.740+0000] {subprocess.py:93} INFO - [0m23:23:52  1 of 3 OK created sql view model analytics.stg_job_listings .................... [[32mSUCCESS 1[0m in 1.93s]
[2024-12-05T23:23:52.752+0000] {subprocess.py:93} INFO - [0m23:23:52  2 of 3 START sql view model analytics.stg_job_listings_history ................. [RUN]
[2024-12-05T23:23:54.392+0000] {subprocess.py:93} INFO - [0m23:23:54  2 of 3 OK created sql view model analytics.stg_job_listings_history ............ [[32mSUCCESS 1[0m in 1.63s]
[2024-12-05T23:23:54.406+0000] {subprocess.py:93} INFO - [0m23:23:54  3 of 3 START sql table model analytics.job_salary_trends ....................... [RUN]
[2024-12-05T23:23:56.473+0000] {subprocess.py:93} INFO - [0m23:23:56  3 of 3 OK created sql table model analytics.job_salary_trends .................. [[32mSUCCESS 1[0m in 2.06s]
[2024-12-05T23:23:56.492+0000] {subprocess.py:93} INFO - [0m23:23:56
[2024-12-05T23:23:56.499+0000] {subprocess.py:93} INFO - [0m23:23:56  Finished running 2 view models, 1 table model in 0 hours 0 minutes and 11.14 seconds (11.14s).
[2024-12-05T23:23:56.627+0000] {subprocess.py:93} INFO - [0m23:23:56
[2024-12-05T23:23:56.630+0000] {subprocess.py:93} INFO - [0m23:23:56  [32mCompleted successfully[0m
[2024-12-05T23:23:56.632+0000] {subprocess.py:93} INFO - [0m23:23:56
[2024-12-05T23:23:56.634+0000] {subprocess.py:93} INFO - [0m23:23:56  Done. PASS=3 WARN=0 ERROR=0 SKIP=0 TOTAL=3
[2024-12-05T23:23:57.752+0000] {subprocess.py:97} INFO - Command exited with return code 0
[2024-12-05T23:23:57.762+0000] {taskinstance.py:441} INFO - ::group::Post task execution logs
[2024-12-05T23:23:57.844+0000] {taskinstance.py:1206} INFO - Marking task as SUCCESS. dag_id=BuildELT_dbt, task_id=dbt_run, run_id=manual__2024-12-05T23:23:38.939631+00:00, execution_date=20241205T232338, start_date=20241205T232341, end_date=20241205T232357
[2024-12-05T23:23:57.941+0000] {local_task_job_runner.py:240} INFO - Task exited with return code 0
[2024-12-05T23:23:58.002+0000] {taskinstance.py:3498} INFO - 1 downstream tasks scheduled from follow-on schedule check
[2024-12-05T23:23:58.006+0000] {local_task_job_runner.py:222} INFO - ::endgroup::
