[2024-12-04T19:53:53.952+0000] {local_task_job_runner.py:120} INFO - ::group::Pre task execution logs
[2024-12-04T19:53:53.965+0000] {taskinstance.py:2076} INFO - Dependencies all met for dep_context=non-requeueable deps ti=<TaskInstance: BuildELT_dbt.dbt_snapshot scheduled__2024-12-03T06:00:00+00:00 [queued]>
[2024-12-04T19:53:53.970+0000] {taskinstance.py:2076} INFO - Dependencies all met for dep_context=requeueable deps ti=<TaskInstance: BuildELT_dbt.dbt_snapshot scheduled__2024-12-03T06:00:00+00:00 [queued]>
[2024-12-04T19:53:53.971+0000] {taskinstance.py:2306} INFO - Starting attempt 1 of 1
[2024-12-04T19:53:53.978+0000] {taskinstance.py:2330} INFO - Executing <Task(BashOperator): dbt_snapshot> on 2024-12-03 06:00:00+00:00
[2024-12-04T19:53:53.984+0000] {warnings.py:110} WARNING - /home/***/.local/lib/python3.12/site-packages/***/task/task_runner/standard_task_runner.py:61: DeprecationWarning: This process (pid=222) is multi-threaded, use of fork() may lead to deadlocks in the child.
  pid = os.fork()

[2024-12-04T19:53:53.985+0000] {standard_task_runner.py:63} INFO - Started process 224 to run task
[2024-12-04T19:53:53.986+0000] {standard_task_runner.py:90} INFO - Running: ['***', 'tasks', 'run', 'BuildELT_dbt', 'dbt_snapshot', 'scheduled__2024-12-03T06:00:00+00:00', '--job-id', '99', '--raw', '--subdir', 'DAGS_FOLDER/build_elt_with_dbt.py', '--cfg-path', '/tmp/tmpdklj11xa']
[2024-12-04T19:53:53.989+0000] {standard_task_runner.py:91} INFO - Job 99: Subtask dbt_snapshot
[2024-12-04T19:53:54.021+0000] {task_command.py:426} INFO - Running <TaskInstance: BuildELT_dbt.dbt_snapshot scheduled__2024-12-03T06:00:00+00:00 [running]> on host 2adeb2e19af7
[2024-12-04T19:53:54.068+0000] {taskinstance.py:2648} INFO - Exporting env vars: AIRFLOW_CTX_DAG_OWNER='***' AIRFLOW_CTX_DAG_ID='BuildELT_dbt' AIRFLOW_CTX_TASK_ID='dbt_snapshot' AIRFLOW_CTX_EXECUTION_DATE='2024-12-03T06:00:00+00:00' AIRFLOW_CTX_TRY_NUMBER='1' AIRFLOW_CTX_DAG_RUN_ID='scheduled__2024-12-03T06:00:00+00:00'
[2024-12-04T19:53:54.071+0000] {taskinstance.py:430} INFO - ::endgroup::
[2024-12-04T19:53:54.072+0000] {subprocess.py:63} INFO - Tmp dir root location: /tmp
[2024-12-04T19:53:54.073+0000] {subprocess.py:75} INFO - Running command: ['/usr/bin/bash', '-c', '/home/***/.local/bin/dbt snapshot --profiles-dir /opt/***/final_dbt --project-dir /opt/***/final_dbt']
[2024-12-04T19:53:54.083+0000] {subprocess.py:86} INFO - Output:
[2024-12-04T19:53:55.425+0000] {subprocess.py:93} INFO - [0m19:53:55  Running with dbt=1.8.7
[2024-12-04T19:53:56.161+0000] {subprocess.py:93} INFO - [0m19:53:56  Registered adapter: snowflake=1.8.4
[2024-12-04T19:53:56.660+0000] {subprocess.py:93} INFO - [0m19:53:56  [[33mWARNING[0m]: Configuration paths exist in your dbt_project.yml file which do not apply to any resources.
[2024-12-04T19:53:56.692+0000] {subprocess.py:93} INFO - There are 1 unused configuration paths:
[2024-12-04T19:53:56.710+0000] {subprocess.py:93} INFO - - models.final_dbt.example
[2024-12-04T19:53:56.908+0000] {subprocess.py:93} INFO - [0m19:53:56  Found 2 snapshots, 3 models, 2 sources, 459 macros
[2024-12-04T19:53:56.914+0000] {subprocess.py:93} INFO - [0m19:53:56
[2024-12-04T19:54:01.766+0000] {subprocess.py:93} INFO - [0m19:54:01  Concurrency: 1 threads (target='dev')
[2024-12-04T19:54:01.780+0000] {subprocess.py:93} INFO - [0m19:54:01
[2024-12-04T19:54:01.810+0000] {subprocess.py:93} INFO - [0m19:54:01  1 of 2 START snapshot snapshot.job_listings_snapshot ........................... [RUN]
[2024-12-04T19:54:07.529+0000] {subprocess.py:93} INFO - [0m19:54:07  1 of 2 OK snapshotted snapshot.job_listings_snapshot ........................... [[32mSUCCESS 0[0m in 5.70s]
[2024-12-04T19:54:07.535+0000] {subprocess.py:93} INFO - [0m19:54:07  2 of 2 START snapshot snapshot.test_snapshot ................................... [RUN]
[2024-12-04T19:54:13.779+0000] {subprocess.py:93} INFO - [0m19:54:13  2 of 2 OK snapshotted snapshot.test_snapshot ................................... [[32mSUCCESS 2[0m in 6.24s]
[2024-12-04T19:54:13.798+0000] {subprocess.py:93} INFO - [0m19:54:13
[2024-12-04T19:54:13.801+0000] {subprocess.py:93} INFO - [0m19:54:13  Finished running 2 snapshots in 0 hours 0 minutes and 16.88 seconds (16.88s).
[2024-12-04T19:54:13.907+0000] {subprocess.py:93} INFO - [0m19:54:13
[2024-12-04T19:54:13.909+0000] {subprocess.py:93} INFO - [0m19:54:13  [32mCompleted successfully[0m
[2024-12-04T19:54:13.911+0000] {subprocess.py:93} INFO - [0m19:54:13
[2024-12-04T19:54:13.913+0000] {subprocess.py:93} INFO - [0m19:54:13  Done. PASS=2 WARN=0 ERROR=0 SKIP=0 TOTAL=2
[2024-12-04T19:54:14.736+0000] {subprocess.py:97} INFO - Command exited with return code 0
[2024-12-04T19:54:14.740+0000] {taskinstance.py:441} INFO - ::group::Post task execution logs
[2024-12-04T19:54:14.779+0000] {taskinstance.py:1206} INFO - Marking task as SUCCESS. dag_id=BuildELT_dbt, task_id=dbt_snapshot, run_id=scheduled__2024-12-03T06:00:00+00:00, execution_date=20241203T060000, start_date=20241204T195353, end_date=20241204T195414
[2024-12-04T19:54:14.833+0000] {local_task_job_runner.py:240} INFO - Task exited with return code 0
[2024-12-04T19:54:14.857+0000] {taskinstance.py:3498} INFO - 0 downstream tasks scheduled from follow-on schedule check
[2024-12-04T19:54:14.860+0000] {local_task_job_runner.py:222} INFO - ::endgroup::
