[2024-12-01T21:42:29.323+0000] {local_task_job_runner.py:120} INFO - ::group::Pre task execution logs
[2024-12-01T21:42:29.475+0000] {taskinstance.py:2076} INFO - Dependencies all met for dep_context=non-requeueable deps ti=<TaskInstance: stockprices_v2_decorator.transform__1 scheduled__2024-12-01T20:40:00+00:00 [queued]>
[2024-12-01T21:42:29.492+0000] {taskinstance.py:2076} INFO - Dependencies all met for dep_context=requeueable deps ti=<TaskInstance: stockprices_v2_decorator.transform__1 scheduled__2024-12-01T20:40:00+00:00 [queued]>
[2024-12-01T21:42:29.495+0000] {taskinstance.py:2306} INFO - Starting attempt 1 of 2
[2024-12-01T21:42:29.564+0000] {taskinstance.py:2330} INFO - Executing <Task(_PythonDecoratedOperator): transform__1> on 2024-12-01 20:40:00+00:00
[2024-12-01T21:42:29.605+0000] {warnings.py:110} WARNING - /home/***/.local/lib/python3.12/site-packages/***/task/task_runner/standard_task_runner.py:61: DeprecationWarning: This process (pid=20139) is multi-threaded, use of fork() may lead to deadlocks in the child.
  pid = os.fork()

[2024-12-01T21:42:29.652+0000] {standard_task_runner.py:63} INFO - Started process 20148 to run task
[2024-12-01T21:42:29.673+0000] {standard_task_runner.py:90} INFO - Running: ['***', 'tasks', 'run', 'stockprices_v2_decorator', 'transform__1', 'scheduled__2024-12-01T20:40:00+00:00', '--job-id', '3912', '--raw', '--subdir', 'DAGS_FOLDER/stockprices_v2_decorator(3).py', '--cfg-path', '/tmp/tmpnj691a8h']
[2024-12-01T21:42:29.686+0000] {standard_task_runner.py:91} INFO - Job 3912: Subtask transform__1
[2024-12-01T21:42:30.016+0000] {task_command.py:426} INFO - Running <TaskInstance: stockprices_v2_decorator.transform__1 scheduled__2024-12-01T20:40:00+00:00 [running]> on host 3627cdc70e56
[2024-12-01T21:42:30.371+0000] {taskinstance.py:2648} INFO - Exporting env vars: AIRFLOW_CTX_DAG_OWNER='***' AIRFLOW_CTX_DAG_ID='stockprices_v2_decorator' AIRFLOW_CTX_TASK_ID='transform__1' AIRFLOW_CTX_EXECUTION_DATE='2024-12-01T20:40:00+00:00' AIRFLOW_CTX_TRY_NUMBER='1' AIRFLOW_CTX_DAG_RUN_ID='scheduled__2024-12-01T20:40:00+00:00'
[2024-12-01T21:42:30.385+0000] {taskinstance.py:430} INFO - ::endgroup::
[2024-12-01T21:42:30.399+0000] {logging_mixin.py:188} INFO - Processed Data: []
[2024-12-01T21:42:30.400+0000] {python.py:237} INFO - Done. Returned value was: []
[2024-12-01T21:42:30.402+0000] {taskinstance.py:441} INFO - ::group::Post task execution logs
[2024-12-01T21:42:30.510+0000] {taskinstance.py:1206} INFO - Marking task as SUCCESS. dag_id=stockprices_v2_decorator, task_id=transform__1, run_id=scheduled__2024-12-01T20:40:00+00:00, execution_date=20241201T204000, start_date=20241201T214229, end_date=20241201T214230
[2024-12-01T21:42:30.630+0000] {local_task_job_runner.py:240} INFO - Task exited with return code 0
[2024-12-01T21:42:30.774+0000] {taskinstance.py:3498} INFO - 1 downstream tasks scheduled from follow-on schedule check
[2024-12-01T21:42:30.791+0000] {local_task_job_runner.py:222} INFO - ::endgroup::
