[2024-12-01T01:00:07.726+0000] {local_task_job_runner.py:120} INFO - ::group::Pre task execution logs
[2024-12-01T01:00:07.763+0000] {taskinstance.py:2076} INFO - Dependencies all met for dep_context=non-requeueable deps ti=<TaskInstance: stockprices_v2_decorator.transform scheduled__2024-12-01T00:50:00+00:00 [queued]>
[2024-12-01T01:00:07.769+0000] {taskinstance.py:2076} INFO - Dependencies all met for dep_context=requeueable deps ti=<TaskInstance: stockprices_v2_decorator.transform scheduled__2024-12-01T00:50:00+00:00 [queued]>
[2024-12-01T01:00:07.770+0000] {taskinstance.py:2306} INFO - Starting attempt 1 of 2
[2024-12-01T01:00:07.779+0000] {taskinstance.py:2330} INFO - Executing <Task(_PythonDecoratedOperator): transform> on 2024-12-01 00:50:00+00:00
[2024-12-01T01:00:07.802+0000] {warnings.py:110} WARNING - /home/***/.local/lib/python3.12/site-packages/***/task/task_runner/standard_task_runner.py:61: DeprecationWarning: This process (pid=5448) is multi-threaded, use of fork() may lead to deadlocks in the child.
  pid = os.fork()

[2024-12-01T01:00:07.808+0000] {standard_task_runner.py:63} INFO - Started process 5451 to run task
[2024-12-01T01:00:07.810+0000] {standard_task_runner.py:90} INFO - Running: ['***', 'tasks', 'run', 'stockprices_v2_decorator', 'transform', 'scheduled__2024-12-01T00:50:00+00:00', '--job-id', '3117', '--raw', '--subdir', 'DAGS_FOLDER/stockprices_v2_decorator(3).py', '--cfg-path', '/tmp/tmpqyy5vhht']
[2024-12-01T01:00:07.814+0000] {standard_task_runner.py:91} INFO - Job 3117: Subtask transform
[2024-12-01T01:00:07.862+0000] {task_command.py:426} INFO - Running <TaskInstance: stockprices_v2_decorator.transform scheduled__2024-12-01T00:50:00+00:00 [running]> on host 3627cdc70e56
[2024-12-01T01:00:07.939+0000] {taskinstance.py:2648} INFO - Exporting env vars: AIRFLOW_CTX_DAG_OWNER='***' AIRFLOW_CTX_DAG_ID='stockprices_v2_decorator' AIRFLOW_CTX_TASK_ID='transform' AIRFLOW_CTX_EXECUTION_DATE='2024-12-01T00:50:00+00:00' AIRFLOW_CTX_TRY_NUMBER='1' AIRFLOW_CTX_DAG_RUN_ID='scheduled__2024-12-01T00:50:00+00:00'
[2024-12-01T01:00:07.941+0000] {taskinstance.py:430} INFO - ::endgroup::
[2024-12-01T01:00:07.943+0000] {logging_mixin.py:188} INFO - Processed Data: []
[2024-12-01T01:00:07.949+0000] {python.py:237} INFO - Done. Returned value was: []
[2024-12-01T01:00:07.950+0000] {taskinstance.py:441} INFO - ::group::Post task execution logs
[2024-12-01T01:00:07.969+0000] {taskinstance.py:1206} INFO - Marking task as SUCCESS. dag_id=stockprices_v2_decorator, task_id=transform, run_id=scheduled__2024-12-01T00:50:00+00:00, execution_date=20241201T005000, start_date=20241201T010007, end_date=20241201T010007
[2024-12-01T01:00:07.989+0000] {local_task_job_runner.py:240} INFO - Task exited with return code 0
[2024-12-01T01:00:08.005+0000] {taskinstance.py:3498} INFO - 1 downstream tasks scheduled from follow-on schedule check
[2024-12-01T01:00:08.008+0000] {local_task_job_runner.py:222} INFO - ::endgroup::
