[2024-12-02T06:11:53.675+0000] {local_task_job_runner.py:120} INFO - ::group::Pre task execution logs
[2024-12-02T06:11:53.714+0000] {taskinstance.py:2076} INFO - Dependencies all met for dep_context=non-requeueable deps ti=<TaskInstance: BuildELT_dbt.dbt_run manual__2024-12-02T06:11:47.454556+00:00 [queued]>
[2024-12-02T06:11:53.744+0000] {taskinstance.py:2076} INFO - Dependencies all met for dep_context=requeueable deps ti=<TaskInstance: BuildELT_dbt.dbt_run manual__2024-12-02T06:11:47.454556+00:00 [queued]>
[2024-12-02T06:11:53.747+0000] {taskinstance.py:2306} INFO - Starting attempt 1 of 1
[2024-12-02T06:11:53.766+0000] {taskinstance.py:2330} INFO - Executing <Task(BashOperator): dbt_run> on 2024-12-02 06:11:47.454556+00:00
[2024-12-02T06:11:53.805+0000] {warnings.py:110} WARNING - /home/***/.local/lib/python3.12/site-packages/***/task/task_runner/standard_task_runner.py:61: DeprecationWarning: This process (pid=299) is multi-threaded, use of fork() may lead to deadlocks in the child.
  pid = os.fork()

[2024-12-02T06:11:53.810+0000] {standard_task_runner.py:63} INFO - Started process 301 to run task
[2024-12-02T06:11:53.809+0000] {standard_task_runner.py:90} INFO - Running: ['***', 'tasks', 'run', 'BuildELT_dbt', 'dbt_run', 'manual__2024-12-02T06:11:47.454556+00:00', '--job-id', '6', '--raw', '--subdir', 'DAGS_FOLDER/build_elt_with_dbt.py', '--cfg-path', '/tmp/tmpnseu8tm6']
[2024-12-02T06:11:53.820+0000] {standard_task_runner.py:91} INFO - Job 6: Subtask dbt_run
[2024-12-02T06:11:53.944+0000] {task_command.py:426} INFO - Running <TaskInstance: BuildELT_dbt.dbt_run manual__2024-12-02T06:11:47.454556+00:00 [running]> on host 196076bc5f60
[2024-12-02T06:11:54.068+0000] {taskinstance.py:2648} INFO - Exporting env vars: AIRFLOW_CTX_DAG_OWNER='***' AIRFLOW_CTX_DAG_ID='BuildELT_dbt' AIRFLOW_CTX_TASK_ID='dbt_run' AIRFLOW_CTX_EXECUTION_DATE='2024-12-02T06:11:47.454556+00:00' AIRFLOW_CTX_TRY_NUMBER='1' AIRFLOW_CTX_DAG_RUN_ID='manual__2024-12-02T06:11:47.454556+00:00'
[2024-12-02T06:11:54.074+0000] {taskinstance.py:430} INFO - ::endgroup::
[2024-12-02T06:11:54.079+0000] {subprocess.py:63} INFO - Tmp dir root location: /tmp
[2024-12-02T06:11:54.081+0000] {subprocess.py:75} INFO - Running command: ['/usr/bin/bash', '-c', '/home/***/.local/bin/dbt run --profiles-dir /opt/***/final_dbt --project-dir /opt/***/final_dbt']
[2024-12-02T06:11:54.118+0000] {subprocess.py:86} INFO - Output:
[2024-12-02T06:11:56.091+0000] {subprocess.py:93} INFO - [0m06:11:56  Running with dbt=1.8.7
[2024-12-02T06:11:57.197+0000] {subprocess.py:93} INFO - [0m06:11:57  Registered adapter: snowflake=1.8.4
[2024-12-02T06:11:58.300+0000] {subprocess.py:93} INFO - [0m06:11:58  Unable to do partial parsing because profile has changed
[2024-12-02T06:12:00.431+0000] {subprocess.py:93} INFO - [0m06:12:00  [[33mWARNING[0m]: Configuration paths exist in your dbt_project.yml file which do not apply to any resources.
[2024-12-02T06:12:00.440+0000] {subprocess.py:93} INFO - There are 1 unused configuration paths:
[2024-12-02T06:12:00.443+0000] {subprocess.py:93} INFO - - models.final_dbt.example
[2024-12-02T06:12:00.645+0000] {subprocess.py:93} INFO - [0m06:12:00  Found 4 models, 1 snapshot, 2 sources, 459 macros
[2024-12-02T06:12:00.653+0000] {subprocess.py:93} INFO - [0m06:12:00
[2024-12-02T06:12:06.031+0000] {subprocess.py:93} INFO - [0m06:12:06  Concurrency: 1 threads (target='dev')
[2024-12-02T06:12:06.045+0000] {subprocess.py:93} INFO - [0m06:12:06
[2024-12-02T06:12:06.080+0000] {subprocess.py:93} INFO - [0m06:12:06  1 of 4 START sql view model analytics.job_salary_trends ........................ [RUN]
[2024-12-02T06:12:08.007+0000] {subprocess.py:93} INFO - [0m06:12:08  1 of 4 OK created sql view model analytics.job_salary_trends ................... [[32mSUCCESS 1[0m in 1.90s]
[2024-12-02T06:12:08.035+0000] {subprocess.py:93} INFO - [0m06:12:08  2 of 4 START sql view model analytics.stg_job_listings ......................... [RUN]
[2024-12-02T06:12:10.464+0000] {subprocess.py:93} INFO - [0m06:12:10  2 of 4 OK created sql view model analytics.stg_job_listings .................... [[32mSUCCESS 1[0m in 2.42s]
[2024-12-02T06:12:10.479+0000] {subprocess.py:93} INFO - [0m06:12:10  3 of 4 START sql view model analytics.stg_job_listings_history ................. [RUN]
[2024-12-02T06:12:12.293+0000] {subprocess.py:93} INFO - [0m06:12:12  3 of 4 OK created sql view model analytics.stg_job_listings_history ............ [[32mSUCCESS 1[0m in 1.79s]
[2024-12-02T06:12:12.343+0000] {subprocess.py:93} INFO - [0m06:12:12  4 of 4 START sql table model analytics.job_salary_analysis ..................... [RUN]
[2024-12-02T06:12:14.990+0000] {subprocess.py:93} INFO - [0m06:12:14  4 of 4 OK created sql table model analytics.job_salary_analysis ................ [[32mSUCCESS 1[0m in 2.65s]
[2024-12-02T06:12:15.011+0000] {subprocess.py:93} INFO - [0m06:12:15
[2024-12-02T06:12:15.017+0000] {subprocess.py:93} INFO - [0m06:12:15  Finished running 3 view models, 1 table model in 0 hours 0 minutes and 14.35 seconds (14.35s).
[2024-12-02T06:12:15.179+0000] {subprocess.py:93} INFO - [0m06:12:15
[2024-12-02T06:12:15.185+0000] {subprocess.py:93} INFO - [0m06:12:15  [32mCompleted successfully[0m
[2024-12-02T06:12:15.187+0000] {subprocess.py:93} INFO - [0m06:12:15
[2024-12-02T06:12:15.188+0000] {subprocess.py:93} INFO - [0m06:12:15  Done. PASS=4 WARN=0 ERROR=0 SKIP=0 TOTAL=4
[2024-12-02T06:12:16.204+0000] {subprocess.py:97} INFO - Command exited with return code 0
[2024-12-02T06:12:16.215+0000] {taskinstance.py:441} INFO - ::group::Post task execution logs
[2024-12-02T06:12:16.288+0000] {taskinstance.py:1206} INFO - Marking task as SUCCESS. dag_id=BuildELT_dbt, task_id=dbt_run, run_id=manual__2024-12-02T06:11:47.454556+00:00, execution_date=20241202T061147, start_date=20241202T061153, end_date=20241202T061216
[2024-12-02T06:12:16.352+0000] {local_task_job_runner.py:240} INFO - Task exited with return code 0
[2024-12-02T06:12:16.405+0000] {taskinstance.py:3498} INFO - 1 downstream tasks scheduled from follow-on schedule check
[2024-12-02T06:12:16.408+0000] {local_task_job_runner.py:222} INFO - ::endgroup::
